{"C:\\Users\\HP\\Documents\\Next-Scene\\frontend\\react\\src\\App.jsx": {"path":"C:\\Users\\HP\\Documents\\Next-Scene\\frontend\\react\\src\\App.jsx","statementMap":{"0":{"start":{"line":25,"column":23},"end":{"line":41,"column":1}},"1":{"start":{"line":26,"column":28},"end":{"line":26,"column":37}},"2":{"start":{"line":28,"column":2},"end":{"line":34,"column":3}},"3":{"start":{"line":29,"column":4},"end":{"line":33,"column":6}},"4":{"start":{"line":36,"column":2},"end":{"line":38,"column":3}},"5":{"start":{"line":37,"column":4},"end":{"line":37,"column":45}},"6":{"start":{"line":40,"column":2},"end":{"line":40,"column":18}},"7":{"start":{"line":44,"column":19},"end":{"line":64,"column":1}},"8":{"start":{"line":45,"column":28},"end":{"line":45,"column":37}},"9":{"start":{"line":47,"column":2},"end":{"line":53,"column":3}},"10":{"start":{"line":48,"column":4},"end":{"line":52,"column":6}},"11":{"start":{"line":55,"column":2},"end":{"line":57,"column":3}},"12":{"start":{"line":56,"column":4},"end":{"line":56,"column":45}},"13":{"start":{"line":59,"column":2},"end":{"line":61,"column":3}},"14":{"start":{"line":60,"column":4},"end":{"line":60,"column":39}},"15":{"start":{"line":63,"column":2},"end":{"line":63,"column":18}},"16":{"start":{"line":67,"column":2},"end":{"line":149,"column":4}}},"fnMap":{"0":{"name":"(anonymous_0)","decl":{"start":{"line":25,"column":23},"end":{"line":25,"column":24}},"loc":{"start":{"line":25,"column":41},"end":{"line":41,"column":1}},"line":25},"1":{"name":"(anonymous_1)","decl":{"start":{"line":44,"column":19},"end":{"line":44,"column":20}},"loc":{"start":{"line":44,"column":37},"end":{"line":64,"column":1}},"line":44},"2":{"name":"App","decl":{"start":{"line":66,"column":9},"end":{"line":66,"column":12}},"loc":{"start":{"line":66,"column":15},"end":{"line":150,"column":1}},"line":66}},"branchMap":{"0":{"loc":{"start":{"line":28,"column":2},"end":{"line":34,"column":3}},"type":"if","locations":[{"start":{"line":28,"column":2},"end":{"line":34,"column":3}},{"start":{},"end":{}}],"line":28},"1":{"loc":{"start":{"line":36,"column":2},"end":{"line":38,"column":3}},"type":"if","locations":[{"start":{"line":36,"column":2},"end":{"line":38,"column":3}},{"start":{},"end":{}}],"line":36},"2":{"loc":{"start":{"line":47,"column":2},"end":{"line":53,"column":3}},"type":"if","locations":[{"start":{"line":47,"column":2},"end":{"line":53,"column":3}},{"start":{},"end":{}}],"line":47},"3":{"loc":{"start":{"line":55,"column":2},"end":{"line":57,"column":3}},"type":"if","locations":[{"start":{"line":55,"column":2},"end":{"line":57,"column":3}},{"start":{},"end":{}}],"line":55},"4":{"loc":{"start":{"line":59,"column":2},"end":{"line":61,"column":3}},"type":"if","locations":[{"start":{"line":59,"column":2},"end":{"line":61,"column":3}},{"start":{},"end":{}}],"line":59}},"s":{"0":0,"1":0,"2":0,"3":0,"4":0,"5":0,"6":0,"7":0,"8":0,"9":0,"10":0,"11":0,"12":0,"13":0,"14":0,"15":0,"16":0},"f":{"0":0,"1":0,"2":0},"b":{"0":[0,0],"1":[0,0],"2":[0,0],"3":[0,0],"4":[0,0]}}
,"C:\\Users\\HP\\Documents\\Next-Scene\\frontend\\react\\src\\components\\Button.jsx": {"path":"C:\\Users\\HP\\Documents\\Next-Scene\\frontend\\react\\src\\components\\Button.jsx","statementMap":{"0":{"start":{"line":4,"column":15},"end":{"line":35,"column":1}},"1":{"start":{"line":13,"column":22},"end":{"line":13,"column":71}},"2":{"start":{"line":14,"column":25},"end":{"line":18,"column":3}},"3":{"start":{"line":20,"column":18},"end":{"line":20,"column":74}},"4":{"start":{"line":22,"column":2},"end":{"line":28,"column":3}},"5":{"start":{"line":23,"column":4},"end":{"line":27,"column":6}},"6":{"start":{"line":30,"column":2},"end":{"line":34,"column":4}},"7":{"start":{"line":37,"column":0},"end":{"line":44,"column":2}}},"fnMap":{"0":{"name":"(anonymous_0)","decl":{"start":{"line":4,"column":15},"end":{"line":4,"column":16}},"loc":{"start":{"line":12,"column":6},"end":{"line":35,"column":1}},"line":12}},"branchMap":{"0":{"loc":{"start":{"line":7,"column":2},"end":{"line":7,"column":21}},"type":"default-arg","locations":[{"start":{"line":7,"column":12},"end":{"line":7,"column":21}}],"line":7},"1":{"loc":{"start":{"line":8,"column":2},"end":{"line":8,"column":17}},"type":"default-arg","locations":[{"start":{"line":8,"column":9},"end":{"line":8,"column":17}}],"line":8},"2":{"loc":{"start":{"line":10,"column":2},"end":{"line":10,"column":16}},"type":"default-arg","locations":[{"start":{"line":10,"column":14},"end":{"line":10,"column":16}}],"line":10},"3":{"loc":{"start":{"line":22,"column":2},"end":{"line":28,"column":3}},"type":"if","locations":[{"start":{"line":22,"column":2},"end":{"line":28,"column":3}},{"start":{},"end":{}}],"line":22}},"s":{"0":1,"1":8,"2":8,"3":8,"4":8,"5":1,"6":7,"7":1},"f":{"0":8},"b":{"0":[6],"1":[7],"2":[7],"3":[1,7]},"_coverageSchema":"1a1c01bbd47fc00a2c39e90264f33305004495a9","hash":"245e5626b935c2064bb211bdc37636144d94da0e"}
,"C:\\Users\\HP\\Documents\\Next-Scene\\frontend\\react\\src\\components\\Input.jsx": {"path":"C:\\Users\\HP\\Documents\\Next-Scene\\frontend\\react\\src\\components\\Input.jsx","statementMap":{"0":{"start":{"line":3,"column":14},"end":{"line":40,"column":1}},"1":{"start":{"line":15,"column":2},"end":{"line":39,"column":4}},"2":{"start":{"line":42,"column":0},"end":{"line":52,"column":2}}},"fnMap":{"0":{"name":"(anonymous_0)","decl":{"start":{"line":3,"column":14},"end":{"line":3,"column":15}},"loc":{"start":{"line":14,"column":6},"end":{"line":40,"column":1}},"line":14}},"branchMap":{"0":{"loc":{"start":{"line":5,"column":2},"end":{"line":5,"column":15}},"type":"default-arg","locations":[{"start":{"line":5,"column":9},"end":{"line":5,"column":15}}],"line":5},"1":{"loc":{"start":{"line":9,"column":2},"end":{"line":9,"column":18}},"type":"default-arg","locations":[{"start":{"line":9,"column":16},"end":{"line":9,"column":18}}],"line":9},"2":{"loc":{"start":{"line":10,"column":2},"end":{"line":10,"column":18}},"type":"default-arg","locations":[{"start":{"line":10,"column":13},"end":{"line":10,"column":18}}],"line":10},"3":{"loc":{"start":{"line":11,"column":2},"end":{"line":11,"column":16}},"type":"default-arg","locations":[{"start":{"line":11,"column":14},"end":{"line":11,"column":16}}],"line":11},"4":{"loc":{"start":{"line":12,"column":2},"end":{"line":12,"column":14}},"type":"default-arg","locations":[{"start":{"line":12,"column":10},"end":{"line":12,"column":14}}],"line":12},"5":{"loc":{"start":{"line":17,"column":7},"end":{"line":24,"column":7}},"type":"binary-expr","locations":[{"start":{"line":17,"column":7},"end":{"line":17,"column":12}},{"start":{"line":18,"column":8},"end":{"line":23,"column":16}}],"line":17},"6":{"loc":{"start":{"line":35,"column":7},"end":{"line":37,"column":7}},"type":"binary-expr","locations":[{"start":{"line":35,"column":7},"end":{"line":35,"column":12}},{"start":{"line":36,"column":8},"end":{"line":36,"column":78}}],"line":35}},"s":{"0":1,"1":10,"2":1},"f":{"0":10},"b":{"0":[9],"1":[9],"2":[9],"3":[9],"4":[9],"5":[10,1],"6":[10,1]},"_coverageSchema":"1a1c01bbd47fc00a2c39e90264f33305004495a9","hash":"3d9cada286375838c7d7bb89b9410c68c1215550"}
,"C:\\Users\\HP\\Documents\\Next-Scene\\frontend\\react\\src\\components\\LoadingSpinner.jsx": {"path":"C:\\Users\\HP\\Documents\\Next-Scene\\frontend\\react\\src\\components\\LoadingSpinner.jsx","statementMap":{"0":{"start":{"line":3,"column":23},"end":{"line":18,"column":1}},"1":{"start":{"line":4,"column":22},"end":{"line":8,"column":3}},"2":{"start":{"line":10,"column":2},"end":{"line":17,"column":4}},"3":{"start":{"line":20,"column":0},"end":{"line":23,"column":2}}},"fnMap":{"0":{"name":"(anonymous_0)","decl":{"start":{"line":3,"column":23},"end":{"line":3,"column":24}},"loc":{"start":{"line":3,"column":72},"end":{"line":18,"column":1}},"line":3}},"branchMap":{"0":{"loc":{"start":{"line":3,"column":26},"end":{"line":3,"column":41}},"type":"default-arg","locations":[{"start":{"line":3,"column":33},"end":{"line":3,"column":41}}],"line":3},"1":{"loc":{"start":{"line":3,"column":43},"end":{"line":3,"column":65}},"type":"default-arg","locations":[{"start":{"line":3,"column":53},"end":{"line":3,"column":65}}],"line":3},"2":{"loc":{"start":{"line":13,"column":7},"end":{"line":15,"column":7}},"type":"binary-expr","locations":[{"start":{"line":13,"column":7},"end":{"line":13,"column":14}},{"start":{"line":14,"column":8},"end":{"line":14,"column":82}}],"line":13}},"s":{"0":1,"1":7,"2":7,"3":1},"f":{"0":7},"b":{"0":[5],"1":[5],"2":[7,6]},"_coverageSchema":"1a1c01bbd47fc00a2c39e90264f33305004495a9","hash":"b285950511fddb8624f8e04edcf3bc5b2e66e169"}
,"C:\\Users\\HP\\Documents\\Next-Scene\\frontend\\react\\src\\components\\MovieCard.jsx": {"path":"C:\\Users\\HP\\Documents\\Next-Scene\\frontend\\react\\src\\components\\MovieCard.jsx","statementMap":{"0":{"start":{"line":4,"column":18},"end":{"line":40,"column":1}},"1":{"start":{"line":5,"column":2},"end":{"line":39,"column":4}},"2":{"start":{"line":8,"column":21},"end":{"line":8,"column":62}},"3":{"start":{"line":42,"column":0},"end":{"line":54,"column":2}}},"fnMap":{"0":{"name":"(anonymous_0)","decl":{"start":{"line":4,"column":18},"end":{"line":4,"column":19}},"loc":{"start":{"line":4,"column":42},"end":{"line":40,"column":1}},"line":4},"1":{"name":"(anonymous_1)","decl":{"start":{"line":8,"column":15},"end":{"line":8,"column":16}},"loc":{"start":{"line":8,"column":21},"end":{"line":8,"column":62}},"line":8}},"branchMap":{"0":{"loc":{"start":{"line":8,"column":21},"end":{"line":8,"column":62}},"type":"binary-expr","locations":[{"start":{"line":8,"column":21},"end":{"line":8,"column":28}},{"start":{"line":8,"column":32},"end":{"line":8,"column":62}}],"line":8},"1":{"loc":{"start":{"line":8,"column":40},"end":{"line":8,"column":61}},"type":"binary-expr","locations":[{"start":{"line":8,"column":40},"end":{"line":8,"column":48}},{"start":{"line":8,"column":52},"end":{"line":8,"column":61}}],"line":8},"2":{"loc":{"start":{"line":11,"column":13},"end":{"line":11,"column":53}},"type":"binary-expr","locations":[{"start":{"line":11,"column":13},"end":{"line":11,"column":25}},{"start":{"line":11,"column":29},"end":{"line":11,"column":53}}],"line":11},"3":{"loc":{"start":{"line":21,"column":13},"end":{"line":21,"column":53}},"type":"binary-expr","locations":[{"start":{"line":21,"column":13},"end":{"line":21,"column":23}},{"start":{"line":21,"column":27},"end":{"line":21,"column":44}},{"start":{"line":21,"column":48},"end":{"line":21,"column":53}}],"line":21},"4":{"loc":{"start":{"line":30,"column":9},"end":{"line":36,"column":9}},"type":"binary-expr","locations":[{"start":{"line":30,"column":9},"end":{"line":30,"column":20}},{"start":{"line":31,"column":10},"end":{"line":35,"column":16}}],"line":30}},"s":{"0":0,"1":0,"2":0,"3":0},"f":{"0":0,"1":0},"b":{"0":[0,0],"1":[0,0],"2":[0,0],"3":[0,0,0],"4":[0,0]}}
,"C:\\Users\\HP\\Documents\\Next-Scene\\frontend\\react\\src\\components\\MovieGridSkeleton.jsx": {"path":"C:\\Users\\HP\\Documents\\Next-Scene\\frontend\\react\\src\\components\\MovieGridSkeleton.jsx","statementMap":{"0":{"start":{"line":3,"column":26},"end":{"line":24,"column":1}},"1":{"start":{"line":4,"column":2},"end":{"line":23,"column":4}},"2":{"start":{"line":26,"column":26},"end":{"line":34,"column":1}},"3":{"start":{"line":27,"column":2},"end":{"line":33,"column":4}},"4":{"start":{"line":30,"column":8},"end":{"line":30,"column":41}}},"fnMap":{"0":{"name":"(anonymous_0)","decl":{"start":{"line":3,"column":26},"end":{"line":3,"column":27}},"loc":{"start":{"line":3,"column":32},"end":{"line":24,"column":1}},"line":3},"1":{"name":"(anonymous_1)","decl":{"start":{"line":26,"column":26},"end":{"line":26,"column":27}},"loc":{"start":{"line":26,"column":46},"end":{"line":34,"column":1}},"line":26},"2":{"name":"(anonymous_2)","decl":{"start":{"line":29,"column":41},"end":{"line":29,"column":42}},"loc":{"start":{"line":30,"column":8},"end":{"line":30,"column":41}},"line":30}},"branchMap":{"0":{"loc":{"start":{"line":26,"column":29},"end":{"line":26,"column":39}},"type":"default-arg","locations":[{"start":{"line":26,"column":37},"end":{"line":26,"column":39}}],"line":26}},"s":{"0":0,"1":0,"2":0,"3":0,"4":0},"f":{"0":0,"1":0,"2":0},"b":{"0":[0]}}
,"C:\\Users\\HP\\Documents\\Next-Scene\\frontend\\react\\src\\components\\SearchAutocomplete.jsx": {"path":"C:\\Users\\HP\\Documents\\Next-Scene\\frontend\\react\\src\\components\\SearchAutocomplete.jsx","statementMap":{"0":{"start":{"line":5,"column":27},"end":{"line":270,"column":1}},"1":{"start":{"line":12,"column":19},"end":{"line":12,"column":32}},"2":{"start":{"line":13,"column":40},"end":{"line":13,"column":52}},"3":{"start":{"line":14,"column":42},"end":{"line":14,"column":57}},"4":{"start":{"line":15,"column":44},"end":{"line":15,"column":56}},"5":{"start":{"line":16,"column":42},"end":{"line":16,"column":56}},"6":{"start":{"line":17,"column":36},"end":{"line":17,"column":50}},"7":{"start":{"line":18,"column":19},"end":{"line":18,"column":31}},"8":{"start":{"line":19,"column":22},"end":{"line":19,"column":34}},"9":{"start":{"line":20,"column":24},"end":{"line":20,"column":36}},"10":{"start":{"line":22,"column":25},"end":{"line":22,"column":38}},"11":{"start":{"line":23,"column":25},"end":{"line":23,"column":28}},"12":{"start":{"line":24,"column":27},"end":{"line":24,"column":28}},"13":{"start":{"line":25,"column":26},"end":{"line":25,"column":27}},"14":{"start":{"line":28,"column":37},"end":{"line":43,"column":31}},"15":{"start":{"line":30,"column":4},"end":{"line":32,"column":5}},"16":{"start":{"line":31,"column":6},"end":{"line":31,"column":26}},"17":{"start":{"line":34,"column":4},"end":{"line":42,"column":5}},"18":{"start":{"line":35,"column":21},"end":{"line":35,"column":44}},"19":{"start":{"line":36,"column":6},"end":{"line":36,"column":30}},"20":{"start":{"line":37,"column":6},"end":{"line":37,"column":31}},"21":{"start":{"line":38,"column":6},"end":{"line":38,"column":20}},"22":{"start":{"line":40,"column":6},"end":{"line":40,"column":70}},"23":{"start":{"line":41,"column":6},"end":{"line":41,"column":16}},"24":{"start":{"line":46,"column":23},"end":{"line":67,"column":8}},"25":{"start":{"line":47,"column":4},"end":{"line":47,"column":61}},"26":{"start":{"line":47,"column":51},"end":{"line":47,"column":61}},"27":{"start":{"line":49,"column":24},"end":{"line":49,"column":43}},"28":{"start":{"line":50,"column":21},"end":{"line":64,"column":6}},"29":{"start":{"line":52,"column":6},"end":{"line":52,"column":72}},"30":{"start":{"line":52,"column":60},"end":{"line":52,"column":72}},"31":{"start":{"line":55,"column":6},"end":{"line":55,"column":72}},"32":{"start":{"line":55,"column":60},"end":{"line":55,"column":72}},"33":{"start":{"line":58,"column":6},"end":{"line":58,"column":75}},"34":{"start":{"line":58,"column":63},"end":{"line":58,"column":75}},"35":{"start":{"line":61,"column":6},"end":{"line":61,"column":92}},"36":{"start":{"line":61,"column":36},"end":{"line":61,"column":77}},"37":{"start":{"line":61,"column":80},"end":{"line":61,"column":92}},"38":{"start":{"line":63,"column":6},"end":{"line":63,"column":19}},"39":{"start":{"line":66,"column":4},"end":{"line":66,"column":46}},"40":{"start":{"line":70,"column":28},"end":{"line":93,"column":58}},"41":{"start":{"line":71,"column":4},"end":{"line":71,"column":23}},"42":{"start":{"line":74,"column":4},"end":{"line":76,"column":5}},"43":{"start":{"line":75,"column":6},"end":{"line":75,"column":42}},"44":{"start":{"line":79,"column":4},"end":{"line":83,"column":5}},"45":{"start":{"line":80,"column":6},"end":{"line":80,"column":29}},"46":{"start":{"line":81,"column":6},"end":{"line":81,"column":25}},"47":{"start":{"line":82,"column":6},"end":{"line":82,"column":13}},"48":{"start":{"line":86,"column":4},"end":{"line":92,"column":23}},"49":{"start":{"line":87,"column":21},"end":{"line":87,"column":55}},"50":{"start":{"line":88,"column":22},"end":{"line":88,"column":52}},"51":{"start":{"line":89,"column":6},"end":{"line":89,"column":30}},"52":{"start":{"line":90,"column":6},"end":{"line":90,"column":42}},"53":{"start":{"line":91,"column":6},"end":{"line":91,"column":27}},"54":{"start":{"line":96,"column":24},"end":{"line":123,"column":3}},"55":{"start":{"line":97,"column":4},"end":{"line":97,"column":30}},"56":{"start":{"line":97,"column":23},"end":{"line":97,"column":30}},"57":{"start":{"line":99,"column":4},"end":{"line":122,"column":5}},"58":{"start":{"line":101,"column":8},"end":{"line":101,"column":27}},"59":{"start":{"line":102,"column":8},"end":{"line":104,"column":10}},"60":{"start":{"line":103,"column":10},"end":{"line":103,"column":57}},"61":{"start":{"line":105,"column":8},"end":{"line":105,"column":14}},"62":{"start":{"line":107,"column":8},"end":{"line":107,"column":27}},"63":{"start":{"line":108,"column":8},"end":{"line":108,"column":59}},"64":{"start":{"line":108,"column":33},"end":{"line":108,"column":57}},"65":{"start":{"line":109,"column":8},"end":{"line":109,"column":14}},"66":{"start":{"line":111,"column":8},"end":{"line":111,"column":27}},"67":{"start":{"line":112,"column":8},"end":{"line":114,"column":9}},"68":{"start":{"line":113,"column":10},"end":{"line":113,"column":61}},"69":{"start":{"line":115,"column":8},"end":{"line":115,"column":14}},"70":{"start":{"line":117,"column":8},"end":{"line":117,"column":31}},"71":{"start":{"line":118,"column":8},"end":{"line":118,"column":29}},"72":{"start":{"line":119,"column":8},"end":{"line":119,"column":14}},"73":{"start":{"line":121,"column":8},"end":{"line":121,"column":14}},"74":{"start":{"line":126,"column":33},"end":{"line":136,"column":3}},"75":{"start":{"line":127,"column":4},"end":{"line":127,"column":27}},"76":{"start":{"line":128,"column":4},"end":{"line":128,"column":23}},"77":{"start":{"line":129,"column":4},"end":{"line":129,"column":25}},"78":{"start":{"line":131,"column":4},"end":{"line":133,"column":5}},"79":{"start":{"line":132,"column":6},"end":{"line":132,"column":22}},"80":{"start":{"line":135,"column":4},"end":{"line":135,"column":36}},"81":{"start":{"line":139,"column":22},"end":{"line":146,"column":3}},"82":{"start":{"line":140,"column":4},"end":{"line":145,"column":5}},"83":{"start":{"line":141,"column":21},"end":{"line":141,"column":55}},"84":{"start":{"line":142,"column":22},"end":{"line":142,"column":49}},"85":{"start":{"line":143,"column":6},"end":{"line":143,"column":30}},"86":{"start":{"line":144,"column":6},"end":{"line":144,"column":42}},"87":{"start":{"line":149,"column":21},"end":{"line":155,"column":3}},"88":{"start":{"line":151,"column":4},"end":{"line":154,"column":12}},"89":{"start":{"line":152,"column":6},"end":{"line":152,"column":29}},"90":{"start":{"line":153,"column":6},"end":{"line":153,"column":27}},"91":{"start":{"line":158,"column":2},"end":{"line":172,"column":9}},"92":{"start":{"line":159,"column":31},"end":{"line":168,"column":5}},"93":{"start":{"line":160,"column":6},"end":{"line":167,"column":7}},"94":{"start":{"line":166,"column":8},"end":{"line":166,"column":31}},"95":{"start":{"line":170,"column":4},"end":{"line":170,"column":63}},"96":{"start":{"line":171,"column":4},"end":{"line":171,"column":79}},"97":{"start":{"line":171,"column":17},"end":{"line":171,"column":78}},"98":{"start":{"line":175,"column":18},"end":{"line":177,"column":3}},"99":{"start":{"line":176,"column":4},"end":{"line":176,"column":88}},"100":{"start":{"line":180,"column":19},"end":{"line":183,"column":3}},"101":{"start":{"line":181,"column":4},"end":{"line":181,"column":32}},"102":{"start":{"line":181,"column":22},"end":{"line":181,"column":32}},"103":{"start":{"line":182,"column":4},"end":{"line":182,"column":44}},"104":{"start":{"line":185,"column":2},"end":{"line":269,"column":4}},"105":{"start":{"line":191,"column":25},"end":{"line":191,"column":58}},"106":{"start":{"line":206,"column":12},"end":{"line":255,"column":18}},"107":{"start":{"line":208,"column":29},"end":{"line":208,"column":58}},"108":{"start":{"line":209,"column":34},"end":{"line":209,"column":57}}},"fnMap":{"0":{"name":"(anonymous_0)","decl":{"start":{"line":5,"column":27},"end":{"line":5,"column":28}},"loc":{"start":{"line":11,"column":6},"end":{"line":270,"column":1}},"line":11},"1":{"name":"(anonymous_1)","decl":{"start":{"line":28,"column":49},"end":{"line":28,"column":50}},"loc":{"start":{"line":28,"column":61},"end":{"line":43,"column":3}},"line":28},"2":{"name":"(anonymous_2)","decl":{"start":{"line":46,"column":35},"end":{"line":46,"column":36}},"loc":{"start":{"line":46,"column":54},"end":{"line":67,"column":3}},"line":46},"3":{"name":"(anonymous_3)","decl":{"start":{"line":50,"column":35},"end":{"line":50,"column":36}},"loc":{"start":{"line":50,"column":44},"end":{"line":64,"column":5}},"line":50},"4":{"name":"(anonymous_4)","decl":{"start":{"line":61,"column":27},"end":{"line":61,"column":28}},"loc":{"start":{"line":61,"column":36},"end":{"line":61,"column":77}},"line":61},"5":{"name":"(anonymous_5)","decl":{"start":{"line":70,"column":40},"end":{"line":70,"column":41}},"loc":{"start":{"line":70,"column":60},"end":{"line":93,"column":3}},"line":70},"6":{"name":"(anonymous_6)","decl":{"start":{"line":86,"column":39},"end":{"line":86,"column":40}},"loc":{"start":{"line":86,"column":51},"end":{"line":92,"column":5}},"line":86},"7":{"name":"(anonymous_7)","decl":{"start":{"line":96,"column":24},"end":{"line":96,"column":25}},"loc":{"start":{"line":96,"column":31},"end":{"line":123,"column":3}},"line":96},"8":{"name":"(anonymous_8)","decl":{"start":{"line":102,"column":25},"end":{"line":102,"column":26}},"loc":{"start":{"line":103,"column":10},"end":{"line":103,"column":57}},"line":103},"9":{"name":"(anonymous_9)","decl":{"start":{"line":108,"column":25},"end":{"line":108,"column":26}},"loc":{"start":{"line":108,"column":33},"end":{"line":108,"column":57}},"line":108},"10":{"name":"(anonymous_10)","decl":{"start":{"line":126,"column":33},"end":{"line":126,"column":34}},"loc":{"start":{"line":126,"column":44},"end":{"line":136,"column":3}},"line":126},"11":{"name":"(anonymous_11)","decl":{"start":{"line":139,"column":22},"end":{"line":139,"column":23}},"loc":{"start":{"line":139,"column":34},"end":{"line":146,"column":3}},"line":139},"12":{"name":"(anonymous_12)","decl":{"start":{"line":149,"column":21},"end":{"line":149,"column":22}},"loc":{"start":{"line":149,"column":27},"end":{"line":155,"column":3}},"line":149},"13":{"name":"(anonymous_13)","decl":{"start":{"line":151,"column":15},"end":{"line":151,"column":16}},"loc":{"start":{"line":151,"column":21},"end":{"line":154,"column":5}},"line":151},"14":{"name":"(anonymous_14)","decl":{"start":{"line":158,"column":12},"end":{"line":158,"column":13}},"loc":{"start":{"line":158,"column":18},"end":{"line":172,"column":3}},"line":158},"15":{"name":"(anonymous_15)","decl":{"start":{"line":159,"column":31},"end":{"line":159,"column":32}},"loc":{"start":{"line":159,"column":42},"end":{"line":168,"column":5}},"line":159},"16":{"name":"(anonymous_16)","decl":{"start":{"line":171,"column":11},"end":{"line":171,"column":12}},"loc":{"start":{"line":171,"column":17},"end":{"line":171,"column":78}},"line":171},"17":{"name":"(anonymous_17)","decl":{"start":{"line":175,"column":18},"end":{"line":175,"column":19}},"loc":{"start":{"line":175,"column":29},"end":{"line":177,"column":3}},"line":175},"18":{"name":"(anonymous_18)","decl":{"start":{"line":180,"column":19},"end":{"line":180,"column":20}},"loc":{"start":{"line":180,"column":30},"end":{"line":183,"column":3}},"line":180},"19":{"name":"(anonymous_19)","decl":{"start":{"line":191,"column":18},"end":{"line":191,"column":19}},"loc":{"start":{"line":191,"column":25},"end":{"line":191,"column":58}},"line":191},"20":{"name":"(anonymous_20)","decl":{"start":{"line":205,"column":27},"end":{"line":205,"column":28}},"loc":{"start":{"line":206,"column":12},"end":{"line":255,"column":18}},"line":206},"21":{"name":"(anonymous_21)","decl":{"start":{"line":208,"column":23},"end":{"line":208,"column":24}},"loc":{"start":{"line":208,"column":29},"end":{"line":208,"column":58}},"line":208},"22":{"name":"(anonymous_22)","decl":{"start":{"line":209,"column":28},"end":{"line":209,"column":29}},"loc":{"start":{"line":209,"column":34},"end":{"line":209,"column":57}},"line":209}},"branchMap":{"0":{"loc":{"start":{"line":8,"column":2},"end":{"line":8,"column":53}},"type":"default-arg","locations":[{"start":{"line":8,"column":16},"end":{"line":8,"column":53}}],"line":8},"1":{"loc":{"start":{"line":9,"column":2},"end":{"line":9,"column":16}},"type":"default-arg","locations":[{"start":{"line":9,"column":14},"end":{"line":9,"column":16}}],"line":9},"2":{"loc":{"start":{"line":30,"column":4},"end":{"line":32,"column":5}},"type":"if","locations":[{"start":{"line":30,"column":4},"end":{"line":32,"column":5}},{"start":{},"end":{}}],"line":30},"3":{"loc":{"start":{"line":30,"column":8},"end":{"line":30,"column":76}},"type":"binary-expr","locations":[{"start":{"line":30,"column":8},"end":{"line":30,"column":20}},{"start":{"line":30,"column":24},"end":{"line":30,"column":33}},{"start":{"line":30,"column":37},"end":{"line":30,"column":76}}],"line":30},"4":{"loc":{"start":{"line":47,"column":4},"end":{"line":47,"column":61}},"type":"if","locations":[{"start":{"line":47,"column":4},"end":{"line":47,"column":61}},{"start":{},"end":{}}],"line":47},"5":{"loc":{"start":{"line":47,"column":8},"end":{"line":47,"column":49}},"type":"binary-expr","locations":[{"start":{"line":47,"column":8},"end":{"line":47,"column":14}},{"start":{"line":47,"column":18},"end":{"line":47,"column":49}}],"line":47},"6":{"loc":{"start":{"line":52,"column":6},"end":{"line":52,"column":72}},"type":"if","locations":[{"start":{"line":52,"column":6},"end":{"line":52,"column":72}},{"start":{},"end":{}}],"line":52},"7":{"loc":{"start":{"line":55,"column":6},"end":{"line":55,"column":72}},"type":"if","locations":[{"start":{"line":55,"column":6},"end":{"line":55,"column":72}},{"start":{},"end":{}}],"line":55},"8":{"loc":{"start":{"line":58,"column":6},"end":{"line":58,"column":75}},"type":"if","locations":[{"start":{"line":58,"column":6},"end":{"line":58,"column":75}},{"start":{},"end":{}}],"line":58},"9":{"loc":{"start":{"line":61,"column":6},"end":{"line":61,"column":92}},"type":"if","locations":[{"start":{"line":61,"column":6},"end":{"line":61,"column":92}},{"start":{},"end":{}}],"line":61},"10":{"loc":{"start":{"line":74,"column":4},"end":{"line":76,"column":5}},"type":"if","locations":[{"start":{"line":74,"column":4},"end":{"line":76,"column":5}},{"start":{},"end":{}}],"line":74},"11":{"loc":{"start":{"line":79,"column":4},"end":{"line":83,"column":5}},"type":"if","locations":[{"start":{"line":79,"column":4},"end":{"line":83,"column":5}},{"start":{},"end":{}}],"line":79},"12":{"loc":{"start":{"line":97,"column":4},"end":{"line":97,"column":30}},"type":"if","locations":[{"start":{"line":97,"column":4},"end":{"line":97,"column":30}},{"start":{},"end":{}}],"line":97},"13":{"loc":{"start":{"line":99,"column":4},"end":{"line":122,"column":5}},"type":"switch","locations":[{"start":{"line":100,"column":6},"end":{"line":105,"column":14}},{"start":{"line":106,"column":6},"end":{"line":109,"column":14}},{"start":{"line":110,"column":6},"end":{"line":115,"column":14}},{"start":{"line":116,"column":6},"end":{"line":119,"column":14}},{"start":{"line":120,"column":6},"end":{"line":121,"column":14}}],"line":99},"14":{"loc":{"start":{"line":103,"column":10},"end":{"line":103,"column":57}},"type":"cond-expr","locations":[{"start":{"line":103,"column":42},"end":{"line":103,"column":50}},{"start":{"line":103,"column":53},"end":{"line":103,"column":57}}],"line":103},"15":{"loc":{"start":{"line":108,"column":33},"end":{"line":108,"column":57}},"type":"cond-expr","locations":[{"start":{"line":108,"column":44},"end":{"line":108,"column":52}},{"start":{"line":108,"column":55},"end":{"line":108,"column":57}}],"line":108},"16":{"loc":{"start":{"line":112,"column":8},"end":{"line":114,"column":9}},"type":"if","locations":[{"start":{"line":112,"column":8},"end":{"line":114,"column":9}},{"start":{},"end":{}}],"line":112},"17":{"loc":{"start":{"line":112,"column":12},"end":{"line":112,"column":60}},"type":"binary-expr","locations":[{"start":{"line":112,"column":12},"end":{"line":112,"column":30}},{"start":{"line":112,"column":34},"end":{"line":112,"column":60}}],"line":112},"18":{"loc":{"start":{"line":131,"column":4},"end":{"line":133,"column":5}},"type":"if","locations":[{"start":{"line":131,"column":4},"end":{"line":133,"column":5}},{"start":{},"end":{}}],"line":131},"19":{"loc":{"start":{"line":140,"column":4},"end":{"line":145,"column":5}},"type":"if","locations":[{"start":{"line":140,"column":4},"end":{"line":145,"column":5}},{"start":{},"end":{}}],"line":140},"20":{"loc":{"start":{"line":140,"column":8},"end":{"line":140,"column":49}},"type":"binary-expr","locations":[{"start":{"line":140,"column":8},"end":{"line":140,"column":13}},{"start":{"line":140,"column":17},"end":{"line":140,"column":49}}],"line":140},"21":{"loc":{"start":{"line":160,"column":6},"end":{"line":167,"column":7}},"type":"if","locations":[{"start":{"line":160,"column":6},"end":{"line":167,"column":7}},{"start":{},"end":{}}],"line":160},"22":{"loc":{"start":{"line":161,"column":8},"end":{"line":164,"column":48}},"type":"binary-expr","locations":[{"start":{"line":161,"column":8},"end":{"line":161,"column":27}},{"start":{"line":162,"column":8},"end":{"line":162,"column":51}},{"start":{"line":163,"column":8},"end":{"line":163,"column":24}},{"start":{"line":164,"column":8},"end":{"line":164,"column":48}}],"line":161},"23":{"loc":{"start":{"line":176,"column":11},"end":{"line":176,"column":87}},"type":"binary-expr","locations":[{"start":{"line":176,"column":11},"end":{"line":176,"column":28}},{"start":{"line":176,"column":32},"end":{"line":176,"column":42}},{"start":{"line":176,"column":46},"end":{"line":176,"column":78}},{"start":{"line":176,"column":82},"end":{"line":176,"column":87}}],"line":176},"24":{"loc":{"start":{"line":181,"column":4},"end":{"line":181,"column":32}},"type":"if","locations":[{"start":{"line":181,"column":4},"end":{"line":181,"column":32}},{"start":{},"end":{}}],"line":181},"25":{"loc":{"start":{"line":200,"column":7},"end":{"line":258,"column":7}},"type":"binary-expr","locations":[{"start":{"line":200,"column":7},"end":{"line":200,"column":19}},{"start":{"line":200,"column":23},"end":{"line":200,"column":45}},{"start":{"line":201,"column":8},"end":{"line":257,"column":14}}],"line":200},"26":{"loc":{"start":{"line":211,"column":16},"end":{"line":213,"column":61}},"type":"cond-expr","locations":[{"start":{"line":212,"column":20},"end":{"line":212,"column":50}},{"start":{"line":213,"column":20},"end":{"line":213,"column":61}}],"line":211},"27":{"loc":{"start":{"line":218,"column":17},"end":{"line":229,"column":17}},"type":"cond-expr","locations":[{"start":{"line":219,"column":18},"end":{"line":224,"column":20}},{"start":{"line":226,"column":18},"end":{"line":228,"column":24}}],"line":218},"28":{"loc":{"start":{"line":239,"column":19},"end":{"line":244,"column":19}},"type":"binary-expr","locations":[{"start":{"line":239,"column":19},"end":{"line":239,"column":34}},{"start":{"line":240,"column":20},"end":{"line":243,"column":23}}],"line":239},"29":{"loc":{"start":{"line":246,"column":17},"end":{"line":253,"column":17}},"type":"binary-expr","locations":[{"start":{"line":246,"column":17},"end":{"line":246,"column":29}},{"start":{"line":247,"column":18},"end":{"line":252,"column":24}}],"line":246},"30":{"loc":{"start":{"line":260,"column":7},"end":{"line":267,"column":7}},"type":"binary-expr","locations":[{"start":{"line":260,"column":7},"end":{"line":260,"column":19}},{"start":{"line":260,"column":23},"end":{"line":260,"column":47}},{"start":{"line":260,"column":51},"end":{"line":260,"column":83}},{"start":{"line":261,"column":8},"end":{"line":266,"column":14}}],"line":260}},"s":{"0":1,"1":5,"2":5,"3":5,"4":5,"5":5,"6":5,"7":5,"8":5,"9":5,"10":5,"11":5,"12":5,"13":5,"14":5,"15":0,"16":0,"17":0,"18":0,"19":0,"20":0,"21":0,"22":0,"23":0,"24":5,"25":0,"26":0,"27":0,"28":0,"29":0,"30":0,"31":0,"32":0,"33":0,"34":0,"35":0,"36":0,"37":0,"38":0,"39":0,"40":5,"41":1,"42":1,"43":0,"44":1,"45":0,"46":0,"47":0,"48":1,"49":0,"50":0,"51":0,"52":0,"53":0,"54":5,"55":0,"56":0,"57":0,"58":0,"59":0,"60":0,"61":0,"62":0,"63":0,"64":0,"65":0,"66":0,"67":0,"68":0,"69":0,"70":0,"71":0,"72":0,"73":0,"74":5,"75":0,"76":0,"77":0,"78":0,"79":0,"80":0,"81":5,"82":0,"83":0,"84":0,"85":0,"86":0,"87":5,"88":0,"89":0,"90":0,"91":5,"92":5,"93":0,"94":0,"95":5,"96":5,"97":5,"98":5,"99":0,"100":5,"101":0,"102":0,"103":0,"104":5,"105":1,"106":0,"107":0,"108":0},"f":{"0":5,"1":0,"2":0,"3":0,"4":0,"5":1,"6":0,"7":0,"8":0,"9":0,"10":0,"11":0,"12":0,"13":0,"14":5,"15":0,"16":5,"17":0,"18":0,"19":1,"20":0,"21":0,"22":0},"b":{"0":[0],"1":[4],"2":[0,0],"3":[0,0,0],"4":[0,0],"5":[0,0],"6":[0,0],"7":[0,0],"8":[0,0],"9":[0,0],"10":[0,1],"11":[0,1],"12":[0,0],"13":[0,0,0,0,0],"14":[0,0],"15":[0,0],"16":[0,0],"17":[0,0],"18":[0,0],"19":[0,0],"20":[0,0],"21":[0,0],"22":[0,0,0,0],"23":[0,0,0,0],"24":[0,0],"25":[5,0,0],"26":[0,0],"27":[0,0],"28":[0,0],"29":[0,0],"30":[5,0,0,0]},"_coverageSchema":"1a1c01bbd47fc00a2c39e90264f33305004495a9","hash":"5a22dbe9c0dcdef09ad095ad6b3d685af5edac0d"}
,"C:\\Users\\HP\\Documents\\Next-Scene\\frontend\\react\\src\\components\\Skeleton.jsx": {"path":"C:\\Users\\HP\\Documents\\Next-Scene\\frontend\\react\\src\\components\\Skeleton.jsx","statementMap":{"0":{"start":{"line":3,"column":17},"end":{"line":23,"column":1}},"1":{"start":{"line":4,"column":2},"end":{"line":22,"column":4}}},"fnMap":{"0":{"name":"(anonymous_0)","decl":{"start":{"line":3,"column":17},"end":{"line":3,"column":18}},"loc":{"start":{"line":3,"column":75},"end":{"line":23,"column":1}},"line":3}},"branchMap":{"0":{"loc":{"start":{"line":3,"column":20},"end":{"line":3,"column":34}},"type":"default-arg","locations":[{"start":{"line":3,"column":32},"end":{"line":3,"column":34}}],"line":3},"1":{"loc":{"start":{"line":3,"column":36},"end":{"line":3,"column":52}},"type":"default-arg","locations":[{"start":{"line":3,"column":44},"end":{"line":3,"column":52}}],"line":3},"2":{"loc":{"start":{"line":3,"column":54},"end":{"line":3,"column":68}},"type":"default-arg","locations":[{"start":{"line":3,"column":63},"end":{"line":3,"column":68}}],"line":3}},"s":{"0":1,"1":8},"f":{"0":8},"b":{"0":[7],"1":[7],"2":[7]},"_coverageSchema":"1a1c01bbd47fc00a2c39e90264f33305004495a9","hash":"eb0799c4952b48b566ca99e101a47682fac14a53"}
,"C:\\Users\\HP\\Documents\\Next-Scene\\frontend\\react\\src\\components\\ThemeToggle.jsx": {"path":"C:\\Users\\HP\\Documents\\Next-Scene\\frontend\\react\\src\\components\\ThemeToggle.jsx","statementMap":{"0":{"start":{"line":4,"column":20},"end":{"line":20,"column":1}},"1":{"start":{"line":5,"column":33},"end":{"line":5,"column":43}},"2":{"start":{"line":7,"column":2},"end":{"line":19,"column":4}}},"fnMap":{"0":{"name":"(anonymous_0)","decl":{"start":{"line":4,"column":20},"end":{"line":4,"column":21}},"loc":{"start":{"line":4,"column":26},"end":{"line":20,"column":1}},"line":4}},"branchMap":{"0":{"loc":{"start":{"line":13,"column":7},"end":{"line":17,"column":7}},"type":"cond-expr","locations":[{"start":{"line":14,"column":8},"end":{"line":14,"column":77}},{"start":{"line":16,"column":8},"end":{"line":16,"column":59}}],"line":13}},"s":{"0":2,"1":5,"2":5},"f":{"0":5},"b":{"0":[4,1]},"_coverageSchema":"1a1c01bbd47fc00a2c39e90264f33305004495a9","hash":"3a121aab0533decc2ab091c5aa26dc67d7a4d3a1"}
,"C:\\Users\\HP\\Documents\\Next-Scene\\frontend\\react\\src\\components\\Toaster.jsx": {"path":"C:\\Users\\HP\\Documents\\Next-Scene\\frontend\\react\\src\\components\\Toaster.jsx","statementMap":{"0":{"start":{"line":5,"column":18},"end":{"line":116,"column":1}},"1":{"start":{"line":6,"column":36},"end":{"line":6,"column":51}},"2":{"start":{"line":7,"column":34},"end":{"line":7,"column":47}},"3":{"start":{"line":9,"column":2},"end":{"line":28,"column":54}},"4":{"start":{"line":10,"column":4},"end":{"line":10,"column":26}},"5":{"start":{"line":10,"column":19},"end":{"line":10,"column":26}},"6":{"start":{"line":12,"column":22},"end":{"line":12,"column":32}},"7":{"start":{"line":13,"column":21},"end":{"line":13,"column":35}},"8":{"start":{"line":15,"column":18},"end":{"line":25,"column":10}},"9":{"start":{"line":16,"column":22},"end":{"line":16,"column":44}},"10":{"start":{"line":17,"column":24},"end":{"line":17,"column":69}},"11":{"start":{"line":19,"column":6},"end":{"line":19,"column":29}},"12":{"start":{"line":21,"column":6},"end":{"line":24,"column":7}},"13":{"start":{"line":22,"column":8},"end":{"line":22,"column":29}},"14":{"start":{"line":23,"column":8},"end":{"line":23,"column":27}},"15":{"start":{"line":27,"column":4},"end":{"line":27,"column":38}},"16":{"start":{"line":27,"column":17},"end":{"line":27,"column":37}},"17":{"start":{"line":30,"column":25},"end":{"line":66,"column":3}},"18":{"start":{"line":31,"column":4},"end":{"line":65,"column":5}},"19":{"start":{"line":33,"column":8},"end":{"line":39,"column":10}},"20":{"start":{"line":41,"column":8},"end":{"line":47,"column":10}},"21":{"start":{"line":49,"column":8},"end":{"line":55,"column":10}},"22":{"start":{"line":58,"column":8},"end":{"line":64,"column":10}},"23":{"start":{"line":68,"column":17},"end":{"line":68,"column":33}},"24":{"start":{"line":70,"column":2},"end":{"line":115,"column":4}},"25":{"start":{"line":81,"column":26},"end":{"line":81,"column":44}},"26":{"start":{"line":82,"column":26},"end":{"line":82,"column":45}},"27":{"start":{"line":96,"column":25},"end":{"line":96,"column":43}},"28":{"start":{"line":118,"column":16},"end":{"line":132,"column":1}},"29":{"start":{"line":119,"column":34},"end":{"line":119,"column":44}},"30":{"start":{"line":121,"column":2},"end":{"line":131,"column":4}},"31":{"start":{"line":125,"column":10},"end":{"line":127,"column":16}}},"fnMap":{"0":{"name":"(anonymous_0)","decl":{"start":{"line":5,"column":18},"end":{"line":5,"column":19}},"loc":{"start":{"line":5,"column":43},"end":{"line":116,"column":1}},"line":5},"1":{"name":"(anonymous_1)","decl":{"start":{"line":9,"column":12},"end":{"line":9,"column":13}},"loc":{"start":{"line":9,"column":18},"end":{"line":28,"column":3}},"line":9},"2":{"name":"(anonymous_2)","decl":{"start":{"line":15,"column":30},"end":{"line":15,"column":31}},"loc":{"start":{"line":15,"column":36},"end":{"line":25,"column":5}},"line":15},"3":{"name":"(anonymous_3)","decl":{"start":{"line":27,"column":11},"end":{"line":27,"column":12}},"loc":{"start":{"line":27,"column":17},"end":{"line":27,"column":37}},"line":27},"4":{"name":"(anonymous_4)","decl":{"start":{"line":30,"column":25},"end":{"line":30,"column":26}},"loc":{"start":{"line":30,"column":31},"end":{"line":66,"column":3}},"line":30},"5":{"name":"(anonymous_5)","decl":{"start":{"line":81,"column":20},"end":{"line":81,"column":21}},"loc":{"start":{"line":81,"column":26},"end":{"line":81,"column":44}},"line":81},"6":{"name":"(anonymous_6)","decl":{"start":{"line":82,"column":20},"end":{"line":82,"column":21}},"loc":{"start":{"line":82,"column":26},"end":{"line":82,"column":45}},"line":82},"7":{"name":"(anonymous_7)","decl":{"start":{"line":96,"column":19},"end":{"line":96,"column":20}},"loc":{"start":{"line":96,"column":25},"end":{"line":96,"column":43}},"line":96},"8":{"name":"(anonymous_8)","decl":{"start":{"line":118,"column":16},"end":{"line":118,"column":17}},"loc":{"start":{"line":118,"column":22},"end":{"line":132,"column":1}},"line":118},"9":{"name":"(anonymous_9)","decl":{"start":{"line":124,"column":20},"end":{"line":124,"column":21}},"loc":{"start":{"line":125,"column":10},"end":{"line":127,"column":16}},"line":125}},"branchMap":{"0":{"loc":{"start":{"line":10,"column":4},"end":{"line":10,"column":26}},"type":"if","locations":[{"start":{"line":10,"column":4},"end":{"line":10,"column":26}},{"start":{},"end":{}}],"line":10},"1":{"loc":{"start":{"line":21,"column":6},"end":{"line":24,"column":7}},"type":"if","locations":[{"start":{"line":21,"column":6},"end":{"line":24,"column":7}},{"start":{},"end":{}}],"line":21},"2":{"loc":{"start":{"line":31,"column":4},"end":{"line":65,"column":5}},"type":"switch","locations":[{"start":{"line":32,"column":6},"end":{"line":39,"column":10}},{"start":{"line":40,"column":6},"end":{"line":47,"column":10}},{"start":{"line":48,"column":6},"end":{"line":55,"column":10}},{"start":{"line":56,"column":6},"end":{"line":56,"column":18}},{"start":{"line":57,"column":6},"end":{"line":64,"column":10}}],"line":31}},"s":{"0":0,"1":0,"2":0,"3":0,"4":0,"5":0,"6":0,"7":0,"8":0,"9":0,"10":0,"11":0,"12":0,"13":0,"14":0,"15":0,"16":0,"17":0,"18":0,"19":0,"20":0,"21":0,"22":0,"23":0,"24":0,"25":0,"26":0,"27":0,"28":0,"29":0,"30":0,"31":0},"f":{"0":0,"1":0,"2":0,"3":0,"4":0,"5":0,"6":0,"7":0,"8":0,"9":0},"b":{"0":[0,0],"1":[0,0],"2":[0,0,0,0,0]}}
,"C:\\Users\\HP\\Documents\\Next-Scene\\frontend\\react\\src\\context\\AuthContext.jsx": {"path":"C:\\Users\\HP\\Documents\\Next-Scene\\frontend\\react\\src\\context\\AuthContext.jsx","statementMap":{"0":{"start":{"line":5,"column":20},"end":{"line":5,"column":35}},"1":{"start":{"line":7,"column":23},"end":{"line":13,"column":1}},"2":{"start":{"line":8,"column":18},"end":{"line":8,"column":41}},"3":{"start":{"line":9,"column":2},"end":{"line":11,"column":3}},"4":{"start":{"line":10,"column":4},"end":{"line":10,"column":64}},"5":{"start":{"line":12,"column":2},"end":{"line":12,"column":17}},"6":{"start":{"line":15,"column":28},"end":{"line":42,"column":1}},"7":{"start":{"line":16,"column":31},"end":{"line":16,"column":56}},"8":{"start":{"line":16,"column":46},"end":{"line":16,"column":55}},"9":{"start":{"line":17,"column":32},"end":{"line":17,"column":47}},"10":{"start":{"line":20,"column":16},"end":{"line":23,"column":3}},"11":{"start":{"line":21,"column":4},"end":{"line":21,"column":22}},"12":{"start":{"line":22,"column":4},"end":{"line":22,"column":27}},"13":{"start":{"line":25,"column":17},"end":{"line":28,"column":3}},"14":{"start":{"line":26,"column":4},"end":{"line":26,"column":17}},"15":{"start":{"line":27,"column":4},"end":{"line":27,"column":23}},"16":{"start":{"line":30,"column":21},"end":{"line":33,"column":3}},"17":{"start":{"line":31,"column":4},"end":{"line":31,"column":22}},"18":{"start":{"line":32,"column":4},"end":{"line":32,"column":27}},"19":{"start":{"line":35,"column":18},"end":{"line":35,"column":47}},"20":{"start":{"line":37,"column":2},"end":{"line":41,"column":4}},"21":{"start":{"line":44,"column":0},"end":{"line":46,"column":2}}},"fnMap":{"0":{"name":"(anonymous_0)","decl":{"start":{"line":7,"column":23},"end":{"line":7,"column":24}},"loc":{"start":{"line":7,"column":29},"end":{"line":13,"column":1}},"line":7},"1":{"name":"(anonymous_1)","decl":{"start":{"line":15,"column":28},"end":{"line":15,"column":29}},"loc":{"start":{"line":15,"column":46},"end":{"line":42,"column":1}},"line":15},"2":{"name":"(anonymous_2)","decl":{"start":{"line":16,"column":40},"end":{"line":16,"column":41}},"loc":{"start":{"line":16,"column":46},"end":{"line":16,"column":55}},"line":16},"3":{"name":"(anonymous_3)","decl":{"start":{"line":20,"column":16},"end":{"line":20,"column":17}},"loc":{"start":{"line":20,"column":30},"end":{"line":23,"column":3}},"line":20},"4":{"name":"(anonymous_4)","decl":{"start":{"line":25,"column":17},"end":{"line":25,"column":18}},"loc":{"start":{"line":25,"column":23},"end":{"line":28,"column":3}},"line":25},"5":{"name":"(anonymous_5)","decl":{"start":{"line":30,"column":21},"end":{"line":30,"column":22}},"loc":{"start":{"line":30,"column":35},"end":{"line":33,"column":3}},"line":30}},"branchMap":{"0":{"loc":{"start":{"line":9,"column":2},"end":{"line":11,"column":3}},"type":"if","locations":[{"start":{"line":9,"column":2},"end":{"line":11,"column":3}},{"start":{},"end":{}}],"line":9},"1":{"loc":{"start":{"line":35,"column":18},"end":{"line":35,"column":47}},"type":"binary-expr","locations":[{"start":{"line":35,"column":18},"end":{"line":35,"column":22}},{"start":{"line":35,"column":26},"end":{"line":35,"column":47}}],"line":35}},"s":{"0":1,"1":1,"2":13,"3":12,"4":2,"5":10,"6":1,"7":10,"8":7,"9":10,"10":10,"11":1,"12":1,"13":10,"14":1,"15":1,"16":10,"17":1,"18":1,"19":10,"20":10,"21":1},"f":{"0":13,"1":10,"2":7,"3":1,"4":1,"5":1},"b":{"0":[2,10],"1":[10,6]},"_coverageSchema":"1a1c01bbd47fc00a2c39e90264f33305004495a9","hash":"90159ce525b91009e13570deaff7d02b139049c7"}
,"C:\\Users\\HP\\Documents\\Next-Scene\\frontend\\react\\src\\context\\ThemeContext.jsx": {"path":"C:\\Users\\HP\\Documents\\Next-Scene\\frontend\\react\\src\\context\\ThemeContext.jsx","statementMap":{"0":{"start":{"line":4,"column":21},"end":{"line":4,"column":36}},"1":{"start":{"line":6,"column":24},"end":{"line":12,"column":1}},"2":{"start":{"line":7,"column":18},"end":{"line":7,"column":42}},"3":{"start":{"line":8,"column":2},"end":{"line":10,"column":3}},"4":{"start":{"line":9,"column":4},"end":{"line":9,"column":66}},"5":{"start":{"line":11,"column":2},"end":{"line":11,"column":17}},"6":{"start":{"line":14,"column":29},"end":{"line":36,"column":1}},"7":{"start":{"line":15,"column":28},"end":{"line":18,"column":4}},"8":{"start":{"line":16,"column":23},"end":{"line":16,"column":52}},"9":{"start":{"line":17,"column":4},"end":{"line":17,"column":33}},"10":{"start":{"line":20,"column":2},"end":{"line":25,"column":14}},"11":{"start":{"line":21,"column":17},"end":{"line":21,"column":41}},"12":{"start":{"line":22,"column":4},"end":{"line":22,"column":43}},"13":{"start":{"line":23,"column":4},"end":{"line":23,"column":30}},"14":{"start":{"line":24,"column":4},"end":{"line":24,"column":41}},"15":{"start":{"line":27,"column":22},"end":{"line":29,"column":3}},"16":{"start":{"line":28,"column":4},"end":{"line":28,"column":68}},"17":{"start":{"line":28,"column":26},"end":{"line":28,"column":66}},"18":{"start":{"line":31,"column":2},"end":{"line":35,"column":4}},"19":{"start":{"line":38,"column":0},"end":{"line":40,"column":2}}},"fnMap":{"0":{"name":"(anonymous_0)","decl":{"start":{"line":6,"column":24},"end":{"line":6,"column":25}},"loc":{"start":{"line":6,"column":30},"end":{"line":12,"column":1}},"line":6},"1":{"name":"(anonymous_1)","decl":{"start":{"line":14,"column":29},"end":{"line":14,"column":30}},"loc":{"start":{"line":14,"column":47},"end":{"line":36,"column":1}},"line":14},"2":{"name":"(anonymous_2)","decl":{"start":{"line":15,"column":37},"end":{"line":15,"column":38}},"loc":{"start":{"line":15,"column":43},"end":{"line":18,"column":3}},"line":15},"3":{"name":"(anonymous_3)","decl":{"start":{"line":20,"column":12},"end":{"line":20,"column":13}},"loc":{"start":{"line":20,"column":18},"end":{"line":25,"column":3}},"line":20},"4":{"name":"(anonymous_4)","decl":{"start":{"line":27,"column":22},"end":{"line":27,"column":23}},"loc":{"start":{"line":27,"column":28},"end":{"line":29,"column":3}},"line":27},"5":{"name":"(anonymous_5)","decl":{"start":{"line":28,"column":13},"end":{"line":28,"column":14}},"loc":{"start":{"line":28,"column":26},"end":{"line":28,"column":66}},"line":28}},"branchMap":{"0":{"loc":{"start":{"line":8,"column":2},"end":{"line":10,"column":3}},"type":"if","locations":[{"start":{"line":8,"column":2},"end":{"line":10,"column":3}},{"start":{},"end":{}}],"line":8},"1":{"loc":{"start":{"line":17,"column":11},"end":{"line":17,"column":32}},"type":"binary-expr","locations":[{"start":{"line":17,"column":11},"end":{"line":17,"column":21}},{"start":{"line":17,"column":25},"end":{"line":17,"column":32}}],"line":17},"2":{"loc":{"start":{"line":28,"column":26},"end":{"line":28,"column":66}},"type":"cond-expr","locations":[{"start":{"line":28,"column":50},"end":{"line":28,"column":56}},{"start":{"line":28,"column":59},"end":{"line":28,"column":66}}],"line":28}},"s":{"0":1,"1":1,"2":12,"3":11,"4":2,"5":9,"6":1,"7":9,"8":6,"9":6,"10":9,"11":9,"12":9,"13":9,"14":9,"15":9,"16":3,"17":3,"18":9,"19":1},"f":{"0":12,"1":9,"2":6,"3":9,"4":3,"5":3},"b":{"0":[2,9],"1":[6,4],"2":[2,1]},"_coverageSchema":"1a1c01bbd47fc00a2c39e90264f33305004495a9","hash":"a5574a83ab112731fd7a6c250d89852ad932490a"}
,"C:\\Users\\HP\\Documents\\Next-Scene\\frontend\\react\\src\\context\\ToastContext.jsx": {"path":"C:\\Users\\HP\\Documents\\Next-Scene\\frontend\\react\\src\\context\\ToastContext.jsx","statementMap":{"0":{"start":{"line":3,"column":21},"end":{"line":3,"column":45}},"1":{"start":{"line":5,"column":29},"end":{"line":38,"column":1}},"2":{"start":{"line":6,"column":30},"end":{"line":6,"column":42}},"3":{"start":{"line":8,"column":19},"end":{"line":20,"column":8}},"4":{"start":{"line":9,"column":15},"end":{"line":9,"column":41}},"5":{"start":{"line":10,"column":21},"end":{"line":15,"column":5}},"6":{"start":{"line":17,"column":4},"end":{"line":17,"column":45}},"7":{"start":{"line":17,"column":24},"end":{"line":17,"column":43}},"8":{"start":{"line":19,"column":4},"end":{"line":19,"column":14}},"9":{"start":{"line":22,"column":22},"end":{"line":24,"column":8}},"10":{"start":{"line":23,"column":4},"end":{"line":23,"column":65}},"11":{"start":{"line":23,"column":24},"end":{"line":23,"column":63}},"12":{"start":{"line":23,"column":47},"end":{"line":23,"column":62}},"13":{"start":{"line":26,"column":16},"end":{"line":31,"column":3}},"14":{"start":{"line":27,"column":36},"end":{"line":27,"column":74}},"15":{"start":{"line":28,"column":34},"end":{"line":28,"column":70}},"16":{"start":{"line":29,"column":33},"end":{"line":29,"column":68}},"17":{"start":{"line":30,"column":36},"end":{"line":30,"column":74}},"18":{"start":{"line":33,"column":2},"end":{"line":37,"column":4}},"19":{"start":{"line":40,"column":24},"end":{"line":46,"column":1}},"20":{"start":{"line":41,"column":18},"end":{"line":41,"column":42}},"21":{"start":{"line":42,"column":2},"end":{"line":44,"column":3}},"22":{"start":{"line":43,"column":4},"end":{"line":43,"column":68}},"23":{"start":{"line":45,"column":2},"end":{"line":45,"column":17}}},"fnMap":{"0":{"name":"(anonymous_0)","decl":{"start":{"line":5,"column":29},"end":{"line":5,"column":30}},"loc":{"start":{"line":5,"column":47},"end":{"line":38,"column":1}},"line":5},"1":{"name":"(anonymous_1)","decl":{"start":{"line":8,"column":31},"end":{"line":8,"column":32}},"loc":{"start":{"line":8,"column":76},"end":{"line":20,"column":3}},"line":8},"2":{"name":"(anonymous_2)","decl":{"start":{"line":17,"column":14},"end":{"line":17,"column":15}},"loc":{"start":{"line":17,"column":24},"end":{"line":17,"column":43}},"line":17},"3":{"name":"(anonymous_3)","decl":{"start":{"line":22,"column":34},"end":{"line":22,"column":35}},"loc":{"start":{"line":22,"column":42},"end":{"line":24,"column":3}},"line":22},"4":{"name":"(anonymous_4)","decl":{"start":{"line":23,"column":14},"end":{"line":23,"column":15}},"loc":{"start":{"line":23,"column":24},"end":{"line":23,"column":63}},"line":23},"5":{"name":"(anonymous_5)","decl":{"start":{"line":23,"column":36},"end":{"line":23,"column":37}},"loc":{"start":{"line":23,"column":47},"end":{"line":23,"column":62}},"line":23},"6":{"name":"(anonymous_6)","decl":{"start":{"line":27,"column":13},"end":{"line":27,"column":14}},"loc":{"start":{"line":27,"column":36},"end":{"line":27,"column":74}},"line":27},"7":{"name":"(anonymous_7)","decl":{"start":{"line":28,"column":11},"end":{"line":28,"column":12}},"loc":{"start":{"line":28,"column":34},"end":{"line":28,"column":70}},"line":28},"8":{"name":"(anonymous_8)","decl":{"start":{"line":29,"column":10},"end":{"line":29,"column":11}},"loc":{"start":{"line":29,"column":33},"end":{"line":29,"column":68}},"line":29},"9":{"name":"(anonymous_9)","decl":{"start":{"line":30,"column":13},"end":{"line":30,"column":14}},"loc":{"start":{"line":30,"column":36},"end":{"line":30,"column":74}},"line":30},"10":{"name":"(anonymous_10)","decl":{"start":{"line":40,"column":24},"end":{"line":40,"column":25}},"loc":{"start":{"line":40,"column":30},"end":{"line":46,"column":1}},"line":40}},"branchMap":{"0":{"loc":{"start":{"line":8,"column":41},"end":{"line":8,"column":54}},"type":"default-arg","locations":[{"start":{"line":8,"column":48},"end":{"line":8,"column":54}}],"line":8},"1":{"loc":{"start":{"line":8,"column":56},"end":{"line":8,"column":71}},"type":"default-arg","locations":[{"start":{"line":8,"column":67},"end":{"line":8,"column":71}}],"line":8},"2":{"loc":{"start":{"line":42,"column":2},"end":{"line":44,"column":3}},"type":"if","locations":[{"start":{"line":42,"column":2},"end":{"line":44,"column":3}},{"start":{},"end":{}}],"line":42}},"s":{"0":0,"1":0,"2":0,"3":0,"4":0,"5":0,"6":0,"7":0,"8":0,"9":0,"10":0,"11":0,"12":0,"13":0,"14":0,"15":0,"16":0,"17":0,"18":0,"19":0,"20":0,"21":0,"22":0,"23":0},"f":{"0":0,"1":0,"2":0,"3":0,"4":0,"5":0,"6":0,"7":0,"8":0,"9":0,"10":0},"b":{"0":[0],"1":[0],"2":[0,0]}}
,"C:\\Users\\HP\\Documents\\Next-Scene\\frontend\\react\\src\\context\\WatchlistContext.jsx": {"path":"C:\\Users\\HP\\Documents\\Next-Scene\\frontend\\react\\src\\context\\WatchlistContext.jsx","statementMap":{"0":{"start":{"line":6,"column":25},"end":{"line":6,"column":40}},"1":{"start":{"line":8,"column":28},"end":{"line":14,"column":1}},"2":{"start":{"line":9,"column":18},"end":{"line":9,"column":46}},"3":{"start":{"line":10,"column":2},"end":{"line":12,"column":3}},"4":{"start":{"line":11,"column":4},"end":{"line":11,"column":74}},"5":{"start":{"line":13,"column":2},"end":{"line":13,"column":17}},"6":{"start":{"line":16,"column":33},"end":{"line":133,"column":1}},"7":{"start":{"line":17,"column":19},"end":{"line":17,"column":28}},"8":{"start":{"line":18,"column":36},"end":{"line":18,"column":48}},"9":{"start":{"line":19,"column":44},"end":{"line":19,"column":56}},"10":{"start":{"line":20,"column":32},"end":{"line":20,"column":47}},"11":{"start":{"line":22,"column":2},"end":{"line":29,"column":13}},"12":{"start":{"line":23,"column":4},"end":{"line":28,"column":5}},"13":{"start":{"line":24,"column":6},"end":{"line":24,"column":23}},"14":{"start":{"line":26,"column":6},"end":{"line":26,"column":23}},"15":{"start":{"line":27,"column":6},"end":{"line":27,"column":27}},"16":{"start":{"line":31,"column":25},"end":{"line":58,"column":3}},"17":{"start":{"line":32,"column":4},"end":{"line":32,"column":22}},"18":{"start":{"line":32,"column":15},"end":{"line":32,"column":22}},"19":{"start":{"line":34,"column":4},"end":{"line":57,"column":5}},"20":{"start":{"line":35,"column":6},"end":{"line":35,"column":23}},"21":{"start":{"line":36,"column":19},"end":{"line":36,"column":62}},"22":{"start":{"line":38,"column":6},"end":{"line":52,"column":7}},"23":{"start":{"line":39,"column":24},"end":{"line":43,"column":11}},"24":{"start":{"line":39,"column":44},"end":{"line":39,"column":56}},"25":{"start":{"line":39,"column":71},"end":{"line":43,"column":9}},"26":{"start":{"line":44,"column":26},"end":{"line":48,"column":11}},"27":{"start":{"line":44,"column":46},"end":{"line":44,"column":59}},"28":{"start":{"line":44,"column":74},"end":{"line":48,"column":9}},"29":{"start":{"line":50,"column":8},"end":{"line":50,"column":34}},"30":{"start":{"line":51,"column":8},"end":{"line":51,"column":32}},"31":{"start":{"line":54,"column":6},"end":{"line":54,"column":56}},"32":{"start":{"line":56,"column":6},"end":{"line":56,"column":24}},"33":{"start":{"line":60,"column":25},"end":{"line":69,"column":3}},"34":{"start":{"line":61,"column":4},"end":{"line":61,"column":22}},"35":{"start":{"line":61,"column":15},"end":{"line":61,"column":22}},"36":{"start":{"line":63,"column":4},"end":{"line":68,"column":5}},"37":{"start":{"line":64,"column":6},"end":{"line":64,"column":59}},"38":{"start":{"line":65,"column":6},"end":{"line":65,"column":29}},"39":{"start":{"line":67,"column":6},"end":{"line":67,"column":57}},"40":{"start":{"line":71,"column":30},"end":{"line":86,"column":3}},"41":{"start":{"line":72,"column":4},"end":{"line":75,"column":5}},"42":{"start":{"line":73,"column":6},"end":{"line":73,"column":74}},"43":{"start":{"line":74,"column":6},"end":{"line":74,"column":13}},"44":{"start":{"line":77,"column":4},"end":{"line":85,"column":5}},"45":{"start":{"line":78,"column":6},"end":{"line":78,"column":94}},"46":{"start":{"line":79,"column":21},"end":{"line":79,"column":76}},"47":{"start":{"line":80,"column":6},"end":{"line":80,"column":44}},"48":{"start":{"line":81,"column":6},"end":{"line":81,"column":29}},"49":{"start":{"line":83,"column":6},"end":{"line":83,"column":61}},"50":{"start":{"line":84,"column":6},"end":{"line":84,"column":65}},"51":{"start":{"line":88,"column":24},"end":{"line":98,"column":3}},"52":{"start":{"line":89,"column":4},"end":{"line":89,"column":22}},"53":{"start":{"line":89,"column":15},"end":{"line":89,"column":22}},"54":{"start":{"line":91,"column":4},"end":{"line":97,"column":5}},"55":{"start":{"line":92,"column":6},"end":{"line":92,"column":76}},"56":{"start":{"line":93,"column":6},"end":{"line":93,"column":29}},"57":{"start":{"line":95,"column":6},"end":{"line":95,"column":56}},"58":{"start":{"line":96,"column":6},"end":{"line":96,"column":18}},"59":{"start":{"line":100,"column":24},"end":{"line":105,"column":3}},"60":{"start":{"line":101,"column":4},"end":{"line":101,"column":22}},"61":{"start":{"line":101,"column":15},"end":{"line":101,"column":22}},"62":{"start":{"line":103,"column":29},"end":{"line":103,"column":47}},"63":{"start":{"line":104,"column":4},"end":{"line":104,"column":52}},"64":{"start":{"line":107,"column":24},"end":{"line":109,"column":3}},"65":{"start":{"line":108,"column":4},"end":{"line":108,"column":70}},"66":{"start":{"line":108,"column":31},"end":{"line":108,"column":68}},"67":{"start":{"line":111,"column":20},"end":{"line":113,"column":3}},"68":{"start":{"line":112,"column":4},"end":{"line":112,"column":74}},"69":{"start":{"line":112,"column":35},"end":{"line":112,"column":72}},"70":{"start":{"line":115,"column":2},"end":{"line":132,"column":4}},"71":{"start":{"line":135,"column":0},"end":{"line":137,"column":2}}},"fnMap":{"0":{"name":"(anonymous_0)","decl":{"start":{"line":8,"column":28},"end":{"line":8,"column":29}},"loc":{"start":{"line":8,"column":34},"end":{"line":14,"column":1}},"line":8},"1":{"name":"(anonymous_1)","decl":{"start":{"line":16,"column":33},"end":{"line":16,"column":34}},"loc":{"start":{"line":16,"column":51},"end":{"line":133,"column":1}},"line":16},"2":{"name":"(anonymous_2)","decl":{"start":{"line":22,"column":12},"end":{"line":22,"column":13}},"loc":{"start":{"line":22,"column":18},"end":{"line":29,"column":3}},"line":22},"3":{"name":"(anonymous_3)","decl":{"start":{"line":31,"column":25},"end":{"line":31,"column":26}},"loc":{"start":{"line":31,"column":37},"end":{"line":58,"column":3}},"line":31},"4":{"name":"(anonymous_4)","decl":{"start":{"line":39,"column":36},"end":{"line":39,"column":37}},"loc":{"start":{"line":39,"column":44},"end":{"line":39,"column":56}},"line":39},"5":{"name":"(anonymous_5)","decl":{"start":{"line":39,"column":62},"end":{"line":39,"column":63}},"loc":{"start":{"line":39,"column":71},"end":{"line":43,"column":9}},"line":39},"6":{"name":"(anonymous_6)","decl":{"start":{"line":44,"column":38},"end":{"line":44,"column":39}},"loc":{"start":{"line":44,"column":46},"end":{"line":44,"column":59}},"line":44},"7":{"name":"(anonymous_7)","decl":{"start":{"line":44,"column":65},"end":{"line":44,"column":66}},"loc":{"start":{"line":44,"column":74},"end":{"line":48,"column":9}},"line":44},"8":{"name":"(anonymous_8)","decl":{"start":{"line":60,"column":25},"end":{"line":60,"column":26}},"loc":{"start":{"line":60,"column":44},"end":{"line":69,"column":3}},"line":60},"9":{"name":"(anonymous_9)","decl":{"start":{"line":71,"column":30},"end":{"line":71,"column":31}},"loc":{"start":{"line":71,"column":49},"end":{"line":86,"column":3}},"line":71},"10":{"name":"(anonymous_10)","decl":{"start":{"line":88,"column":24},"end":{"line":88,"column":25}},"loc":{"start":{"line":88,"column":59},"end":{"line":98,"column":3}},"line":88},"11":{"name":"(anonymous_11)","decl":{"start":{"line":100,"column":24},"end":{"line":100,"column":25}},"loc":{"start":{"line":100,"column":43},"end":{"line":105,"column":3}},"line":100},"12":{"name":"(anonymous_12)","decl":{"start":{"line":107,"column":24},"end":{"line":107,"column":25}},"loc":{"start":{"line":107,"column":37},"end":{"line":109,"column":3}},"line":107},"13":{"name":"(anonymous_13)","decl":{"start":{"line":108,"column":26},"end":{"line":108,"column":27}},"loc":{"start":{"line":108,"column":31},"end":{"line":108,"column":68}},"line":108},"14":{"name":"(anonymous_14)","decl":{"start":{"line":111,"column":20},"end":{"line":111,"column":21}},"loc":{"start":{"line":111,"column":33},"end":{"line":113,"column":3}},"line":111},"15":{"name":"(anonymous_15)","decl":{"start":{"line":112,"column":30},"end":{"line":112,"column":31}},"loc":{"start":{"line":112,"column":35},"end":{"line":112,"column":72}},"line":112}},"branchMap":{"0":{"loc":{"start":{"line":10,"column":2},"end":{"line":12,"column":3}},"type":"if","locations":[{"start":{"line":10,"column":2},"end":{"line":12,"column":3}},{"start":{},"end":{}}],"line":10},"1":{"loc":{"start":{"line":23,"column":4},"end":{"line":28,"column":5}},"type":"if","locations":[{"start":{"line":23,"column":4},"end":{"line":28,"column":5}},{"start":{"line":25,"column":11},"end":{"line":28,"column":5}}],"line":23},"2":{"loc":{"start":{"line":32,"column":4},"end":{"line":32,"column":22}},"type":"if","locations":[{"start":{"line":32,"column":4},"end":{"line":32,"column":22}},{"start":{},"end":{}}],"line":32},"3":{"loc":{"start":{"line":36,"column":42},"end":{"line":36,"column":61}},"type":"binary-expr","locations":[{"start":{"line":36,"column":42},"end":{"line":36,"column":50}},{"start":{"line":36,"column":54},"end":{"line":36,"column":61}}],"line":36},"4":{"loc":{"start":{"line":38,"column":6},"end":{"line":52,"column":7}},"type":"if","locations":[{"start":{"line":38,"column":6},"end":{"line":52,"column":7}},{"start":{},"end":{}}],"line":38},"5":{"loc":{"start":{"line":38,"column":10},"end":{"line":38,"column":37}},"type":"binary-expr","locations":[{"start":{"line":38,"column":10},"end":{"line":38,"column":14}},{"start":{"line":38,"column":18},"end":{"line":38,"column":37}}],"line":38},"6":{"loc":{"start":{"line":61,"column":4},"end":{"line":61,"column":22}},"type":"if","locations":[{"start":{"line":61,"column":4},"end":{"line":61,"column":22}},{"start":{},"end":{}}],"line":61},"7":{"loc":{"start":{"line":64,"column":29},"end":{"line":64,"column":48}},"type":"binary-expr","locations":[{"start":{"line":64,"column":29},"end":{"line":64,"column":37}},{"start":{"line":64,"column":41},"end":{"line":64,"column":48}}],"line":64},"8":{"loc":{"start":{"line":72,"column":4},"end":{"line":75,"column":5}},"type":"if","locations":[{"start":{"line":72,"column":4},"end":{"line":75,"column":5}},{"start":{},"end":{}}],"line":72},"9":{"loc":{"start":{"line":78,"column":62},"end":{"line":78,"column":81}},"type":"binary-expr","locations":[{"start":{"line":78,"column":62},"end":{"line":78,"column":70}},{"start":{"line":78,"column":74},"end":{"line":78,"column":81}}],"line":78},"10":{"loc":{"start":{"line":79,"column":47},"end":{"line":79,"column":66}},"type":"binary-expr","locations":[{"start":{"line":79,"column":47},"end":{"line":79,"column":55}},{"start":{"line":79,"column":59},"end":{"line":79,"column":66}}],"line":79},"11":{"loc":{"start":{"line":88,"column":40},"end":{"line":88,"column":54}},"type":"default-arg","locations":[{"start":{"line":88,"column":50},"end":{"line":88,"column":54}}],"line":88},"12":{"loc":{"start":{"line":89,"column":4},"end":{"line":89,"column":22}},"type":"if","locations":[{"start":{"line":89,"column":4},"end":{"line":89,"column":22}},{"start":{},"end":{}}],"line":89},"13":{"loc":{"start":{"line":92,"column":37},"end":{"line":92,"column":56}},"type":"binary-expr","locations":[{"start":{"line":92,"column":37},"end":{"line":92,"column":45}},{"start":{"line":92,"column":49},"end":{"line":92,"column":56}}],"line":92},"14":{"loc":{"start":{"line":101,"column":4},"end":{"line":101,"column":22}},"type":"if","locations":[{"start":{"line":101,"column":4},"end":{"line":101,"column":22}},{"start":{},"end":{}}],"line":101},"15":{"loc":{"start":{"line":108,"column":31},"end":{"line":108,"column":68}},"type":"binary-expr","locations":[{"start":{"line":108,"column":31},"end":{"line":108,"column":47}},{"start":{"line":108,"column":51},"end":{"line":108,"column":68}}],"line":108},"16":{"loc":{"start":{"line":112,"column":35},"end":{"line":112,"column":72}},"type":"binary-expr","locations":[{"start":{"line":112,"column":35},"end":{"line":112,"column":51}},{"start":{"line":112,"column":55},"end":{"line":112,"column":72}}],"line":112}},"s":{"0":0,"1":0,"2":0,"3":0,"4":0,"5":0,"6":0,"7":0,"8":0,"9":0,"10":0,"11":0,"12":0,"13":0,"14":0,"15":0,"16":0,"17":0,"18":0,"19":0,"20":0,"21":0,"22":0,"23":0,"24":0,"25":0,"26":0,"27":0,"28":0,"29":0,"30":0,"31":0,"32":0,"33":0,"34":0,"35":0,"36":0,"37":0,"38":0,"39":0,"40":0,"41":0,"42":0,"43":0,"44":0,"45":0,"46":0,"47":0,"48":0,"49":0,"50":0,"51":0,"52":0,"53":0,"54":0,"55":0,"56":0,"57":0,"58":0,"59":0,"60":0,"61":0,"62":0,"63":0,"64":0,"65":0,"66":0,"67":0,"68":0,"69":0,"70":0,"71":0},"f":{"0":0,"1":0,"2":0,"3":0,"4":0,"5":0,"6":0,"7":0,"8":0,"9":0,"10":0,"11":0,"12":0,"13":0,"14":0,"15":0},"b":{"0":[0,0],"1":[0,0],"2":[0,0],"3":[0,0],"4":[0,0],"5":[0,0],"6":[0,0],"7":[0,0],"8":[0,0],"9":[0,0],"10":[0,0],"11":[0],"12":[0,0],"13":[0,0],"14":[0,0],"15":[0,0],"16":[0,0]}}
,"C:\\Users\\HP\\Documents\\Next-Scene\\frontend\\react\\src\\layouts\\Footer.jsx": {"path":"C:\\Users\\HP\\Documents\\Next-Scene\\frontend\\react\\src\\layouts\\Footer.jsx","statementMap":{"0":{"start":{"line":4,"column":15},"end":{"line":217,"column":1}},"1":{"start":{"line":5,"column":19},"end":{"line":5,"column":28}},"2":{"start":{"line":6,"column":19},"end":{"line":6,"column":32}},"3":{"start":{"line":8,"column":19},"end":{"line":8,"column":55}},"4":{"start":{"line":8,"column":29},"end":{"line":8,"column":55}},"5":{"start":{"line":10,"column":2},"end":{"line":216,"column":4}}},"fnMap":{"0":{"name":"(anonymous_0)","decl":{"start":{"line":4,"column":15},"end":{"line":4,"column":16}},"loc":{"start":{"line":4,"column":21},"end":{"line":217,"column":1}},"line":4},"1":{"name":"(anonymous_1)","decl":{"start":{"line":8,"column":19},"end":{"line":8,"column":20}},"loc":{"start":{"line":8,"column":29},"end":{"line":8,"column":55}},"line":8}},"branchMap":{"0":{"loc":{"start":{"line":14,"column":8},"end":{"line":16,"column":76}},"type":"cond-expr","locations":[{"start":{"line":15,"column":12},"end":{"line":15,"column":38}},{"start":{"line":16,"column":12},"end":{"line":16,"column":76}}],"line":14},"1":{"loc":{"start":{"line":19,"column":11},"end":{"line":123,"column":11}},"type":"cond-expr","locations":[{"start":{"line":20,"column":12},"end":{"line":56,"column":15}},{"start":{"line":58,"column":12},"end":{"line":122,"column":15}}],"line":19},"2":{"loc":{"start":{"line":24,"column":18},"end":{"line":24,"column":82}},"type":"cond-expr","locations":[{"start":{"line":24,"column":39},"end":{"line":24,"column":64}},{"start":{"line":24,"column":67},"end":{"line":24,"column":82}}],"line":24},"3":{"loc":{"start":{"line":36,"column":18},"end":{"line":36,"column":89}},"type":"cond-expr","locations":[{"start":{"line":36,"column":46},"end":{"line":36,"column":71}},{"start":{"line":36,"column":74},"end":{"line":36,"column":89}}],"line":36},"4":{"loc":{"start":{"line":48,"column":18},"end":{"line":48,"column":84}},"type":"cond-expr","locations":[{"start":{"line":48,"column":41},"end":{"line":48,"column":66}},{"start":{"line":48,"column":69},"end":{"line":48,"column":84}}],"line":48},"5":{"loc":{"start":{"line":62,"column":18},"end":{"line":62,"column":112}},"type":"cond-expr","locations":[{"start":{"line":62,"column":34},"end":{"line":62,"column":75}},{"start":{"line":62,"column":78},"end":{"line":62,"column":112}}],"line":62},"6":{"loc":{"start":{"line":74,"column":18},"end":{"line":74,"column":118}},"type":"cond-expr","locations":[{"start":{"line":74,"column":40},"end":{"line":74,"column":81}},{"start":{"line":74,"column":84},"end":{"line":74,"column":118}}],"line":74},"7":{"loc":{"start":{"line":83,"column":15},"end":{"line":121,"column":15}},"type":"binary-expr","locations":[{"start":{"line":83,"column":15},"end":{"line":83,"column":19}},{"start":{"line":84,"column":16},"end":{"line":120,"column":19}}],"line":83},"8":{"loc":{"start":{"line":88,"column":22},"end":{"line":88,"column":125}},"type":"cond-expr","locations":[{"start":{"line":88,"column":47},"end":{"line":88,"column":88}},{"start":{"line":88,"column":91},"end":{"line":88,"column":125}}],"line":88},"9":{"loc":{"start":{"line":100,"column":22},"end":{"line":100,"column":125}},"type":"cond-expr","locations":[{"start":{"line":100,"column":47},"end":{"line":100,"column":88}},{"start":{"line":100,"column":91},"end":{"line":100,"column":125}}],"line":100},"10":{"loc":{"start":{"line":112,"column":22},"end":{"line":112,"column":123}},"type":"cond-expr","locations":[{"start":{"line":112,"column":45},"end":{"line":112,"column":86}},{"start":{"line":112,"column":89},"end":{"line":112,"column":123}}],"line":112}},"s":{"0":1,"1":3,"2":3,"3":3,"4":6,"5":3},"f":{"0":3,"1":6},"b":{"0":[0,3],"1":[0,3],"2":[0,0],"3":[0,0],"4":[0,0],"5":[3,0],"6":[0,3],"7":[3,0],"8":[0,0],"9":[0,0],"10":[0,0]},"_coverageSchema":"1a1c01bbd47fc00a2c39e90264f33305004495a9","hash":"f061b2e56ef3e574c96d2e758cc4c6861a1c18e0"}
,"C:\\Users\\HP\\Documents\\Next-Scene\\frontend\\react\\src\\layouts\\Header.jsx": {"path":"C:\\Users\\HP\\Documents\\Next-Scene\\frontend\\react\\src\\layouts\\Header.jsx","statementMap":{"0":{"start":{"line":7,"column":15},"end":{"line":296,"column":1}},"1":{"start":{"line":8,"column":27},"end":{"line":8,"column":36}},"2":{"start":{"line":9,"column":33},"end":{"line":9,"column":43}},"3":{"start":{"line":10,"column":19},"end":{"line":10,"column":32}},"4":{"start":{"line":11,"column":19},"end":{"line":11,"column":32}},"5":{"start":{"line":12,"column":40},"end":{"line":12,"column":52}},"6":{"start":{"line":13,"column":44},"end":{"line":13,"column":59}},"7":{"start":{"line":14,"column":48},"end":{"line":14,"column":63}},"8":{"start":{"line":16,"column":19},"end":{"line":16,"column":55}},"9":{"start":{"line":16,"column":29},"end":{"line":16,"column":55}},"10":{"start":{"line":18,"column":23},"end":{"line":24,"column":3}},"11":{"start":{"line":19,"column":4},"end":{"line":19,"column":23}},"12":{"start":{"line":20,"column":4},"end":{"line":23,"column":5}},"13":{"start":{"line":21,"column":6},"end":{"line":21,"column":63}},"14":{"start":{"line":22,"column":6},"end":{"line":22,"column":25}},"15":{"start":{"line":26,"column":23},"end":{"line":29,"column":3}},"16":{"start":{"line":27,"column":4},"end":{"line":27,"column":13}},"17":{"start":{"line":28,"column":4},"end":{"line":28,"column":24}},"18":{"start":{"line":31,"column":27},"end":{"line":33,"column":3}},"19":{"start":{"line":32,"column":4},"end":{"line":32,"column":27}},"20":{"start":{"line":35,"column":27},"end":{"line":39,"column":3}},"21":{"start":{"line":36,"column":4},"end":{"line":38,"column":12}},"22":{"start":{"line":37,"column":6},"end":{"line":37,"column":30}},"23":{"start":{"line":41,"column":26},"end":{"line":44,"column":3}},"24":{"start":{"line":42,"column":4},"end":{"line":42,"column":18}},"25":{"start":{"line":43,"column":4},"end":{"line":43,"column":26}},"26":{"start":{"line":46,"column":2},"end":{"line":295,"column":4}},"27":{"start":{"line":211,"column":33},"end":{"line":211,"column":69}},"28":{"start":{"line":222,"column":37},"end":{"line":222,"column":62}},"29":{"start":{"line":228,"column":24},"end":{"line":228,"column":39}},"30":{"start":{"line":229,"column":24},"end":{"line":229,"column":50}}},"fnMap":{"0":{"name":"(anonymous_0)","decl":{"start":{"line":7,"column":15},"end":{"line":7,"column":16}},"loc":{"start":{"line":7,"column":21},"end":{"line":296,"column":1}},"line":7},"1":{"name":"(anonymous_1)","decl":{"start":{"line":16,"column":19},"end":{"line":16,"column":20}},"loc":{"start":{"line":16,"column":29},"end":{"line":16,"column":55}},"line":16},"2":{"name":"(anonymous_2)","decl":{"start":{"line":18,"column":23},"end":{"line":18,"column":24}},"loc":{"start":{"line":18,"column":30},"end":{"line":24,"column":3}},"line":18},"3":{"name":"(anonymous_3)","decl":{"start":{"line":26,"column":23},"end":{"line":26,"column":24}},"loc":{"start":{"line":26,"column":29},"end":{"line":29,"column":3}},"line":26},"4":{"name":"(anonymous_4)","decl":{"start":{"line":31,"column":27},"end":{"line":31,"column":28}},"loc":{"start":{"line":31,"column":33},"end":{"line":33,"column":3}},"line":31},"5":{"name":"(anonymous_5)","decl":{"start":{"line":35,"column":27},"end":{"line":35,"column":28}},"loc":{"start":{"line":35,"column":33},"end":{"line":39,"column":3}},"line":35},"6":{"name":"(anonymous_6)","decl":{"start":{"line":36,"column":15},"end":{"line":36,"column":16}},"loc":{"start":{"line":36,"column":21},"end":{"line":38,"column":5}},"line":36},"7":{"name":"(anonymous_7)","decl":{"start":{"line":41,"column":26},"end":{"line":41,"column":27}},"loc":{"start":{"line":41,"column":32},"end":{"line":44,"column":3}},"line":41},"8":{"name":"(anonymous_8)","decl":{"start":{"line":211,"column":27},"end":{"line":211,"column":28}},"loc":{"start":{"line":211,"column":33},"end":{"line":211,"column":69}},"line":211},"9":{"name":"(anonymous_9)","decl":{"start":{"line":222,"column":31},"end":{"line":222,"column":32}},"loc":{"start":{"line":222,"column":37},"end":{"line":222,"column":62}},"line":222},"10":{"name":"(anonymous_10)","decl":{"start":{"line":227,"column":31},"end":{"line":227,"column":32}},"loc":{"start":{"line":227,"column":37},"end":{"line":230,"column":23}},"line":227}},"branchMap":{"0":{"loc":{"start":{"line":20,"column":4},"end":{"line":23,"column":5}},"type":"if","locations":[{"start":{"line":20,"column":4},"end":{"line":23,"column":5}},{"start":{},"end":{}}],"line":20},"1":{"loc":{"start":{"line":51,"column":10},"end":{"line":51,"column":41}},"type":"cond-expr","locations":[{"start":{"line":51,"column":26},"end":{"line":51,"column":32}},{"start":{"line":51,"column":35},"end":{"line":51,"column":41}}],"line":51},"2":{"loc":{"start":{"line":60,"column":13},"end":{"line":64,"column":13}},"type":"binary-expr","locations":[{"start":{"line":60,"column":13},"end":{"line":60,"column":26}},{"start":{"line":61,"column":14},"end":{"line":63,"column":21}}],"line":60},"3":{"loc":{"start":{"line":68,"column":11},"end":{"line":87,"column":11}},"type":"binary-expr","locations":[{"start":{"line":68,"column":11},"end":{"line":68,"column":24}},{"start":{"line":69,"column":12},"end":{"line":86,"column":18}}],"line":68},"4":{"loc":{"start":{"line":91,"column":13},"end":{"line":189,"column":13}},"type":"cond-expr","locations":[{"start":{"line":92,"column":14},"end":{"line":126,"column":17}},{"start":{"line":128,"column":14},"end":{"line":188,"column":17}}],"line":91},"5":{"loc":{"start":{"line":96,"column":20},"end":{"line":98,"column":98}},"type":"cond-expr","locations":[{"start":{"line":97,"column":24},"end":{"line":97,"column":95}},{"start":{"line":98,"column":24},"end":{"line":98,"column":98}}],"line":96},"6":{"loc":{"start":{"line":102,"column":19},"end":{"line":102,"column":88}},"type":"binary-expr","locations":[{"start":{"line":102,"column":19},"end":{"line":102,"column":32}},{"start":{"line":102,"column":36},"end":{"line":102,"column":88}}],"line":102},"7":{"loc":{"start":{"line":107,"column":20},"end":{"line":109,"column":98}},"type":"cond-expr","locations":[{"start":{"line":108,"column":24},"end":{"line":108,"column":95}},{"start":{"line":109,"column":24},"end":{"line":109,"column":98}}],"line":107},"8":{"loc":{"start":{"line":113,"column":19},"end":{"line":113,"column":88}},"type":"binary-expr","locations":[{"start":{"line":113,"column":19},"end":{"line":113,"column":32}},{"start":{"line":113,"column":36},"end":{"line":113,"column":88}}],"line":113},"9":{"loc":{"start":{"line":118,"column":20},"end":{"line":120,"column":98}},"type":"cond-expr","locations":[{"start":{"line":119,"column":24},"end":{"line":119,"column":95}},{"start":{"line":120,"column":24},"end":{"line":120,"column":98}}],"line":118},"10":{"loc":{"start":{"line":124,"column":19},"end":{"line":124,"column":85}},"type":"binary-expr","locations":[{"start":{"line":124,"column":19},"end":{"line":124,"column":32}},{"start":{"line":124,"column":36},"end":{"line":124,"column":85}}],"line":124},"11":{"loc":{"start":{"line":132,"column":20},"end":{"line":134,"column":98}},"type":"cond-expr","locations":[{"start":{"line":133,"column":24},"end":{"line":133,"column":95}},{"start":{"line":134,"column":24},"end":{"line":134,"column":98}}],"line":132},"12":{"loc":{"start":{"line":138,"column":19},"end":{"line":138,"column":83}},"type":"binary-expr","locations":[{"start":{"line":138,"column":19},"end":{"line":138,"column":32}},{"start":{"line":138,"column":36},"end":{"line":138,"column":83}}],"line":138},"13":{"loc":{"start":{"line":140,"column":17},"end":{"line":165,"column":17}},"type":"binary-expr","locations":[{"start":{"line":140,"column":17},"end":{"line":140,"column":21}},{"start":{"line":141,"column":18},"end":{"line":164,"column":21}}],"line":140},"14":{"loc":{"start":{"line":145,"column":24},"end":{"line":147,"column":102}},"type":"cond-expr","locations":[{"start":{"line":146,"column":28},"end":{"line":146,"column":99}},{"start":{"line":147,"column":28},"end":{"line":147,"column":102}}],"line":145},"15":{"loc":{"start":{"line":151,"column":23},"end":{"line":151,"column":92}},"type":"binary-expr","locations":[{"start":{"line":151,"column":23},"end":{"line":151,"column":36}},{"start":{"line":151,"column":40},"end":{"line":151,"column":92}}],"line":151},"16":{"loc":{"start":{"line":156,"column":24},"end":{"line":158,"column":102}},"type":"cond-expr","locations":[{"start":{"line":157,"column":28},"end":{"line":157,"column":99}},{"start":{"line":158,"column":28},"end":{"line":158,"column":102}}],"line":156},"17":{"loc":{"start":{"line":162,"column":23},"end":{"line":162,"column":92}},"type":"binary-expr","locations":[{"start":{"line":162,"column":23},"end":{"line":162,"column":36}},{"start":{"line":162,"column":40},"end":{"line":162,"column":92}}],"line":162},"18":{"loc":{"start":{"line":169,"column":20},"end":{"line":171,"column":98}},"type":"cond-expr","locations":[{"start":{"line":170,"column":24},"end":{"line":170,"column":95}},{"start":{"line":171,"column":24},"end":{"line":171,"column":98}}],"line":169},"19":{"loc":{"start":{"line":175,"column":19},"end":{"line":175,"column":85}},"type":"binary-expr","locations":[{"start":{"line":175,"column":19},"end":{"line":175,"column":32}},{"start":{"line":175,"column":36},"end":{"line":175,"column":85}}],"line":175},"20":{"loc":{"start":{"line":180,"column":20},"end":{"line":182,"column":98}},"type":"cond-expr","locations":[{"start":{"line":181,"column":24},"end":{"line":181,"column":95}},{"start":{"line":182,"column":24},"end":{"line":182,"column":98}}],"line":180},"21":{"loc":{"start":{"line":186,"column":19},"end":{"line":186,"column":87}},"type":"binary-expr","locations":[{"start":{"line":186,"column":19},"end":{"line":186,"column":32}},{"start":{"line":186,"column":36},"end":{"line":186,"column":87}}],"line":186},"22":{"loc":{"start":{"line":193,"column":11},"end":{"line":204,"column":11}},"type":"binary-expr","locations":[{"start":{"line":193,"column":12},"end":{"line":193,"column":17}},{"start":{"line":193,"column":21},"end":{"line":193,"column":43}},{"start":{"line":194,"column":12},"end":{"line":203,"column":18}}],"line":193},"23":{"loc":{"start":{"line":200,"column":42},"end":{"line":200,"column":81}},"type":"cond-expr","locations":[{"start":{"line":200,"column":61},"end":{"line":200,"column":70}},{"start":{"line":200,"column":73},"end":{"line":200,"column":81}}],"line":200},"24":{"loc":{"start":{"line":201,"column":17},"end":{"line":201,"column":124}},"type":"binary-expr","locations":[{"start":{"line":201,"column":17},"end":{"line":201,"column":30}},{"start":{"line":201,"column":34},"end":{
[...]
lumn":17},"end":{"line":54,"column":29}},"type":"default-arg","locations":[{"start":{"line":54,"column":25},"end":{"line":54,"column":29}}],"line":54},"6":{"loc":{"start":{"line":55,"column":16},"end":{"line":57,"column":36}},"type":"cond-expr","locations":[{"start":{"line":56,"column":8},"end":{"line":56,"column":51}},{"start":{"line":57,"column":8},"end":{"line":57,"column":36}}],"line":55},"7":{"loc":{"start":{"line":59,"column":4},"end":{"line":59,"column":64}},"type":"if","locations":[{"start":{"line":59,"column":4},"end":{"line":59,"column":64}},{"start":{},"end":{}}],"line":59},"8":{"loc":{"start":{"line":65,"column":4},"end":{"line":65,"column":63}},"type":"if","locations":[{"start":{"line":65,"column":4},"end":{"line":65,"column":63}},{"start":{},"end":{}}],"line":65},"9":{"loc":{"start":{"line":71,"column":4},"end":{"line":71,"column":65}},"type":"if","locations":[{"start":{"line":71,"column":4},"end":{"line":71,"column":65}},{"start":{},"end":{}}],"line":71},"10":{"loc":{"start":{"line":81,"column":4},"end":{"line":84,"column":5}},"type":"if","locations":[{"start":{"line":81,"column":4},"end":{"line":84,"column":5}},{"start":{},"end":{}}],"line":81},"11":{"loc":{"start":{"line":83,"column":22},"end":{"line":83,"column":67}},"type":"binary-expr","locations":[{"start":{"line":83,"column":22},"end":{"line":83,"column":39}},{"start":{"line":83,"column":43},"end":{"line":83,"column":67}}],"line":83},"12":{"loc":{"start":{"line":92,"column":4},"end":{"line":95,"column":5}},"type":"if","locations":[{"start":{"line":92,"column":4},"end":{"line":95,"column":5}},{"start":{},"end":{}}],"line":92},"13":{"loc":{"start":{"line":94,"column":22},"end":{"line":94,"column":67}},"type":"binary-expr","locations":[{"start":{"line":94,"column":22},"end":{"line":94,"column":39}},{"start":{"line":94,"column":43},"end":{"line":94,"column":67}}],"line":94},"14":{"loc":{"start":{"line":101,"column":4},"end":{"line":101,"column":73}},"type":"if","locations":[{"start":{"line":101,"column":4},"end":{"line":101,"column":73}},{"start":{},"end":{}}],"line":101},"15":{"loc":{"start":{"line":110,"column":4},"end":{"line":110,"column":67}},"type":"if","locations":[{"start":{"line":110,"column":4},"end":{"line":110,"column":67}},{"start":{},"end":{}}],"line":110},"16":{"loc":{"start":{"line":120,"column":4},"end":{"line":123,"column":5}},"type":"if","locations":[{"start":{"line":120,"column":4},"end":{"line":123,"column":5}},{"start":{},"end":{}}],"line":120},"17":{"loc":{"start":{"line":122,"column":22},"end":{"line":122,"column":71}},"type":"binary-expr","locations":[{"start":{"line":122,"column":22},"end":{"line":122,"column":39}},{"start":{"line":122,"column":43},"end":{"line":122,"column":71}}],"line":122},"18":{"loc":{"start":{"line":137,"column":6},"end":{"line":144,"column":7}},"type":"if","locations":[{"start":{"line":137,"column":6},"end":{"line":144,"column":7}},{"start":{},"end":{}}],"line":137},"19":{"loc":{"start":{"line":143,"column":24},"end":{"line":143,"column":78}},"type":"binary-expr","locations":[{"start":{"line":143,"column":24},"end":{"line":143,"column":41}},{"start":{"line":143,"column":45},"end":{"line":143,"column":78}}],"line":143},"20":{"loc":{"start":{"line":154,"column":39},"end":{"line":154,"column":53}},"type":"default-arg","locations":[{"start":{"line":154,"column":49},"end":{"line":154,"column":53}}],"line":154},"21":{"loc":{"start":{"line":160,"column":4},"end":{"line":163,"column":5}},"type":"if","locations":[{"start":{"line":160,"column":4},"end":{"line":163,"column":5}},{"start":{},"end":{}}],"line":160},"22":{"loc":{"start":{"line":162,"column":22},"end":{"line":162,"column":70}},"type":"binary-expr","locations":[{"start":{"line":162,"column":22},"end":{"line":162,"column":39}},{"start":{"line":162,"column":43},"end":{"line":162,"column":70}}],"line":162},"23":{"loc":{"start":{"line":169,"column":4},"end":{"line":172,"column":5}},"type":"if","locations":[{"start":{"line":169,"column":4},"end":{"line":172,"column":5}},{"start":{},"end":{}}],"line":169},"24":{"loc":{"start":{"line":171,"column":22},"end":{"line":171,"column":71}},"type":"binary-expr","locations":[{"start":{"line":171,"column":22},"end":{"line":171,"column":39}},{"start":{"line":171,"column":43},"end":{"line":171,"column":71}}],"line":171},"25":{"loc":{"start":{"line":181,"column":4},"end":{"line":181,"column":69}},"type":"if","locations":[{"start":{"line":181,"column":4},"end":{"line":181,"column":69}},{"start":{},"end":{}}],"line":181},"26":{"loc":{"start":{"line":187,"column":4},"end":{"line":187,"column":63}},"type":"if","locations":[{"start":{"line":187,"column":4},"end":{"line":187,"column":63}},{"start":{},"end":{}}],"line":187},"27":{"loc":{"start":{"line":193,"column":4},"end":{"line":193,"column":81}},"type":"if","locations":[{"start":{"line":193,"column":4},"end":{"line":193,"column":81}},{"start":{},"end":{}}],"line":193},"28":{"loc":{"start":{"line":203,"column":4},"end":{"line":206,"column":5}},"type":"if","locations":[{"start":{"line":203,"column":4},"end":{"line":206,"column":5}},{"start":{},"end":{}}],"line":203},"29":{"loc":{"start":{"line":205,"column":22},"end":{"line":205,"column":64}},"type":"binary-expr","locations":[{"start":{"line":205,"column":22},"end":{"line":205,"column":39}},{"start":{"line":205,"column":43},"end":{"line":205,"column":64}}],"line":205},"30":{"loc":{"start":{"line":216,"column":4},"end":{"line":219,"column":5}},"type":"if","locations":[{"start":{"line":216,"column":4},"end":{"line":219,"column":5}},{"start":{},"end":{}}],"line":216},"31":{"loc":{"start":{"line":218,"column":22},"end":{"line":218,"column":67}},"type":"binary-expr","locations":[{"start":{"line":218,"column":22},"end":{"line":218,"column":39}},{"start":{"line":218,"column":43},"end":{"line":218,"column":67}}],"line":218},"32":{"loc":{"start":{"line":227,"column":4},"end":{"line":230,"column":5}},"type":"if","locations":[{"start":{"line":227,"column":4},"end":{"line":230,"column":5}},{"start":{},"end":{}}],"line":227},"33":{"loc":{"start":{"line":229,"column":22},"end":{"line":229,"column":67}},"type":"binary-expr","locations":[{"start":{"line":229,"column":22},"end":{"line":229,"column":39}},{"start":{"line":229,"column":43},"end":{"line":229,"column":67}}],"line":229},"34":{"loc":{"start":{"line":240,"column":4},"end":{"line":243,"column":5}},"type":"if","locations":[{"start":{"line":240,"column":4},"end":{"line":243,"column":5}},{"start":{},"end":{}}],"line":240},"35":{"loc":{"start":{"line":242,"column":22},"end":{"line":242,"column":71}},"type":"binary-expr","locations":[{"start":{"line":242,"column":22},"end":{"line":242,"column":39}},{"start":{"line":242,"column":43},"end":{"line":242,"column":71}}],"line":242},"36":{"loc":{"start":{"line":251,"column":4},"end":{"line":254,"column":5}},"type":"if","locations":[{"start":{"line":251,"column":4},"end":{"line":254,"column":5}},{"start":{},"end":{}}],"line":251},"37":{"loc":{"start":{"line":253,"column":22},"end":{"line":253,"column":66}},"type":"binary-expr","locations":[{"start":{"line":253,"column":22},"end":{"line":253,"column":39}},{"start":{"line":253,"column":43},"end":{"line":253,"column":66}}],"line":253}},"s":{"0":0,"1":0,"2":0,"3":0,"4":0,"5":0,"6":0,"7":0,"8":0,"9":0,"10":0,"11":0,"12":0,"13":0,"14":0,"15":0,"16":0,"17":0,"18":0,"19":0,"20":0,"21":0,"22":0,"23":0,"24":0,"25":0,"26":0,"27":0,"28":0,"29":0,"30":0,"31":0,"32":0,"33":0,"34":0,"35":0,"36":0,"37":0,"38":0,"39":0,"40":0,"41":0,"42":0,"43":0,"44":0,"45":0,"46":0,"47":0,"48":0,"49":0,"50":0,"51":0,"52":0,"53":0,"54":0,"55":0,"56":0,"57":0,"58":0,"59":0,"60":0,"61":0,"62":0,"63":0,"64":0,"65":0,"66":0,"67":0,"68":0,"69":0,"70":0,"71":0,"72":0,"73":0,"74":0,"75":0,"76":0,"77":0,"78":0,"79":0,"80":0,"81":0,"82":0,"83":0,"84":0,"85":0,"86":0,"87":0,"88":0,"89":0,"90":0,"91":0,"92":0,"93":0,"94":0,"95":0,"96":0,"97":0,"98":0,"99":0,"100":0,"101":0,"102":0,"103":0,"104":0,"105":0,"106":0,"107":0,"108":0,"109":0,"110":0,"111":0,"112":0,"113":0,"114":0,"115":0,"116":0,"117":0,"118":0,"119":0,"120":0,"121":0,"122":0,"123":0,"124":0,"125":0,"126":0,"127":0,"128":0,"129":0},"f":{"0":0,"1":0,"2":0,"3":0,"4":0,"5":0,"6":0,"7":0,"8":0,"9":0,"10":0,"11":0,"12":0,"13":0,"14":0,"15":0,"16":0,"17":0,"18":0,"19":0,"20":0,"21":0,"22":0,"23":0,"24":0,"25":0,"26":0,"27":0,"28":0,"29":0,"30":0,"31":0,"32":0,"33":0,"34":0,"35":0},"b":{"0":[0,0],"1":[0,0],"2":[0,0],"3":[0,0],"4":[0,0],"5":[0],"6":[0,0],"7":[0,0],"8":[0,0],"9":[0,0],"10":[0,0],"11":[0,0],"12":[0,0],"13":[0,0],"14":[0,0],"15":[0,0],"16":[0,0],"17":[0,0],"18":[0,0],"19":[0,0],"20":[0],"21":[0,0],"22":[0,0],"23":[0,0],"24":[0,0],"25":[0,0],"26":[0,0],"27":[0,0],"28":[0,0],"29":[0,0],"30":[0,0],"31":[0,0],"32":[0,0],"33":[0,0],"34":[0,0],"35":[0,0],"36":[0,0],"37":[0,0]}}
,"C:\\Users\\HP\\Documents\\Next-Scene\\frontend\\react\\src\\utils\\auth.js": {"path":"C:\\Users\\HP\\Documents\\Next-Scene\\frontend\\react\\src\\utils\\auth.js","statementMap":{"0":{"start":{"line":1,"column":23},"end":{"line":9,"column":1}},"1":{"start":{"line":2,"column":2},"end":{"line":8,"column":3}},"2":{"start":{"line":3,"column":17},"end":{"line":3,"column":45}},"3":{"start":{"line":4,"column":4},"end":{"line":4,"column":42}},"4":{"start":{"line":6,"column":4},"end":{"line":6,"column":53}},"5":{"start":{"line":7,"column":4},"end":{"line":7,"column":16}},"6":{"start":{"line":11,"column":23},"end":{"line":13,"column":1}},"7":{"start":{"line":12,"column":2},"end":{"line":12,"column":57}},"8":{"start":{"line":15,"column":26},"end":{"line":17,"column":1}},"9":{"start":{"line":16,"column":2},"end":{"line":16,"column":34}},"10":{"start":{"line":19,"column":31},"end":{"line":21,"column":1}},"11":{"start":{"line":20,"column":2},"end":{"line":20,"column":28}},"12":{"start":{"line":23,"column":23},"end":{"line":26,"column":1}},"13":{"start":{"line":24,"column":15},"end":{"line":24,"column":24}},"14":{"start":{"line":25,"column":2},"end":{"line":25,"column":39}},"15":{"start":{"line":28,"column":25},"end":{"line":31,"column":1}},"16":{"start":{"line":29,"column":15},"end":{"line":29,"column":24}},"17":{"start":{"line":30,"column":2},"end":{"line":30,"column":43}}},"fnMap":{"0":{"name":"(anonymous_0)","decl":{"start":{"line":1,"column":23},"end":{"line":1,"column":24}},"loc":{"start":{"line":1,"column":29},"end":{"line":9,"column":1}},"line":1},"1":{"name":"(anonymous_1)","decl":{"start":{"line":11,"column":23},"end":{"line":11,"column":24}},"loc":{"start":{"line":11,"column":37},"end":{"line":13,"column":1}},"line":11},"2":{"name":"(anonymous_2)","decl":{"start":{"line":15,"column":26},"end":{"line":15,"column":27}},"loc":{"start":{"line":15,"column":32},"end":{"line":17,"column":1}},"line":15},"3":{"name":"(anonymous_3)","decl":{"start":{"line":19,"column":31},"end":{"line":19,"column":32}},"loc":{"start":{"line":19,"column":37},"end":{"line":21,"column":1}},"line":19},"4":{"name":"(anonymous_4)","decl":{"start":{"line":23,"column":23},"end":{"line":23,"column":24}},"loc":{"start":{"line":23,"column":29},"end":{"line":26,"column":1}},"line":23},"5":{"name":"(anonymous_5)","decl":{"start":{"line":28,"column":25},"end":{"line":28,"column":26}},"loc":{"start":{"line":28,"column":31},"end":{"line":31,"column":1}},"line":28}},"branchMap":{"0":{"loc":{"start":{"line":4,"column":11},"end":{"line":4,"column":41}},"type":"cond-expr","locations":[{"start":{"line":4,"column":18},"end":{"line":4,"column":34}},{"start":{"line":4,"column":37},"end":{"line":4,"column":41}}],"line":4},"1":{"loc":{"start":{"line":25,"column":9},"end":{"line":25,"column":38}},"type":"binary-expr","locations":[{"start":{"line":25,"column":9},"end":{"line":25,"column":13}},{"start":{"line":25,"column":17},"end":{"line":25,"column":38}}],"line":25},"2":{"loc":{"start":{"line":30,"column":9},"end":{"line":30,"column":42}},"type":"cond-expr","locations":[{"start":{"line":30,"column":16},"end":{"line":30,"column":35}},{"start":{"line":30,"column":38},"end":{"line":30,"column":42}}],"line":30},"3":{"loc":{"start":{"line":30,"column":16},"end":{"line":30,"column":35}},"type":"binary-expr","locations":[{"start":{"line":30,"column":16},"end":{"line":30,"column":24}},{"start":{"line":30,"column":28},"end":{"line":30,"column":35}}],"line":30}},"s":{"0":0,"1":0,"2":0,"3":0,"4":0,"5":0,"6":0,"7":0,"8":0,"9":0,"10":0,"11":0,"12":0,"13":0,"14":0,"15":0,"16":0,"17":0},"f":{"0":0,"1":0,"2":0,"3":0,"4":0,"5":0},"b":{"0":[0,0],"1":[0,0],"2":[0,0],"3":[0,0]}}
,"C:\\Users\\HP\\Documents\\Next-Scene\\frontend\\react\\src\\utils\\helpers.js": {"path":"C:\\Users\\HP\\Documents\\Next-Scene\\frontend\\react\\src\\utils\\helpers.js","statementMap":{"0":{"start":{"line":1,"column":28},"end":{"line":4,"column":1}},"1":{"start":{"line":2,"column":2},"end":{"line":2,"column":28}},"2":{"start":{"line":2,"column":15},"end":{"line":2,"column":28}},"3":{"start":{"line":3,"column":2},"end":{"line":3,"column":65}},"4":{"start":{"line":6,"column":26},"end":{"line":9,"column":1}},"5":{"start":{"line":7,"column":2},"end":{"line":7,"column":26}},"6":{"start":{"line":7,"column":13},"end":{"line":7,"column":26}},"7":{"start":{"line":8,"column":2},"end":{"line":8,"column":14}},"8":{"start":{"line":11,"column":28},"end":{"line":15,"column":1}},"9":{"start":{"line":12,"column":2},"end":{"line":12,"column":23}},"10":{"start":{"line":12,"column":13},"end":{"line":12,"column":23}},"11":{"start":{"line":13,"column":2},"end":{"line":13,"column":44}},"12":{"start":{"line":13,"column":32},"end":{"line":13,"column":44}},"13":{"start":{"line":14,"column":2},"end":{"line":14,"column":46}},"14":{"start":{"line":17,"column":29},"end":{"line":31,"column":1}},"15":{"start":{"line":18,"column":17},"end":{"line":29,"column":3}},"16":{"start":{"line":30,"column":2},"end":{"line":30,"column":40}},"17":{"start":{"line":33,"column":24},"end":{"line":39,"column":1}},"18":{"start":{"line":35,"column":2},"end":{"line":38,"column":4}},"19":{"start":{"line":36,"column":4},"end":{"line":36,"column":28}},"20":{"start":{"line":37,"column":4},"end":{"line":37,"column":55}},"21":{"start":{"line":37,"column":33},"end":{"line":37,"column":46}},"22":{"start":{"line":41,"column":37},"end":{"line":44,"column":1}},"23":{"start":{"line":42,"column":2},"end":{"line":42,"column":25}},"24":{"start":{"line":42,"column":15},"end":{"line":42,"column":25}},"25":{"start":{"line":43,"column":2},"end":{"line":43,"column":58}},"26":{"start":{"line":46,"column":31},"end":{"line":65,"column":1}},"27":{"start":{"line":47,"column":2},"end":{"line":49,"column":3}},"28":{"start":{"line":48,"column":4},"end":{"line":48,"column":61}},"29":{"start":{"line":51,"column":2},"end":{"line":53,"column":3}},"30":{"start":{"line":52,"column":4},"end":{"line":52,"column":79}},"31":{"start":{"line":55,"column":2},"end":{"line":57,"column":3}},"32":{"start":{"line":56,"column":4},"end":{"line":56,"column":85}},"33":{"start":{"line":60,"column":2},"end":{"line":62,"column":3}},"34":{"start":{"line":61,"column":4},"end":{"line":61,"column":93}},"35":{"start":{"line":64,"column":2},"end":{"line":64,"column":25}}},"fnMap":{"0":{"name":"(anonymous_0)","decl":{"start":{"line":1,"column":28},"end":{"line":1,"column":29}},"loc":{"start":{"line":1,"column":40},"end":{"line":4,"column":1}},"line":1},"1":{"name":"(anonymous_1)","decl":{"start":{"line":6,"column":26},"end":{"line":6,"column":27}},"loc":{"start":{"line":6,"column":36},"end":{"line":9,"column":1}},"line":6},"2":{"name":"(anonymous_2)","decl":{"start":{"line":11,"column":28},"end":{"line":11,"column":29}},"loc":{"start":{"line":11,"column":55},"end":{"line":15,"column":1}},"line":11},"3":{"name":"(anonymous_3)","decl":{"start":{"line":17,"column":29},"end":{"line":17,"column":30}},"loc":{"start":{"line":17,"column":40},"end":{"line":31,"column":1}},"line":17},"4":{"name":"(anonymous_4)","decl":{"start":{"line":33,"column":24},"end":{"line":33,"column":25}},"loc":{"start":{"line":33,"column":47},"end":{"line":39,"column":1}},"line":33},"5":{"name":"(anonymous_5)","decl":{"start":{"line":35,"column":9},"end":{"line":35,"column":10}},"loc":{"start":{"line":35,"column":22},"end":{"line":38,"column":3}},"line":35},"6":{"name":"(anonymous_6)","decl":{"start":{"line":37,"column":27},"end":{"line":37,"column":28}},"loc":{"start":{"line":37,"column":33},"end":{"line":37,"column":46}},"line":37},"7":{"name":"(anonymous_7)","decl":{"start":{"line":41,"column":37},"end":{"line":41,"column":38}},"loc":{"start":{"line":41,"column":49},"end":{"line":44,"column":1}},"line":41},"8":{"name":"(anonymous_8)","decl":{"start":{"line":46,"column":31},"end":{"line":46,"column":32}},"loc":{"start":{"line":46,"column":45},"end":{"line":65,"column":1}},"line":46}},"branchMap":{"0":{"loc":{"start":{"line":2,"column":2},"end":{"line":2,"column":28}},"type":"if","locations":[{"start":{"line":2,"column":2},"end":{"line":2,"column":28}},{"start":{},"end":{}}],"line":2},"1":{"loc":{"start":{"line":3,"column":9},"end":{"line":3,"column":64}},"type":"cond-expr","locations":[{"start":{"line":3,"column":38},"end":{"line":3,"column":55}},{"start":{"line":3,"column":58},"end":{"line":3,"column":64}}],"line":3},"2":{"loc":{"start":{"line":7,"column":2},"end":{"line":7,"column":26}},"type":"if","locations":[{"start":{"line":7,"column":2},"end":{"line":7,"column":26}},{"start":{},"end":{}}],"line":7},"3":{"loc":{"start":{"line":11,"column":35},"end":{"line":11,"column":50}},"type":"default-arg","locations":[{"start":{"line":11,"column":47},"end":{"line":11,"column":50}}],"line":11},"4":{"loc":{"start":{"line":12,"column":2},"end":{"line":12,"column":23}},"type":"if","locations":[{"start":{"line":12,"column":2},"end":{"line":12,"column":23}},{"start":{},"end":{}}],"line":12},"5":{"loc":{"start":{"line":13,"column":2},"end":{"line":13,"column":44}},"type":"if","locations":[{"start":{"line":13,"column":2},"end":{"line":13,"column":44}},{"start":{},"end":{}}],"line":13},"6":{"loc":{"start":{"line":30,"column":9},"end":{"line":30,"column":39}},"type":"binary-expr","locations":[{"start":{"line":30,"column":9},"end":{"line":30,"column":22}},{"start":{"line":30,"column":26},"end":{"line":30,"column":39}}],"line":30},"7":{"loc":{"start":{"line":33,"column":31},"end":{"line":33,"column":42}},"type":"default-arg","locations":[{"start":{"line":33,"column":39},"end":{"line":33,"column":42}}],"line":33},"8":{"loc":{"start":{"line":42,"column":2},"end":{"line":42,"column":25}},"type":"if","locations":[{"start":{"line":42,"column":2},"end":{"line":42,"column":25}},{"start":{},"end":{}}],"line":42},"9":{"loc":{"start":{"line":47,"column":2},"end":{"line":49,"column":3}},"type":"if","locations":[{"start":{"line":47,"column":2},"end":{"line":49,"column":3}},{"start":{},"end":{}}],"line":47},"10":{"loc":{"start":{"line":47,"column":6},"end":{"line":47,"column":47}},"type":"binary-expr","locations":[{"start":{"line":47,"column":6},"end":{"line":47,"column":15}},{"start":{"line":47,"column":19},"end":{"line":47,"column":47}}],"line":47},"11":{"loc":{"start":{"line":51,"column":2},"end":{"line":53,"column":3}},"type":"if","locations":[{"start":{"line":51,"column":2},"end":{"line":53,"column":3}},{"start":{},"end":{}}],"line":51},"12":{"loc":{"start":{"line":55,"column":2},"end":{"line":57,"column":3}},"type":"if","locations":[{"start":{"line":55,"column":2},"end":{"line":57,"column":3}},{"start":{},"end":{}}],"line":55},"13":{"loc":{"start":{"line":60,"column":2},"end":{"line":62,"column":3}},"type":"if","locations":[{"start":{"line":60,"column":2},"end":{"line":62,"column":3}},{"start":{},"end":{}}],"line":60}},"s":{"0":0,"1":0,"2":0,"3":0,"4":0,"5":0,"6":0,"7":0,"8":0,"9":0,"10":0,"11":0,"12":0,"13":0,"14":0,"15":0,"16":0,"17":0,"18":0,"19":0,"20":0,"21":0,"22":0,"23":0,"24":0,"25":0,"26":0,"27":0,"28":0,"29":0,"30":0,"31":0,"32":0,"33":0,"34":0,"35":0},"f":{"0":0,"1":0,"2":0,"3":0,"4":0,"5":0,"6":0,"7":0,"8":0},"b":{"0":[0,0],"1":[0,0],"2":[0,0],"3":[0],"4":[0,0],"5":[0,0],"6":[0,0],"7":[0],"8":[0,0],"9":[0,0],"10":[0,0],"11":[0,0],"12":[0,0],"13":[0,0]}}
}
