TN:
SF:src\App.jsx
FN:25,(anonymous_0)
FN:44,(anonymous_1)
FN:66,App
FNF:3
FNH:0
FNDA:0,(anonymous_0)
FNDA:0,(anonymous_1)
FNDA:0,App
DA:25,0
DA:26,0
DA:28,0
DA:29,0
DA:36,0
DA:37,0
DA:40,0
DA:44,0
DA:45,0
DA:47,0
DA:48,0
DA:55,0
DA:56,0
DA:59,0
DA:60,0
DA:63,0
DA:67,0
LF:17
LH:0
BRDA:28,0,0,0
BRDA:28,0,1,0
BRDA:36,1,0,0
BRDA:36,1,1,0
BRDA:47,2,0,0
BRDA:47,2,1,0
BRDA:55,3,0,0
BRDA:55,3,1,0
BRDA:59,4,0,0
BRDA:59,4,1,0
BRF:10
BRH:0
end_of_record
TN:
SF:src\components\Button.jsx
FN:4,(anonymous_0)
FNF:1
FNH:1
FNDA:8,(anonymous_0)
DA:4,1
DA:13,8
DA:14,8
DA:20,8
DA:22,8
DA:23,1
DA:30,7
DA:37,1
LF:8
LH:8
BRDA:7,0,0,6
BRDA:8,1,0,7
BRDA:10,2,0,7
BRDA:22,3,0,1
BRDA:22,3,1,7
BRF:5
BRH:5
end_of_record
TN:
SF:src\components\Input.jsx
FN:3,(anonymous_0)
FNF:1
FNH:1
FNDA:10,(anonymous_0)
DA:3,1
DA:15,10
DA:42,1
LF:3
LH:3
BRDA:5,0,0,9
BRDA:9,1,0,9
BRDA:10,2,0,9
BRDA:11,3,0,9
BRDA:12,4,0,9
BRDA:17,5,0,10
BRDA:17,5,1,1
BRDA:35,6,0,10
BRDA:35,6,1,1
BRF:9
BRH:9
end_of_record
TN:
SF:src\components\LoadingSpinner.jsx
FN:3,(anonymous_0)
FNF:1
FNH:1
FNDA:7,(anonymous_0)
DA:3,1
DA:4,7
DA:10,7
DA:20,1
LF:4
LH:4
BRDA:3,0,0,5
BRDA:3,1,0,5
BRDA:13,2,0,7
BRDA:13,2,1,6
BRF:4
BRH:4
end_of_record
TN:
SF:src\components\MovieCard.jsx
FN:4,(anonymous_0)
FN:8,(anonymous_1)
FNF:2
FNH:0
FNDA:0,(anonymous_0)
FNDA:0,(anonymous_1)
DA:4,0
DA:5,0
DA:8,0
DA:42,0
LF:4
LH:0
BRDA:8,0,0,0
BRDA:8,0,1,0
BRDA:8,1,0,0
BRDA:8,1,1,0
BRDA:11,2,0,0
BRDA:11,2,1,0
BRDA:21,3,0,0
BRDA:21,3,1,0
BRDA:21,3,2,0
BRDA:30,4,0,0
BRDA:30,4,1,0
BRF:11
BRH:0
end_of_record
TN:
SF:src\components\MovieGridSkeleton.jsx
FN:3,(anonymous_0)
FN:26,(anonymous_1)
FN:29,(anonymous_2)
FNF:3
FNH:0
FNDA:0,(anonymous_0)
FNDA:0,(anonymous_1)
FNDA:0,(anonymous_2)
DA:3,0
DA:4,0
DA:26,0
DA:27,0
DA:30,0
LF:5
LH:0
BRDA:26,0,0,0
BRF:1
BRH:0
end_of_record
TN:
SF:src\components\SearchAutocomplete.jsx
FN:5,(anonymous_0)
FN:28,(anonymous_1)
FN:46,(anonymous_2)
FN:50,(anonymous_3)
FN:61,(anonymous_4)
FN:70,(anonymous_5)
FN:86,(anonymous_6)
FN:96,(anonymous_7)
FN:102,(anonymous_8)
FN:108,(anonymous_9)
FN:126,(anonymous_10)
FN:139,(anonymous_11)
FN:149,(anonymous_12)
FN:151,(anonymous_13)
FN:158,(anonymous_14)
FN:159,(anonymous_15)
FN:171,(anonymous_16)
FN:175,(anonymous_17)
FN:180,(anonymous_18)
FN:191,(anonymous_19)
FN:205,(anonymous_20)
FN:208,(anonymous_21)
FN:209,(anonymous_22)
FNF:23
FNH:5
FNDA:5,(anonymous_0)
FNDA:0,(anonymous_1)
FNDA:0,(anonymous_2)
FNDA:0,(anonymous_3)
FNDA:0,(anonymous_4)
FNDA:1,(anonymous_5)
FNDA:0,(anonymous_6)
FNDA:0,(anonymous_7)
FNDA:0,(anonymous_8)
FNDA:0,(anonymous_9)
FNDA:0,(anonymous_10)
FNDA:0,(anonymous_11)
FNDA:0,(anonymous_12)
FNDA:0,(anonymous_13)
FNDA:5,(anonymous_14)
FNDA:0,(anonymous_15)
FNDA:5,(anonymous_16)
FNDA:0,(anonymous_17)
FNDA:0,(anonymous_18)
FNDA:1,(anonymous_19)
FNDA:0,(anonymous_20)
FNDA:0,(anonymous_21)
FNDA:0,(anonymous_22)
DA:5,1
DA:12,5
DA:13,5
DA:14,5
DA:15,5
DA:16,5
DA:17,5
DA:18,5
DA:19,5
DA:20,5
DA:22,5
DA:23,5
DA:24,5
DA:25,5
DA:28,5
DA:30,0
DA:31,0
DA:34,0
DA:35,0
DA:36,0
DA:37,0
DA:38,0
DA:40,0
DA:41,0
DA:46,5
DA:47,0
DA:49,0
DA:50,0
DA:52,0
DA:55,0
DA:58,0
DA:61,0
DA:63,0
DA:66,0
DA:70,5
DA:71,1
DA:74,1
DA:75,0
DA:79,1
DA:80,0
DA:81,0
DA:82,0
DA:86,1
DA:87,0
DA:88,0
DA:89,0
DA:90,0
DA:91,0
DA:96,5
DA:97,0
DA:99,0
DA:101,0
DA:102,0
DA:103,0
DA:105,0
DA:107,0
DA:108,0
DA:109,0
DA:111,0
DA:112,0
DA:113,0
DA:115,0
DA:117,0
DA:118,0
DA:119,0
DA:121,0
DA:126,5
DA:127,0
DA:128,0
DA:129,0
DA:131,0
DA:132,0
DA:135,0
DA:139,5
DA:140,0
DA:141,0
DA:142,0
DA:143,0
DA:144,0
DA:149,5
DA:151,0
DA:152,0
DA:153,0
DA:158,5
DA:159,5
DA:160,0
DA:166,0
DA:170,5
DA:171,5
DA:175,5
DA:176,0
DA:180,5
DA:181,0
DA:182,0
DA:185,5
DA:191,1
DA:206,0
DA:208,0
DA:209,0
LF:99
LH:33
BRDA:8,0,0,0
BRDA:9,1,0,4
BRDA:30,2,0,0
BRDA:30,2,1,0
BRDA:30,3,0,0
BRDA:30,3,1,0
BRDA:30,3,2,0
BRDA:47,4,0,0
BRDA:47,4,1,0
BRDA:47,5,0,0
BRDA:47,5,1,0
BRDA:52,6,0,0
BRDA:52,6,1,0
BRDA:55,7,0,0
BRDA:55,7,1,0
BRDA:58,8,0,0
BRDA:58,8,1,0
BRDA:61,9,0,0
BRDA:61,9,1,0
BRDA:74,10,0,0
BRDA:74,10,1,1
BRDA:79,11,0,0
BRDA:79,11,1,1
BRDA:97,12,0,0
BRDA:97,12,1,0
BRDA:99,13,0,0
BRDA:99,13,1,0
BRDA:99,13,2,0
BRDA:99,13,3,0
BRDA:99,13,4,0
BRDA:103,14,0,0
BRDA:103,14,1,0
BRDA:108,15,0,0
BRDA:108,15,1,0
BRDA:112,16,0,0
BRDA:112,16,1,0
BRDA:112,17,0,0
BRDA:112,17,1,0
BRDA:131,18,0,0
BRDA:131,18,1,0
BRDA:140,19,0,0
BRDA:140,19,1,0
BRDA:140,20,0,0
BRDA:140,20,1,0
BRDA:160,21,0,0
BRDA:160,21,1,0
BRDA:161,22,0,0
BRDA:161,22,1,0
BRDA:161,22,2,0
BRDA:161,22,3,0
BRDA:176,23,0,0
BRDA:176,23,1,0
BRDA:176,23,2,0
BRDA:176,23,3,0
BRDA:181,24,0,0
BRDA:181,24,1,0
BRDA:200,25,0,5
BRDA:200,25,1,0
BRDA:200,25,2,0
BRDA:211,26,0,0
BRDA:211,26,1,0
BRDA:218,27,0,0
BRDA:218,27,1,0
BRDA:239,28,0,0
BRDA:239,28,1,0
BRDA:246,29,0,0
BRDA:246,29,1,0
BRDA:260,30,0,5
BRDA:260,30,1,0
BRDA:260,30,2,0
BRDA:260,30,3,0
BRF:71
BRH:5
end_of_record
TN:
SF:src\components\Skeleton.jsx
FN:3,(anonymous_0)
FNF:1
FNH:1
FNDA:8,(anonymous_0)
DA:3,1
DA:4,8
LF:2
LH:2
BRDA:3,0,0,7
BRDA:3,1,0,7
BRDA:3,2,0,7
BRF:3
BRH:3
end_of_record
TN:
SF:src\components\ThemeToggle.jsx
FN:4,(anonymous_0)
FNF:1
FNH:1
FNDA:5,(anonymous_0)
DA:4,2
DA:5,5
DA:7,5
LF:3
LH:3
BRDA:13,0,0,4
BRDA:13,0,1,1
BRF:2
BRH:2
end_of_record
TN:
SF:src\components\Toaster.jsx
FN:5,(anonymous_0)
FN:9,(anonymous_1)
FN:15,(anonymous_2)
FN:27,(anonymous_3)
FN:30,(anonymous_4)
FN:81,(anonymous_5)
FN:82,(anonymous_6)
FN:96,(anonymous_7)
FN:118,(anonymous_8)
FN:124,(anonymous_9)
FNF:10
FNH:0
FNDA:0,(anonymous_0)
FNDA:0,(anonymous_1)
FNDA:0,(anonymous_2)
FNDA:0,(anonymous_3)
FNDA:0,(anonymous_4)
FNDA:0,(anonymous_5)
FNDA:0,(anonymous_6)
FNDA:0,(anonymous_7)
FNDA:0,(anonymous_8)
FNDA:0,(anonymous_9)
DA:5,0
DA:6,0
DA:7,0
DA:9,0
DA:10,0
DA:12,0
DA:13,0
DA:15,0
DA:16,0
DA:17,0
DA:19,0
DA:21,0
DA:22,0
DA:23,0
DA:27,0
DA:30,0
DA:31,0
DA:33,0
DA:41,0
DA:49,0
DA:58,0
DA:68,0
DA:70,0
DA:81,0
DA:82,0
DA:96,0
DA:118,0
DA:119,0
DA:121,0
DA:125,0
LF:30
LH:0
BRDA:10,0,0,0
BRDA:10,0,1,0
BRDA:21,1,0,0
BRDA:21,1,1,0
BRDA:31,2,0,0
BRDA:31,2,1,0
BRDA:31,2,2,0
BRDA:31,2,3,0
BRDA:31,2,4,0
BRF:9
BRH:0
end_of_record
TN:
SF:src\context\AuthContext.jsx
FN:7,(anonymous_0)
FN:15,(anonymous_1)
FN:16,(anonymous_2)
FN:20,(anonymous_3)
FN:25,(anonymous_4)
FN:30,(anonymous_5)
FNF:6
FNH:6
FNDA:13,(anonymous_0)
FNDA:10,(anonymous_1)
FNDA:7,(anonymous_2)
FNDA:1,(anonymous_3)
FNDA:1,(anonymous_4)
FNDA:1,(anonymous_5)
DA:5,1
DA:7,1
DA:8,13
DA:9,12
DA:10,2
DA:12,10
DA:15,1
DA:16,10
DA:17,10
DA:20,10
DA:21,1
DA:22,1
DA:25,10
DA:26,1
DA:27,1
DA:30,10
DA:31,1
DA:32,1
DA:35,10
DA:37,10
DA:44,1
LF:21
LH:21
BRDA:9,0,0,2
BRDA:9,0,1,10
BRDA:35,1,0,10
BRDA:35,1,1,6
BRF:4
BRH:4
end_of_record
TN:
SF:src\context\ThemeContext.jsx
FN:6,(anonymous_0)
FN:14,(anonymous_1)
FN:15,(anonymous_2)
FN:20,(anonymous_3)
FN:27,(anonymous_4)
FN:28,(anonymous_5)
FNF:6
FNH:6
FNDA:12,(anonymous_0)
FNDA:9,(anonymous_1)
FNDA:6,(anonymous_2)
FNDA:9,(anonymous_3)
FNDA:3,(anonymous_4)
FNDA:3,(anonymous_5)
DA:4,1
DA:6,1
DA:7,12
DA:8,11
DA:9,2
DA:11,9
DA:14,1
DA:15,9
DA:16,6
DA:17,6
DA:20,9
DA:21,9
DA:22,9
DA:23,9
DA:24,9
DA:27,9
DA:28,3
DA:31,9
DA:38,1
LF:19
LH:19
BRDA:8,0,0,2
BRDA:8,0,1,9
BRDA:17,1,0,6
BRDA:17,1,1,4
BRDA:28,2,0,2
BRDA:28,2,1,1
BRF:6
BRH:6
end_of_record
TN:
SF:src\context\ToastContext.jsx
FN:5,(anonymous_0)
FN:8,(anonymous_1)
FN:17,(anonymous_2)
FN:22,(anonymous_3)
FN:23,(anonymous_4)
FN:23,(anonymous_5)
FN:27,(anonymous_6)
FN:28,(anonymous_7)
FN:29,(anonymous_8)
FN:30,(anonymous_9)
FN:40,(anonymous_10)
FNF:11
FNH:0
FNDA:0,(anonymous_0)
FNDA:0,(anonymous_1)
FNDA:0,(anonymous_2)
FNDA:0,(anonymous_3)
FNDA:0,(anonymous_4)
FNDA:0,(anonymous_5)
FNDA:0,(anonymous_6)
FNDA:0,(anonymous_7)
FNDA:0,(anonymous_8)
FNDA:0,(anonymous_9)
FNDA:0,(anonymous_10)
DA:3,0
DA:5,0
DA:6,0
DA:8,0
DA:9,0
DA:10,0
DA:17,0
DA:19,0
DA:22,0
DA:23,0
DA:26,0
DA:27,0
DA:28,0
DA:29,0
DA:30,0
DA:33,0
DA:40,0
DA:41,0
DA:42,0
DA:43,0
DA:45,0
LF:21
LH:0
BRDA:8,0,0,0
BRDA:8,1,0,0
BRDA:42,2,0,0
BRDA:42,2,1,0
BRF:4
BRH:0
end_of_record
TN:
SF:src\context\WatchlistContext.jsx
FN:8,(anonymous_0)
FN:16,(anonymous_1)
FN:22,(anonymous_2)
FN:31,(anonymous_3)
FN:39,(anonymous_4)
FN:39,(anonymous_5)
FN:44,(anonymous_6)
FN:44,(anonymous_7)
FN:60,(anonymous_8)
FN:71,(anonymous_9)
FN:88,(anonymous_10)
FN:100,(anonymous_11)
FN:107,(anonymous_12)
FN:108,(anonymous_13)
FN:111,(anonymous_14)
FN:112,(anonymous_15)
FNF:16
FNH:0
FNDA:0,(anonymous_0)
FNDA:0,(anonymous_1)
FNDA:0,(anonymous_2)
FNDA:0,(anonymous_3)
FNDA:0,(anonymous_4)
FNDA:0,(anonymous_5)
FNDA:0,(anonymous_6)
FNDA:0,(anonymous_7)
FNDA:0,(anonymous_8)
FNDA:0,(anonymous_9)
FNDA:0,(anonymous_10)
FNDA:0,(anonymous_11)
FNDA:0,(anonymous_12)
FNDA:0,(anonymous_13)
FNDA:0,(anonymous_14)
FNDA:0,(anonymous_15)
DA:6,0
DA:8,0
DA:9,0
DA:10,0
DA:11,0
DA:13,0
DA:16,0
DA:17,0
DA:18,0
DA:19,0
DA:20,0
DA:22,0
DA:23,0
DA:24,0
DA:26,0
DA:27,0
DA:31,0
DA:32,0
DA:34,0
DA:35,0
DA:36,0
DA:38,0
DA:39,0
DA:44,0
DA:50,0
DA:51,0
DA:54,0
DA:56,0
DA:60,0
DA:61,0
DA:63,0
DA:64,0
DA:65,0
DA:67,0
DA:71,0
DA:72,0
DA:73,0
DA:74,0
DA:77,0
DA:78,0
DA:79,0
DA:80,0
DA:81,0
DA:83,0
DA:84,0
DA:88,0
DA:89,0
DA:91,0
DA:92,0
DA:93,0
DA:95,0
DA:96,0
DA:100,0
DA:101,0
DA:103,0
DA:104,0
DA:107,0
DA:108,0
DA:111,0
DA:112,0
DA:115,0
DA:135,0
LF:62
LH:0
BRDA:10,0,0,0
BRDA:10,0,1,0
BRDA:23,1,0,0
BRDA:23,1,1,0
BRDA:32,2,0,0
BRDA:32,2,1,0
BRDA:36,3,0,0
BRDA:36,3,1,0
BRDA:38,4,0,0
BRDA:38,4,1,0
BRDA:38,5,0,0
BRDA:38,5,1,0
BRDA:61,6,0,0
BRDA:61,6,1,0
BRDA:64,7,0,0
BRDA:64,7,1,0
BRDA:72,8,0,0
BRDA:72,8,1,0
BRDA:78,9,0,0
BRDA:78,9,1,0
BRDA:79,10,0,0
BRDA:79,10,1,0
BRDA:88,11,0,0
BRDA:89,12,0,0
BRDA:89,12,1,0
BRDA:92,13,0,0
BRDA:92,13,1,0
BRDA:101,14,0,0
BRDA:101,14,1,0
BRDA:108,15,0,0
BRDA:108,15,1,0
BRDA:112,16,0,0
BRDA:112,16,1,0
BRF:33
BRH:0
end_of_record
TN:
SF:src\layouts\Footer.jsx
FN:4,(anonymous_0)
FN:8,(anonymous_1)
FNF:2
FNH:2
FNDA:3,(anonymous_0)
FNDA:6,(anonymous_1)
DA:4,1
DA:5,3
DA:6,3
DA:8,6
DA:10,3
LF:5
LH:5
BRDA:14,0,0,0
BRDA:14,0,1,3
BRDA:19,1,0,0
BRDA:19,1,1,3
BRDA:24,2,0,0
BRDA:24,2,1,0
BRDA:36,3,0,0
BRDA:36,3,1,0
BRDA:48,4,0,0
BRDA:48,4,1,0
BRDA:62,5,0,3
BRDA:62,5,1,0
BRDA:74,6,0,0
BRDA:74,6,1,3
BRDA:83,7,0,3
BRDA:83,7,1,0
BRDA:88,8,0,0
BRDA:88,8,1,0
BRDA:100,9,0,0
BRDA:100,9,1,0
BRDA:112,10,0,0
BRDA:112,10,1,0
BRF:22
BRH:5
end_of_record
TN:
SF:src\layouts\Header.jsx
FN:7,(anonymous_0)
FN:16,(anonymous_1)
FN:18,(anonymous_2)
FN:26,(anonymous_3)
FN:31,(anonymous_4)
FN:35,(anonymous_5)
FN:36,(anonymous_6)
FN:41,(anonymous_7)
FN:211,(anonymous_8)
FN:222,(anonymous_9)
FN:227,(anonymous_10)
FNF:11
FNH:2
FNDA:4,(anonymous_0)
FNDA:28,(anonymous_1)
FNDA:0,(anonymous_2)
FNDA:0,(anonymous_3)
FNDA:0,(anonymous_4)
FNDA:0,(anonymous_5)
FNDA:0,(anonymous_6)
FNDA:0,(anonymous_7)
FNDA:0,(anonymous_8)
FNDA:0,(anonymous_9)
FNDA:0,(anonymous_10)
DA:7,1
DA:8,4
DA:9,4
DA:10,4
DA:11,4
DA:12,4
DA:13,4
DA:14,4
DA:16,28
DA:18,4
DA:19,0
DA:20,0
DA:21,0
DA:22,0
DA:26,4
DA:27,0
DA:28,0
DA:31,4
DA:32,0
DA:35,4
DA:36,0
DA:37,0
DA:41,4
DA:42,0
DA:43,0
DA:46,4
DA:211,0
DA:222,0
DA:228,0
DA:229,0
LF:30
LH:15
BRDA:20,0,0,0
BRDA:20,0,1,0
BRDA:51,1,0,0
BRDA:51,1,1,4
BRDA:60,2,0,4
BRDA:60,2,1,0
BRDA:68,3,0,4
BRDA:68,3,1,0
BRDA:91,4,0,0
BRDA:91,4,1,4
BRDA:96,5,0,0
BRDA:96,5,1,0
BRDA:102,6,0,0
BRDA:102,6,1,0
BRDA:107,7,0,0
BRDA:107,7,1,0
BRDA:113,8,0,0
BRDA:113,8,1,0
BRDA:118,9,0,0
BRDA:118,9,1,0
BRDA:124,10,0,0
BRDA:124,10,1,0
BRDA:132,11,0,4
BRDA:132,11,1,0
BRDA:138,12,0,4
BRDA:138,12,1,0
BRDA:140,13,0,4
BRDA:140,13,1,0
BRDA:145,14,0,0
BRDA:145,14,1,0
BRDA:151,15,0,0
BRDA:151,15,1,0
BRDA:156,16,0,0
BRDA:156,16,1,0
BRDA:162,17,0,0
BRDA:162,17,1,0
BRDA:169,18,0,0
BRDA:169,18,1,4
BRDA:175,19,0,4
BRDA:175,19,1,0
BRDA:180,20,0,0
BRDA:180,20,1,4
BRDA:186,21,0,4
BRDA:186,21,1,0
BRDA:193,22,0,4
BRDA:193,22,1,0
BRDA:193,22,2,4
BRDA:200,23,0,0
BRDA:200,23,1,4
BRDA:201,24,0,4
BRDA:201,24,1,0
BRDA:201,25,0,0
BRDA:201,25,1,0
BRDA:208,26,0,0
BRDA:208,26,1,4
BRDA:215,27,0,0
BRDA:215,27,1,0
BRDA:217,28,0,0
BRDA:217,28,1,0
BRDA:217,28,2,0
BRDA:244,29,0,4
BRDA:244,29,1,0
BRDA:257,30,0,4
BRDA:257,30,1,0
BRDA:266,31,0,0
BRDA:266,31,1,4
BRDA:272,32,0,4
BRDA:272,32,1,0
BRDA:276,33,0,0
BRDA:276,33,1,0
BRDA:284,34,0,0
BRDA:284,34,1,4
BRDA:286,35,0,0
BRDA:286,35,1,4
BRDA:286,36,0,4
BRDA:286,36,1,4
BRDA:290,37,0,0
BRDA:290,37,1,4
BRF:78
BRH:25
end_of_record
TN:
SF:src\layouts\MainLayout.jsx
FN:6,(anonymous_0)
FNF:1
FNH:1
FNDA:8,(anonymous_0)
DA:6,1
DA:7,8
DA:8,8
DA:10,8
LF:4
LH:4
BRDA:8,0,0,8
BRDA:8,0,1,7
BRDA:16,1,0,8
BRDA:16,1,1,6
BRF:4
BRH:4
end_of_record
TN:
SF:src\pages\About.jsx
FN:3,(anonymous_0)
FN:136,(anonymous_1)
FN:143,(anonymous_2)
FNF:3
FNH:0
FNDA:0,(anonymous_0)
FNDA:0,(anonymous_1)
FNDA:0,(anonymous_2)
DA:3,0
DA:4,0
DA:6,0
DA:45,0
DA:137,0
DA:144,0
LF:6
LH:0
BRF:0
BRH:0
end_of_record
TN:
SF:src\pages\AddMovie.jsx
FN:5,(anonymous_0)
FN:22,(anonymous_1)
FN:24,(anonymous_2)
FN:27,(anonymous_3)
FN:35,(anonymous_4)
FN:36,(anonymous_5)
FN:42,(anonymous_6)
FN:46,(anonymous_7)
FN:54,(anonymous_8)
FN:55,(anonymous_9)
FN:61,(anonymous_10)
FN:104,(anonymous_11)
FN:240,(anonymous_12)
FN:319,(anonymous_13)
FNF:14
FNH:1
FNDA:6,(anonymous_0)
FNDA:0,(anonymous_1)
FNDA:0,(anonymous_2)
FNDA:0,(anonymous_3)
FNDA:0,(anonymous_4)
FNDA:0,(anonymous_5)
FNDA:0,(anonymous_6)
FNDA:0,(anonymous_7)
FNDA:0,(anonymous_8)
FNDA:0,(anonymous_9)
FNDA:0,(anonymous_10)
FNDA:0,(anonymous_11)
FNDA:0,(anonymous_12)
FNDA:0,(anonymous_13)
DA:5,1
DA:6,6
DA:7,6
DA:19,6
DA:20,6
DA:22,6
DA:23,0
DA:24,0
DA:27,6
DA:28,0
DA:29,0
DA:30,0
DA:31,0
DA:34,0
DA:35,0
DA:36,0
DA:38,0
DA:42,6
DA:43,0
DA:46,6
DA:47,0
DA:48,0
DA:49,0
DA:50,0
DA:51,0
DA:53,0
DA:54,0
DA:55,0
DA:57,0
DA:61,6
DA:62,0
DA:65,0
DA:66,0
DA:67,0
DA:70,0
DA:71,0
DA:72,0
DA:75,0
DA:76,0
DA:89,0
DA:90,0
DA:91,0
DA:93,0
DA:94,0
DA:98,6
DA:104,0
DA:240,0
DA:319,0
LF:48
LH:11
BRDA:28,0,0,0
BRDA:28,0,1,0
BRDA:28,1,0,0
BRDA:28,1,1,0
BRDA:48,2,0,0
BRDA:48,2,1,0
BRDA:48,3,0,0
BRDA:48,3,1,0
BRDA:65,4,0,0
BRDA:65,4,1,0
BRDA:65,5,0,0
BRDA:65,5,1,0
BRDA:65,5,2,0
BRDA:65,5,3,0
BRDA:65,5,4,0
BRDA:70,6,0,0
BRDA:70,6,1,0
BRDA:80,7,0,0
BRDA:80,7,1,0
BRDA:82,8,0,0
BRDA:82,8,1,0
BRDA:86,9,0,0
BRDA:86,9,1,0
BRDA:94,10,0,0
BRDA:94,10,1,0
BRDA:252,11,0,6
BRDA:252,11,1,0
BRF:27
BRH:1
end_of_record
TN:
SF:src\pages\AdminBrowse.jsx
FN:5,(anonymous_0)
FN:22,(anonymous_1)
FN:23,(anonymous_2)
FN:38,(anonymous_3)
FN:44,(anonymous_4)
FN:61,(anonymous_5)
FN:69,(anonymous_6)
FN:77,(anonymous_7)
FN:85,(anonymous_8)
FN:88,(anonymous_9)
FN:91,(anonymous_10)
FN:98,(anonymous_11)
FN:105,(anonymous_12)
FN:121,(anonymous_13)
FN:131,(anonymous_14)
FN:141,(anonymous_15)
FN:148,(anonymous_16)
FN:157,(anonymous_17)
FN:184,(anonymous_18)
FN:197,(anonymous_19)
FN:203,(anonymous_20)
FN:246,(anonymous_21)
FN:261,(anonymous_22)
FN:281,(anonymous_23)
FN:285,(anonymous_24)
FN:285,(anonymous_25)
FN:292,(anonymous_26)
FN:319,(anonymous_27)
FN:344,(anonymous_28)
FN:349,(anonymous_29)
FN:359,(anonymous_30)
FN:369,(anonymous_31)
FN:380,(anonymous_32)
FN:403,(anonymous_33)
FN:407,(anonymous_34)
FN:423,(anonymous_35)
FN:433,(anonymous_36)
FNF:37
FNH:9
FNDA:3,(anonymous_0)
FNDA:2,(anonymous_1)
FNDA:2,(anonymous_2)
FNDA:3,(anonymous_3)
FNDA:0,(anonymous_4)
FNDA:0,(anonymous_5)
FNDA:0,(anonymous_6)
FNDA:0,(anonymous_7)
FNDA:0,(anonymous_8)
FNDA:0,(anonymous_9)
FNDA:0,(anonymous_10)
FNDA:0,(anonymous_11)
FNDA:0,(anonymous_12)
FNDA:0,(anonymous_13)
FNDA:0,(anonymous_14)
FNDA:0,(anonymous_15)
FNDA:0,(anonymous_16)
FNDA:0,(anonymous_17)
FNDA:0,(anonymous_18)
FNDA:5,(anonymous_19)
FNDA:0,(anonymous_20)
FNDA:0,(anonymous_21)
FNDA:0,(anonymous_22)
FNDA:0,(anonymous_23)
FNDA:17,(anonymous_24)
FNDA:17,(anonymous_25)
FNDA:0,(anonymous_26)
FNDA:0,(anonymous_27)
FNDA:1,(anonymous_28)
FNDA:0,(anonymous_29)
FNDA:0,(anonymous_30)
FNDA:0,(anonymous_31)
FNDA:0,(anonymous_32)
FNDA:1,(anonymous_33)
FNDA:0,(anonymous_34)
FNDA:0,(anonymous_35)
FNDA:0,(anonymous_36)
DA:5,1
DA:6,3
DA:7,3
DA:8,3
DA:9,3
DA:12,3
DA:13,3
DA:14,3
DA:15,3
DA:16,3
DA:19,3
DA:22,3
DA:23,2
DA:24,2
DA:25,2
DA:26,2
DA:27,2
DA:29,0
DA:31,2
DA:34,2
DA:38,3
DA:39,3
DA:42,3
DA:43,0
DA:44,0
DA:45,0
DA:46,0
DA:47,0
DA:48,0
DA:49,0
DA:51,0
DA:60,3
DA:61,0
DA:62,0
DA:63,0
DA:68,3
DA:69,0
DA:70,0
DA:75,3
DA:76,0
DA:77,0
DA:78,0
DA:83,3
DA:85,0
DA:86,0
DA:88,0
DA:89,0
DA:91,0
DA:92,0
DA:93,0
DA:94,0
DA:96,0
DA:98,0
DA:99,0
DA:100,0
DA:101,0
DA:103,0
DA:105,0
DA:106,0
DA:107,0
DA:108,0
DA:110,0
DA:114,3
DA:117,3
DA:121,3
DA:122,0
DA:123,0
DA:124,0
DA:126,0
DA:131,3
DA:132,0
DA:133,0
DA:134,0
DA:135,0
DA:136,0
DA:137,0
DA:141,3
DA:142,0
DA:143,0
DA:146,0
DA:147,0
DA:148,0
DA:149,0
DA:151,0
DA:152,0
DA:157,3
DA:158,0
DA:161,3
DA:162,2
DA:169,1
DA:184,0
DA:198,5
DA:199,5
DA:200,5
DA:201,5
DA:203,5
DA:204,0
DA:205,0
DA:206,0
DA:207,0
DA:208,0
DA:209,0
DA:210,0
DA:211,0
DA:212,0
DA:213,0
DA:214,0
DA:215,0
DA:216,0
DA:217,0
DA:221,5
DA:246,0
DA:261,0
DA:281,0
DA:285,17
DA:286,17
DA:292,0
DA:319,0
DA:345,1
DA:349,0
DA:360,0
DA:361,0
DA:370,0
DA:371,0
DA:380,0
DA:404,1
DA:407,0
DA:424,0
DA:425,0
DA:434,0
DA:435,0
LF:131
LH:45
BRDA:12,0,0,3
BRDA:12,0,1,3
BRDA:42,1,0,0
BRDA:42,1,1,3
BRDA:45,2,0,0
BRDA:45,2,1,0
BRDA:46,3,0,0
BRDA:46,3,1,0
BRDA:47,4,0,0
BRDA:47,4,1,0
BRDA:48,5,0,0
BRDA:48,5,1,0
BRDA:49,6,0,0
BRDA:49,6,1,0
BRDA:51,7,0,0
BRDA:51,7,1,0
BRDA:51,7,2,0
BRDA:51,7,3,0
BRDA:51,7,4,0
BRDA:60,8,0,0
BRDA:60,8,1,3
BRDA:62,9,0,0
BRDA:62,9,1,0
BRDA:68,10,0,0
BRDA:68,10,1,3
BRDA:75,11,0,0
BRDA:75,11,1,3
BRDA:78,12,0,0
BRDA:78,12,1,0
BRDA:83,13,0,0
BRDA:83,13,1,0
BRDA:83,13,2,0
BRDA:83,13,3,0
BRDA:83,13,4,0
BRDA:83,13,5,3
BRDA:83,13,6,3
BRDA:85,14,0,0
BRDA:85,14,1,0
BRDA:85,15,0,0
BRDA:85,15,1,0
BRDA:88,16,0,0
BRDA:88,16,1,0
BRDA:88,17,0,0
BRDA:88,17,1,0
BRDA:92,18,0,0
BRDA:92,18,1,0
BRDA:93,19,0,0
BRDA:93,19,1,0
BRDA:99,20,0,0
BRDA:99,20,1,0
BRDA:100,21,0,0
BRDA:100,21,1,0
BRDA:106,22,0,0
BRDA:106,22,1,0
BRDA:107,23,0,0
BRDA:107,23,1,0
BRDA:123,24,0,0
BRDA:123,24,1,0
BRDA:142,25,0,0
BRDA:142,25,1,0
BRDA:161,26,0,2
BRDA:161,26,1,1
BRDA:198,27,0,5
BRDA:198,27,1,1
BRDA:198,27,2,1
BRDA:198,27,3,1
BRDA:199,28,0,5
BRDA:199,28,1,4
BRDA:204,29,0,0
BRDA:204,29,1,0
BRDA:206,30,0,0
BRDA:206,30,1,0
BRDA:210,31,0,0
BRDA:210,31,1,0
BRDA:214,32,0,0
BRDA:214,32,1,0
BRDA:226,33,0,1
BRDA:226,33,1,4
BRDA:313,34,0,0
BRDA:313,34,1,1
BRDA:334,35,0,1
BRDA:334,35,1,0
BRDA:337,36,0,0
BRDA:337,36,1,0
BRDA:352,37,0,1
BRDA:352,37,1,1
BRDA:390,38,0,1
BRDA:390,38,1,1
BRDA:411,39,0,1
BRDA:411,39,1,1
BRDA:451,40,0,1
BRDA:451,40,1,1
BRDA:454,41,0,1
BRDA:454,41,1,0
BRF:94
BRH:29
end_of_record
TN:
SF:src\pages\AdminDashboard.jsx
FN:9,(anonymous_0)
FN:28,(anonymous_1)
FN:35,(anonymous_2)
FN:43,(anonymous_3)
FN:74,(anonymous_4)
FN:96,(anonymous_5)
FN:121,(anonymous_6)
FN:126,(anonymous_7)
FN:131,(anonymous_8)
FN:141,(anonymous_9)
FN:142,(anonymous_10)
FN:161,(anonymous_11)
FN:164,(anonymous_12)
FN:167,(anonymous_13)
FN:171,(anonymous_14)
FN:215,(anonymous_15)
FN:216,(anonymous_16)
FN:217,(anonymous_17)
FN:225,(anonymous_18)
FN:232,(anonymous_19)
FN:235,(anonymous_20)
FN:441,(anonymous_21)
FN:444,(anonymous_22)
FN:505,(anonymous_23)
FN:534,(anonymous_24)
FN:550,(anonymous_25)
FN:580,(anonymous_26)
FN:604,(anonymous_27)
FN:619,(anonymous_28)
FNF:29
FNH:6
FNDA:1,(anonymous_0)
FNDA:1,(anonymous_1)
FNDA:1,(anonymous_2)
FNDA:1,(anonymous_3)
FNDA:0,(anonymous_4)
FNDA:0,(anonymous_5)
FNDA:0,(anonymous_6)
FNDA:0,(anonymous_7)
FNDA:0,(anonymous_8)
FNDA:1,(anonymous_9)
FNDA:0,(anonymous_10)
FNDA:1,(anonymous_11)
FNDA:0,(anonymous_12)
FNDA:0,(anonymous_13)
FNDA:0,(anonymous_14)
FNDA:0,(anonymous_15)
FNDA:0,(anonymous_16)
FNDA:0,(anonymous_17)
FNDA:0,(anonymous_18)
FNDA:0,(anonymous_19)
FNDA:0,(anonymous_20)
FNDA:0,(anonymous_21)
FNDA:0,(anonymous_22)
FNDA:0,(anonymous_23)
FNDA:0,(anonymous_24)
FNDA:0,(anonymous_25)
FNDA:0,(anonymous_26)
FNDA:0,(anonymous_27)
FNDA:0,(anonymous_28)
DA:7,1
DA:9,1
DA:10,1
DA:11,1
DA:12,1
DA:13,1
DA:14,1
DA:15,1
DA:16,1
DA:19,1
DA:20,1
DA:21,1
DA:24,1
DA:25,1
DA:26,1
DA:28,1
DA:30,1
DA:31,1
DA:33,1
DA:35,1
DA:37,1
DA:38,1
DA:39,1
DA:43,1
DA:44,1
DA:45,1
DA:46,1
DA:49,1
DA:55,1
DA:56,1
DA:59,1
DA:66,0
DA:67,0
DA:69,1
DA:74,1
DA:75,0
DA:76,0
DA:80,0
DA:82,0
DA:83,0
DA:84,0
DA:85,0
DA:86,0
DA:88,0
DA:89,0
DA:91,0
DA:96,1
DA:97,0
DA:98,0
DA:101,0
DA:102,0
DA:103,0
DA:104,0
DA:105,0
DA:107,0
DA:108,0
DA:110,0
DA:115,1
DA:122,0
DA:123,0
DA:124,0
DA:127,0
DA:128,0
DA:129,0
DA:132,0
DA:133,0
DA:134,0
DA:139,1
DA:141,1
DA:142,1
DA:143,0
DA:144,0
DA:145,0
DA:147,0
DA:149,0
DA:150,0
DA:155,1
DA:156,0
DA:161,1
DA:162,1
DA:164,0
DA:165,0
DA:167,0
DA:171,1
DA:172,0
DA:174,0
DA:175,0
DA:176,0
DA:179,0
DA:180,0
DA:209,0
DA:210,0
DA:211,0
DA:214,0
DA:215,0
DA:216,0
DA:217,0
DA:218,0
DA:219,0
DA:224,0
DA:225,0
DA:228,0
DA:229,0
DA:232,0
DA:235,0
DA:263,0
DA:264,0
DA:265,0
DA:268,0
DA:269,0
DA:279,0
DA:280,0
DA:318,0
DA:322,1
DA:323,1
DA:330,0
DA:331,0
DA:347,0
DA:442,0
DA:444,0
DA:506,0
DA:534,0
DA:550,0
DA:581,0
DA:604,0
DA:619,0
LF:126
LH:44
BRDA:37,0,0,0
BRDA:37,0,1,1
BRDA:38,1,0,0
BRDA:38,1,1,1
BRDA:39,2,0,0
BRDA:39,2,1,1
BRDA:60,3,0,1
BRDA:60,3,1,0
BRDA:61,4,0,1
BRDA:61,4,1,0
BRDA:62,5,0,1
BRDA:62,5,1,1
BRDA:63,6,0,1
BRDA:63,6,1,1
BRDA:75,7,0,0
BRDA:75,7,1,0
BRDA:76,8,0,0
BRDA:76,8,1,0
BRDA:80,9,0,0
BRDA:80,9,1,0
BRDA:97,10,0,0
BRDA:97,10,1,0
BRDA:116,11,0,1
BRDA:116,11,1,1
BRDA:116,11,2,1
BRDA:117,12,0,1
BRDA:117,12,1,1
BRDA:117,12,2,1
BRDA:118,13,0,1
BRDA:118,13,1,1
BRDA:119,14,0,1
BRDA:119,14,1,1
BRDA:122,15,0,0
BRDA:122,15,1,0
BRDA:127,16,0,0
BRDA:127,16,1,0
BRDA:132,17,0,0
BRDA:132,17,1,0
BRDA:149,18,0,0
BRDA:149,18,1,0
BRDA:155,19,0,0
BRDA:155,19,1,1
BRDA:162,20,0,0
BRDA:162,20,1,1
BRDA:162,21,0,1
BRDA:162,21,1,0
BRDA:162,21,2,0
BRDA:174,22,0,0
BRDA:174,22,1,0
BRDA:175,23,0,0
BRDA:175,23,1,0
BRDA:209,24,0,0
BRDA:209,24,1,0
BRDA:210,25,0,0
BRDA:210,25,1,0
BRDA:216,26,0,0
BRDA:216,26,1,0
BRDA:218,27,0,0
BRDA:218,27,1,0
BRDA:219,28,0,0
BRDA:219,28,1,0
BRDA:263,29,0,0
BRDA:263,29,1,0
BRDA:264,30,0,0
BRDA:264,30,1,0
BRDA:322,31,0,1
BRDA:322,31,1,0
BRDA:330,32,0,0
BRDA:330,32,1,0
BRDA:443,33,0,0
BRDA:443,33,1,0
BRDA:449,34,0,0
BRDA:449,34,1,0
BRDA:459,35,0,0
BRDA:459,35,1,0
BRDA:504,36,0,0
BRDA:504,36,1,0
BRDA:507,37,0,0
BRDA:507,37,1,0
BRDA:514,38,0,0
BRDA:514,38,1,0
BRDA:523,39,0,0
BRDA:523,39,1,0
BRDA:525,40,0,0
BRDA:525,40,1,0
BRDA:529,41,0,0
BRDA:529,41,1,0
BRDA:537,42,0,0
BRDA:537,42,1,0
BRDA:541,43,0,0
BRDA:541,43,1,0
BRDA:543,44,0,0
BRDA:543,44,1,0
BRDA:546,45,0,0
BRDA:546,45,1,0
BRDA:555,46,0,0
BRDA:555,46,1,0
BRDA:579,47,0,0
BRDA:579,47,1,0
BRDA:582,48,0,0
BRDA:582,48,1,0
BRDA:588,49,0,0
BRDA:588,49,1,0
BRDA:594,50,0,0
BRDA:594,50,1,0
BRDA:596,51,0,0
BRDA:596,51,1,0
BRDA:599,52,0,0
BRDA:599,52,1,0
BRDA:607,53,0,0
BRDA:607,53,1,0
BRDA:612,54,0,0
BRDA:612,54,1,0
BRDA:615,55,0,0
BRDA:615,55,1,0
BRDA:623,56,0,0
BRDA:623,56,1,0
BRF:117
BRH:23
end_of_record
TN:
SF:src\pages\Browse.jsx
FN:9,(anonymous_0)
FN:27,(anonymous_1)
FN:31,(anonymous_2)
FN:45,(anonymous_3)
FN:51,(anonymous_4)
FN:60,(anonymous_5)
FN:67,(anonymous_6)
FN:76,(anonymous_7)
FN:82,(anonymous_8)
FN:85,(anonymous_9)
FN:88,(anonymous_10)
FN:95,(anonymous_11)
FN:102,(anonymous_12)
FN:113,(anonymous_13)
FN:114,(anonymous_14)
FN:122,(anonymous_15)
FN:123,(anonymous_16)
FN:126,(anonymous_17)
FN:137,(anonymous_18)
FN:141,(anonymous_19)
FN:146,(anonymous_20)
FN:156,(anonymous_21)
FN:166,(anonymous_22)
FN:166,(anonymous_23)
FN:174,(anonymous_24)
FN:176,(anonymous_25)
FN:181,(anonymous_26)
FN:183,(anonymous_27)
FN:185,(anonymous_28)
FN:192,(anonymous_29)
FN:194,(anonymous_30)
FN:198,(anonymous_31)
FN:201,(anonymous_32)
FN:212,(anonymous_33)
FN:231,(anonymous_34)
FN:258,(anonymous_35)
FN:323,(anonymous_36)
FN:365,(anonymous_37)
FN:379,(anonymous_38)
FN:388,(anonymous_39)
FN:391,(anonymous_40)
FN:411,(anonymous_41)
FN:425,(anonymous_42)
FN:429,(anonymous_43)
FN:436,(anonymous_44)
FN:440,(anonymous_45)
FN:447,(anonymous_46)
FN:475,(anonymous_47)
FN:505,(anonymous_48)
FN:518,(anonymous_49)
FNF:50
FNH:7
FNDA:2,(anonymous_0)
FNDA:2,(anonymous_1)
FNDA:2,(anonymous_2)
FNDA:2,(anonymous_3)
FNDA:0,(anonymous_4)
FNDA:0,(anonymous_5)
FNDA:0,(anonymous_6)
FNDA:0,(anonymous_7)
FNDA:0,(anonymous_8)
FNDA:0,(anonymous_9)
FNDA:0,(anonymous_10)
FNDA:0,(anonymous_11)
FNDA:0,(anonymous_12)
FNDA:0,(anonymous_13)
FNDA:0,(anonymous_14)
FNDA:0,(anonymous_15)
FNDA:0,(anonymous_16)
FNDA:0,(anonymous_17)
FNDA:0,(anonymous_18)
FNDA:0,(anonymous_19)
FNDA:0,(anonymous_20)
FNDA:0,(anonymous_21)
FNDA:0,(anonymous_22)
FNDA:0,(anonymous_23)
FNDA:0,(anonymous_24)
FNDA:0,(anonymous_25)
FNDA:2,(anonymous_26)
FNDA:0,(anonymous_27)
FNDA:0,(anonymous_28)
FNDA:2,(anonymous_29)
FNDA:0,(anonymous_30)
FNDA:0,(anonymous_31)
FNDA:0,(anonymous_32)
FNDA:0,(anonymous_33)
FNDA:0,(anonymous_34)
FNDA:0,(anonymous_35)
FNDA:0,(anonymous_36)
FNDA:0,(anonymous_37)
FNDA:0,(anonymous_38)
FNDA:10,(anonymous_39)
FNDA:0,(anonymous_40)
FNDA:0,(anonymous_41)
FNDA:0,(anonymous_42)
FNDA:0,(anonymous_43)
FNDA:0,(anonymous_44)
FNDA:0,(anonymous_45)
FNDA:0,(anonymous_46)
FNDA:0,(anonymous_47)
FNDA:0,(anonymous_48)
FNDA:0,(anonymous_49)
DA:9,1
DA:10,2
DA:11,2
DA:12,2
DA:13,2
DA:15,2
DA:16,2
DA:17,2
DA:25,2
DA:27,2
DA:28,2
DA:31,2
DA:32,2
DA:33,2
DA:34,2
DA:35,2
DA:37,0
DA:38,0
DA:40,2
DA:45,2
DA:46,2
DA:49,2
DA:50,0
DA:51,0
DA:52,0
DA:59,2
DA:60,0
DA:61,0
DA:66,2
DA:67,0
DA:68,0
DA:69,0
DA:74,2
DA:75,0
DA:76,0
DA:80,2
DA:82,0
DA:83,0
DA:85,0
DA:86,0
DA:88,0
DA:89,0
DA:90,0
DA:91,0
DA:93,0
DA:95,0
DA:96,0
DA:97,0
DA:98,0
DA:100,0
DA:102,0
DA:103,0
DA:107,2
DA:110,2
DA:113,2
DA:114,0
DA:115,0
DA:116,0
DA:118,0
DA:122,2
DA:123,0
DA:126,2
DA:127,0
DA:134,0
DA:137,2
DA:138,0
DA:141,2
DA:142,0
DA:143,0
DA:145,0
DA:146,0
DA:149,0
DA:150,0
DA:152,0
DA:156,2
DA:157,0
DA:158,0
DA:160,0
DA:161,0
DA:164,0
DA:165,0
DA:166,0
DA:167,0
DA:169,0
DA:170,0
DA:174,2
DA:175,0
DA:176,0
DA:181,2
DA:182,2
DA:183,2
DA:184,0
DA:185,0
DA:188,2
DA:192,2
DA:193,2
DA:194,2
DA:195,0
DA:196,0
DA:198,2
DA:201,2
DA:202,0
DA:204,0
DA:205,0
DA:206,0
DA:207,0
DA:209,0
DA:210,0
DA:212,0
DA:231,0
DA:256,0
DA:258,0
DA:323,0
DA:350,2
DA:365,0
DA:379,0
DA:389,10
DA:391,0
DA:411,0
DA:425,0
DA:430,0
DA:436,0
DA:441,0
DA:447,0
DA:475,0
DA:506,0
DA:519,0
LF:127
LH:44
BRDA:18,0,0,2
BRDA:18,0,1,2
BRDA:35,1,0,2
BRDA:35,1,1,0
BRDA:49,2,0,0
BRDA:49,2,1,2
BRDA:52,3,0,0
BRDA:52,3,1,0
BRDA:52,3,2,0
BRDA:59,4,0,0
BRDA:59,4,1,2
BRDA:66,5,0,0
BRDA:66,5,1,2
BRDA:68,6,0,0
BRDA:68,6,1,0
BRDA:68,6,2,0
BRDA:74,7,0,0
BRDA:74,7,1,2
BRDA:76,8,0,0
BRDA:76,8,1,0
BRDA:80,9,0,0
BRDA:80,9,1,0
BRDA:80,9,2,0
BRDA:80,9,3,0
BRDA:80,9,4,0
BRDA:80,9,5,2
BRDA:80,9,6,2
BRDA:82,10,0,0
BRDA:82,10,1,0
BRDA:82,11,0,0
BRDA:82,11,1,0
BRDA:85,12,0,0
BRDA:85,12,1,0
BRDA:85,13,0,0
BRDA:85,13,1,0
BRDA:89,14,0,0
BRDA:89,14,1,0
BRDA:89,14,2,0
BRDA:89,14,3,0
BRDA:90,15,0,0
BRDA:90,15,1,0
BRDA:90,15,2,0
BRDA:90,15,3,0
BRDA:96,16,0,0
BRDA:96,16,1,0
BRDA:96,16,2,0
BRDA:96,16,3,0
BRDA:97,17,0,0
BRDA:97,17,1,0
BRDA:97,17,2,0
BRDA:97,17,3,0
BRDA:102,18,0,0
BRDA:102,18,1,0
BRDA:102,19,0,0
BRDA:102,19,1,0
BRDA:115,20,0,0
BRDA:115,20,1,0
BRDA:146,21,0,0
BRDA:146,21,1,0
BRDA:149,22,0,0
BRDA:149,22,1,0
BRDA:160,23,0,0
BRDA:160,23,1,0
BRDA:176,24,0,0
BRDA:176,24,1,0
BRDA:184,25,0,0
BRDA:184,25,1,0
BRDA:195,26,0,0
BRDA:195,26,1,0
BRDA:195,26,2,0
BRDA:196,27,0,0
BRDA:196,27,1,0
BRDA:201,28,0,0
BRDA:204,29,0,0
BRDA:204,29,1,0
BRDA:204,29,2,0
BRDA:204,29,3,0
BRDA:205,30,0,0
BRDA:205,30,1,0
BRDA:206,31,0,0
BRDA:206,31,1,0
BRDA:207,32,0,0
BRDA:207,32,1,0
BRDA:209,33,0,0
BRDA:209,33,1,0
BRDA:216,34,0,0
BRDA:216,34,1,0
BRDA:231,35,0,0
BRDA:231,35,1,0
BRDA:233,36,0,0
BRDA:233,36,1,0
BRDA:236,37,0,0
BRDA:236,37,1,0
BRDA:236,38,0,0
BRDA:236,38,1,0
BRDA:292,39,0,0
BRDA:292,39,1,0
BRDA:309,40,0,0
BRDA:309,40,1,0
BRDA:323,41,0,0
BRDA:323,41,1,0
BRDA:325,42,0,0
BRDA:325,42,1,0
BRDA:328,43,0,0
BRDA:328,43,1,0
BRDA:328,44,0,0
BRDA:328,44,1,0
BRDA:381,45,0,2
BRDA:381,45,1,0
BRDA:393,46,0,0
BRDA:393,46,1,10
BRDA:458,47,0,2
BRDA:458,47,1,2
BRDA:458,47,2,2
BRDA:458,47,3,0
BRDA:471,48,0,2
BRDA:471,48,1,0
BRDA:489,49,0,2
BRDA:489,49,1,0
BRDA:504,50,0,0
BRDA:504,50,1,0
BRDA:517,51,0,0
BRDA:517,51,1,0
BRF:123
BRH:16
end_of_record
TN:
SF:src\pages\Dashboard.jsx
FN:12,(anonymous_0)
FN:25,(anonymous_1)
FN:29,(anonymous_2)
FN:37,(anonymous_3)
FN:49,(anonymous_4)
FN:67,(anonymous_5)
FN:76,(anonymous_6)
FN:77,(anonymous_7)
FN:79,(anonymous_8)
FN:80,(anonymous_9)
FN:94,(anonymous_10)
FN:144,(anonymous_11)
FN:164,(anonymous_12)
FN:167,(anonymous_13)
FN:198,(anonymous_14)
FN:206,(anonymous_15)
FN:238,(anonymous_16)
FN:240,(anonymous_17)
FN:332,(anonymous_18)
FNF:19
FNH:8
FNDA:1,(anonymous_0)
FNDA:1,(anonymous_1)
FNDA:1,(anonymous_2)
FNDA:1,(anonymous_3)
FNDA:1,(anonymous_4)
FNDA:1,(anonymous_5)
FNDA:0,(anonymous_6)
FNDA:0,(anonymous_7)
FNDA:0,(anonymous_8)
FNDA:0,(anonymous_9)
FNDA:0,(anonymous_10)
FNDA:0,(anonymous_11)
FNDA:0,(anonymous_12)
FNDA:0,(anonymous_13)
FNDA:1,(anonymous_14)
FNDA:1,(anonymous_15)
FNDA:0,(anonymous_16)
FNDA:0,(anonymous_17)
FNDA:0,(anonymous_18)
DA:10,1
DA:12,1
DA:13,1
DA:14,1
DA:15,1
DA:16,1
DA:17,1
DA:18,1
DA:19,1
DA:20,1
DA:21,1
DA:22,1
DA:23,1
DA:25,1
DA:26,1
DA:29,1
DA:30,1
DA:31,0
DA:32,0
DA:34,0
DA:37,1
DA:38,1
DA:39,0
DA:40,0
DA:42,1
DA:43,0
DA:44,0
DA:49,1
DA:50,1
DA:51,1
DA:52,1
DA:53,1
DA:54,1
DA:55,1
DA:57,0
DA:58,0
DA:59,0
DA:60,0
DA:62,1
DA:67,1
DA:68,1
DA:69,1
DA:70,1
DA:73,1
DA:74,1
DA:76,1
DA:77,0
DA:78,0
DA:79,0
DA:80,0
DA:81,0
DA:86,1
DA:94,1
DA:95,0
DA:96,0
DA:104,0
DA:105,0
DA:106,0
DA:108,0
DA:109,0
DA:112,0
DA:113,0
DA:142,0
DA:143,0
DA:144,0
DA:148,0
DA:149,0
DA:156,0
DA:157,0
DA:160,0
DA:161,0
DA:164,0
DA:167,0
DA:198,1
DA:199,1
DA:200,0
DA:201,0
DA:203,0
DA:206,1
DA:207,1
DA:208,0
DA:209,0
DA:211,1
DA:212,0
DA:213,0
DA:218,1
DA:219,1
DA:222,0
DA:223,0
DA:232,0
DA:235,0
DA:237,0
DA:238,0
DA:240,0
DA:242,0
DA:333,0
LF:96
LH:44
BRDA:18,0,0,0
BRDA:18,1,0,0
BRDA:18,2,0,1
BRDA:18,2,1,0
BRDA:30,3,0,0
BRDA:30,3,1,1
BRDA:30,4,0,1
BRDA:30,4,1,0
BRDA:30,4,2,0
BRDA:38,5,0,0
BRDA:38,5,1,1
BRDA:42,6,0,0
BRDA:42,6,1,1
BRDA:54,7,0,1
BRDA:54,7,1,0
BRDA:55,8,0,1
BRDA:55,8,1,0
BRDA:77,9,0,0
BRDA:77,9,1,0
BRDA:78,10,0,0
BRDA:78,10,1,0
BRDA:78,11,0,0
BRDA:78,11,1,0
BRDA:81,12,0,0
BRDA:81,12,1,0
BRDA:97,13,0,0
BRDA:97,13,1,0
BRDA:98,14,0,0
BRDA:98,14,1,0
BRDA:99,15,0,0
BRDA:99,15,1,0
BRDA:100,16,0,0
BRDA:100,16,1,0
BRDA:104,17,0,0
BRDA:104,17,1,0
BRDA:105,18,0,0
BRDA:105,18,1,0
BRDA:106,19,0,0
BRDA:106,19,1,0
BRDA:108,20,0,0
BRDA:108,20,1,0
BRDA:118,21,0,0
BRDA:118,21,1,0
BRDA:118,22,0,0
BRDA:118,22,1,0
BRDA:142,23,0,0
BRDA:142,23,1,0
BRDA:148,24,0,0
BRDA:148,24,1,0
BRDA:156,25,0,0
BRDA:156,25,1,0
BRDA:199,26,0,0
BRDA:199,26,1,1
BRDA:199,27,0,1
BRDA:199,27,1,0
BRDA:199,27,2,0
BRDA:207,28,0,0
BRDA:207,28,1,1
BRDA:211,29,0,0
BRDA:211,29,1,1
BRDA:218,30,0,1
BRDA:218,30,1,0
BRDA:222,31,0,0
BRDA:222,31,1,0
BRDA:232,32,0,0
BRDA:232,32,1,0
BRDA:240,33,0,0
BRDA:240,33,1,0
BRF:68
BRH:12
end_of_record
TN:
SF:src\pages\EditMovie.jsx
FN:5,(anonymous_0)
FN:24,(anonymous_1)
FN:25,(anonymous_2)
FN:52,(anonymous_3)
FN:54,(anonymous_4)
FN:57,(anonymous_5)
FN:65,(anonymous_6)
FN:66,(anonymous_7)
FN:72,(anonymous_8)
FN:76,(anonymous_9)
FN:84,(anonymous_10)
FN:85,(anonymous_11)
FN:91,(anonymous_12)
FN:142,(anonymous_13)
FN:284,(anonymous_14)
FN:363,(anonymous_15)
FNF:16
FNH:3
FNDA:1,(anonymous_0)
FNDA:1,(anonymous_1)
FNDA:1,(anonymous_2)
FNDA:0,(anonymous_3)
FNDA:0,(anonymous_4)
FNDA:0,(anonymous_5)
FNDA:0,(anonymous_6)
FNDA:0,(anonymous_7)
FNDA:0,(anonymous_8)
FNDA:0,(anonymous_9)
FNDA:0,(anonymous_10)
FNDA:0,(anonymous_11)
FNDA:0,(anonymous_12)
FNDA:0,(anonymous_13)
FNDA:0,(anonymous_14)
FNDA:0,(anonymous_15)
DA:5,1
DA:6,1
DA:7,1
DA:8,1
DA:9,1
DA:21,1
DA:22,1
DA:24,1
DA:25,1
DA:26,1
DA:27,1
DA:28,1
DA:29,1
DA:42,0
DA:43,0
DA:44,0
DA:46,1
DA:49,1
DA:52,1
DA:53,0
DA:54,0
DA:57,1
DA:58,0
DA:59,0
DA:60,0
DA:61,0
DA:64,0
DA:65,0
DA:66,0
DA:68,0
DA:72,1
DA:73,0
DA:76,1
DA:77,0
DA:78,0
DA:79,0
DA:80,0
DA:81,0
DA:83,0
DA:84,0
DA:85,0
DA:87,0
DA:91,1
DA:92,0
DA:95,0
DA:96,0
DA:97,0
DA:100,0
DA:101,0
DA:102,0
DA:105,0
DA:106,0
DA:119,0
DA:120,0
DA:121,0
DA:123,0
DA:124,0
DA:128,1
DA:129,1
DA:136,0
DA:142,0
DA:284,0
DA:363,0
LF:63
LH:22
BRDA:30,0,0,1
BRDA:30,0,1,0
BRDA:31,1,0,1
BRDA:31,1,1,0
BRDA:32,2,0,1
BRDA:32,2,1,0
BRDA:33,3,0,1
BRDA:33,3,1,0
BRDA:34,4,0,1
BRDA:34,4,1,0
BRDA:35,5,0,1
BRDA:35,5,1,0
BRDA:36,6,0,1
BRDA:36,6,1,1
BRDA:37,7,0,1
BRDA:37,7,1,1
BRDA:38,8,0,1
BRDA:38,8,1,0
BRDA:39,9,0,1
BRDA:39,9,1,1
BRDA:58,10,0,0
BRDA:58,10,1,0
BRDA:58,11,0,0
BRDA:58,11,1,0
BRDA:78,12,0,0
BRDA:78,12,1,0
BRDA:78,13,0,0
BRDA:78,13,1,0
BRDA:95,14,0,0
BRDA:95,14,1,0
BRDA:95,15,0,0
BRDA:95,15,1,0
BRDA:95,15,2,0
BRDA:95,15,3,0
BRDA:95,15,4,0
BRDA:100,16,0,0
BRDA:100,16,1,0
BRDA:110,17,0,0
BRDA:110,17,1,0
BRDA:112,18,0,0
BRDA:112,18,1,0
BRDA:116,19,0,0
BRDA:116,19,1,0
BRDA:124,20,0,0
BRDA:124,20,1,0
BRDA:128,21,0,1
BRDA:128,21,1,0
BRDA:266,22,0,0
BRDA:266,22,1,0
BRDA:296,23,0,0
BRDA:296,23,1,0
BRF:51
BRH:14
end_of_record
TN:
SF:src\pages\Home.jsx
FN:9,(anonymous_0)
FN:16,(anonymous_1)
FN:20,(anonymous_2)
FN:32,(anonymous_3)
FN:40,(anonymous_4)
FN:44,(anonymous_5)
FN:48,(anonymous_6)
FN:112,(anonymous_7)
FNF:8
FNH:3
FNDA:2,(anonymous_0)
FNDA:2,(anonymous_1)
FNDA:2,(anonymous_2)
FNDA:0,(anonymous_3)
FNDA:0,(anonymous_4)
FNDA:0,(anonymous_5)
FNDA:0,(anonymous_6)
FNDA:0,(anonymous_7)
DA:9,1
DA:10,2
DA:11,2
DA:12,2
DA:13,2
DA:14,2
DA:16,2
DA:17,2
DA:20,2
DA:21,2
DA:22,2
DA:23,2
DA:24,2
DA:26,0
DA:28,2
DA:32,2
DA:33,0
DA:34,0
DA:35,0
DA:36,0
DA:40,2
DA:41,0
DA:44,2
DA:45,0
DA:48,2
DA:49,0
DA:52,2
DA:113,0
LF:28
LH:19
BRDA:34,0,0,0
BRDA:34,0,1,0
BRDA:108,1,0,2
BRDA:108,1,1,0
BRDA:204,2,0,2
BRDA:204,2,1,2
BRF:6
BRH:3
end_of_record
TN:
SF:src\pages\MovieDetails.jsx
FN:8,(anonymous_0)
FN:21,(anonymous_1)
FN:25,(anonymous_2)
FN:42,(anonymous_3)
FN:48,(anonymous_4)
FN:51,(anonymous_5)
FN:62,(anonymous_6)
FN:82,(anonymous_7)
FN:84,(anonymous_8)
FN:88,(anonymous_9)
FN:108,(anonymous_10)
FN:123,(anonymous_11)
FN:142,(anonymous_12)
FN:143,(anonymous_13)
FN:151,(anonymous_14)
FN:157,(anonymous_15)
FN:173,(anonymous_16)
FN:175,(anonymous_17)
FN:221,(anonymous_18)
FN:229,(anonymous_19)
FN:263,(anonymous_20)
FN:274,(anonymous_21)
FN:284,(anonymous_22)
FN:294,(anonymous_23)
FN:304,(anonymous_24)
FN:355,(anonymous_25)
FN:436,(anonymous_26)
FN:448,(anonymous_27)
FN:451,(anonymous_28)
FNF:29
FNH:4
FNDA:1,(anonymous_0)
FNDA:1,(anonymous_1)
FNDA:1,(anonymous_2)
FNDA:1,(anonymous_3)
FNDA:0,(anonymous_4)
FNDA:0,(anonymous_5)
FNDA:0,(anonymous_6)
FNDA:0,(anonymous_7)
FNDA:0,(anonymous_8)
FNDA:0,(anonymous_9)
FNDA:0,(anonymous_10)
FNDA:0,(anonymous_11)
FNDA:0,(anonymous_12)
FNDA:0,(anonymous_13)
FNDA:0,(anonymous_14)
FNDA:0,(anonymous_15)
FNDA:0,(anonymous_16)
FNDA:0,(anonymous_17)
FNDA:0,(anonymous_18)
FNDA:0,(anonymous_19)
FNDA:0,(anonymous_20)
FNDA:0,(anonymous_21)
FNDA:0,(anonymous_22)
FNDA:0,(anonymous_23)
FNDA:0,(anonymous_24)
FNDA:0,(anonymous_25)
FNDA:0,(anonymous_26)
FNDA:0,(anonymous_27)
FNDA:0,(anonymous_28)
DA:8,1
DA:9,1
DA:10,1
DA:11,1
DA:12,1
DA:14,1
DA:15,1
DA:16,1
DA:17,1
DA:19,1
DA:21,1
DA:22,1
DA:25,1
DA:26,1
DA:27,1
DA:28,1
DA:29,1
DA:32,1
DA:33,1
DA:36,0
DA:38,1
DA:42,1
DA:43,1
DA:44,1
DA:45,1
DA:47,1
DA:49,0
DA:50,0
DA:51,0
DA:52,0
DA:56,1
DA:58,0
DA:62,1
DA:63,0
DA:66,0
DA:67,0
DA:69,0
DA:70,0
DA:74,0
DA:75,0
DA:79,0
DA:82,1
DA:83,0
DA:84,0
DA:88,1
DA:89,0
DA:90,0
DA:91,0
DA:94,0
DA:95,0
DA:96,0
DA:99,0
DA:101,0
DA:102,0
DA:104,0
DA:108,1
DA:109,0
DA:110,0
DA:113,0
DA:114,0
DA:115,0
DA:116,0
DA:118,0
DA:119,0
DA:123,1
DA:124,0
DA:127,1
DA:128,1
DA:131,0
DA:132,0
DA:139,0
DA:140,0
DA:141,0
DA:142,0
DA:143,0
DA:144,0
DA:146,0
DA:151,0
DA:157,0
DA:173,0
DA:175,0
DA:221,0
DA:229,0
DA:264,0
DA:274,0
DA:284,0
DA:294,0
DA:304,0
DA:356,0
DA:436,0
DA:449,0
DA:451,0
LF:92
LH:33
BRDA:32,0,0,1
BRDA:32,0,1,0
BRDA:49,1,0,0
BRDA:49,1,1,0
BRDA:50,2,0,0
BRDA:50,2,1,0
BRDA:63,3,0,0
BRDA:63,3,1,0
BRDA:69,4,0,0
BRDA:69,4,1,0
BRDA:69,5,0,0
BRDA:69,5,1,0
BRDA:74,6,0,0
BRDA:74,6,1,0
BRDA:84,7,0,0
BRDA:84,7,1,0
BRDA:89,8,0,0
BRDA:89,8,1,0
BRDA:94,9,0,0
BRDA:94,9,1,0
BRDA:101,10,0,0
BRDA:101,10,1,0
BRDA:109,11,0,0
BRDA:109,11,1,0
BRDA:127,12,0,1
BRDA:127,12,1,0
BRDA:131,13,0,0
BRDA:131,13,1,0
BRDA:139,14,0,0
BRDA:139,14,1,0
BRDA:139,14,2,0
BRDA:139,14,3,0
BRDA:140,15,0,0
BRDA:140,15,1,0
BRDA:141,16,0,0
BRDA:141,16,1,0
BRDA:142,17,0,0
BRDA:142,17,1,0
BRDA:143,18,0,0
BRDA:143,18,1,0
BRDA:155,19,0,0
BRDA:155,19,1,0
BRDA:186,20,0,0
BRDA:186,20,1,0
BRDA:195,21,0,0
BRDA:195,21,1,0
BRDA:197,22,0,0
BRDA:197,22,1,0
BRDA:202,23,0,0
BRDA:202,23,1,0
BRDA:207,24,0,0
BRDA:207,24,1,0
BRDA:219,25,0,0
BRDA:219,25,1,0
BRDA:241,26,0,0
BRDA:241,26,1,0
BRDA:276,27,0,0
BRDA:276,27,1,0
BRDA:286,28,0,0
BRDA:286,28,1,0
BRDA:296,29,0,0
BRDA:296,29,1,0
BRDA:306,30,0,0
BRDA:306,30,1,0
BRDA:319,31,0,0
BRDA:319,31,1,0
BRDA:323,32,0,0
BRDA:323,32,1,0
BRDA:327,33,0,0
BRDA:327,33,1,0
BRDA:333,34,0,0
BRDA:333,34,1,0
BRDA:339,35,0,0
BRDA:339,35,1,0
BRDA:350,36,0,0
BRDA:350,36,1,0
BRDA:353,37,0,0
BRDA:353,37,1,0
BRDA:373,38,0,0
BRDA:373,38,1,0
BRDA:381,39,0,0
BRDA:381,39,1,0
BRDA:384,40,0,0
BRDA:384,40,1,0
BRDA:411,41,0,0
BRDA:411,41,1,0
BRDA:413,42,0,0
BRDA:413,42,1,0
BRDA:418,43,0,0
BRDA:418,43,1,0
BRDA:423,44,0,0
BRDA:423,44,1,0
BRDA:447,45,0,0
BRDA:447,45,1,0
BRDA:455,46,0,0
BRDA:455,46,1,0
BRDA:463,47,0,0
BRDA:463,47,1,0
BRDA:463,47,2,0
BRDA:467,48,0,0
BRDA:467,48,1,0
BRF:101
BRH:2
end_of_record
TN:
SF:src\pages\NotFound.jsx
FN:4,(anonymous_0)
FNF:1
FNH:0
FNDA:0,(anonymous_0)
DA:4,0
DA:5,0
DA:7,0
LF:3
LH:0
BRDA:40,0,0,0
BRDA:40,0,1,0
BRF:2
BRH:0
end_of_record
TN:
SF:src\pages\Profile.jsx
FN:9,(anonymous_0)
FN:28,(anonymous_1)
FN:47,(anonymous_2)
FN:51,(anonymous_3)
FN:55,(anonymous_4)
FN:82,(anonymous_5)
FN:112,(anonymous_6)
FN:117,(anonymous_7)
FN:160,(anonymous_8)
FN:164,(anonymous_9)
FNF:10
FNH:0
FNDA:0,(anonymous_0)
FNDA:0,(anonymous_1)
FNDA:0,(anonymous_2)
FNDA:0,(anonymous_3)
FNDA:0,(anonymous_4)
FNDA:0,(anonymous_5)
FNDA:0,(anonymous_6)
FNDA:0,(anonymous_7)
FNDA:0,(anonymous_8)
FNDA:0,(anonymous_9)
DA:9,0
DA:10,0
DA:11,0
DA:12,0
DA:13,0
DA:14,0
DA:17,0
DA:25,0
DA:28,0
DA:29,0
DA:30,0
DA:41,0
DA:47,0
DA:48,0
DA:51,0
DA:52,0
DA:55,0
DA:56,0
DA:57,0
DA:58,0
DA:61,0
DA:62,0
DA:63,0
DA:71,0
DA:72,0
DA:73,0
DA:75,0
DA:76,0
DA:78,0
DA:82,0
DA:83,0
DA:84,0
DA:85,0
DA:88,0
DA:89,0
DA:90,0
DA:93,0
DA:94,0
DA:95,0
DA:96,0
DA:99,0
DA:100,0
DA:101,0
DA:102,0
DA:103,0
DA:105,0
DA:106,0
DA:108,0
DA:112,0
DA:113,0
DA:114,0
DA:117,0
DA:118,0
DA:120,0
DA:121,0
DA:122,0
DA:126,0
DA:161,0
DA:162,0
DA:163,0
DA:164,0
DA:165,0
DA:167,0
LF:63
LH:0
BRDA:29,0,0,0
BRDA:29,0,1,0
BRDA:31,1,0,0
BRDA:31,1,1,0
BRDA:32,2,0,0
BRDA:32,2,1,0
BRDA:33,3,0,0
BRDA:33,3,1,0
BRDA:34,4,0,0
BRDA:34,4,1,0
BRDA:35,5,0,0
BRDA:35,5,1,0
BRDA:56,6,0,0
BRDA:56,6,1,0
BRDA:76,7,0,0
BRDA:76,7,1,0
BRDA:83,8,0,0
BRDA:83,8,1,0
BRDA:88,9,0,0
BRDA:88,9,1,0
BRDA:94,10,0,0
BRDA:94,10,1,0
BRDA:106,11,0,0
BRDA:106,11,1,0
BRDA:118,12,0,0
BRDA:118,12,1,0
BRDA:144,13,0,0
BRDA:144,13,1,0
BRDA:162,14,0,0
BRDA:162,14,1,0
BRDA:238,15,0,0
BRDA:238,15,1,0
BRDA:253,16,0,0
BRDA:253,16,1,0
BRDA:261,17,0,0
BRDA:261,17,1,0
BRDA:285,18,0,0
BRDA:285,18,1,0
BRDA:311,19,0,0
BRDA:311,19,1,0
BRDA:384,20,0,0
BRDA:384,20,1,0
BRF:42
BRH:0
end_of_record
TN:
SF:src\pages\Search.jsx
FN:7,(anonymous_0)
FN:15,(anonymous_1)
FN:21,(anonymous_2)
FN:33,(anonymous_3)
FN:47,(anonymous_4)
FNF:5
FNH:3
FNDA:3,(anonymous_0)
FNDA:3,(anonymous_1)
FNDA:3,(anonymous_2)
FNDA:0,(anonymous_3)
FNDA:0,(anonymous_4)
DA:7,1
DA:8,3
DA:9,3
DA:10,3
DA:12,3
DA:13,3
DA:15,3
DA:16,3
DA:17,3
DA:21,3
DA:22,3
DA:23,3
DA:24,3
DA:25,3
DA:27,0
DA:29,3
DA:33,3
DA:34,0
DA:37,3
DA:48,0
LF:20
LH:17
BRDA:10,0,0,3
BRDA:10,0,1,0
BRDA:16,1,0,3
BRDA:16,1,1,0
BRDA:43,2,0,3
BRDA:43,2,1,0
BRDA:45,3,0,0
BRDA:45,3,1,0
BRF:8
BRH:3
end_of_record
TN:
SF:src\pages\SignIn.jsx
FN:9,(anonymous_0)
FN:17,(anonymous_1)
FN:67,(anonymous_2)
FN:77,(anonymous_3)
FNF:4
FNH:1
FNDA:5,(anonymous_0)
FNDA:0,(anonymous_1)
FNDA:0,(anonymous_2)
FNDA:0,(anonymous_3)
DA:9,1
DA:10,5
DA:11,5
DA:12,5
DA:13,5
DA:14,5
DA:15,5
DA:17,5
DA:18,0
DA:19,0
DA:20,0
DA:22,0
DA:23,0
DA:25,0
DA:26,0
DA:27,0
DA:28,0
DA:29,0
DA:31,0
DA:34,0
DA:35,0
DA:37,0
DA:41,5
DA:67,0
DA:77,0
LF:25
LH:9
BRDA:25,0,0,0
BRDA:25,0,1,0
BRDA:28,1,0,0
BRDA:28,1,1,0
BRDA:29,2,0,0
BRDA:29,2,1,0
BRDA:31,3,0,0
BRDA:31,3,1,0
BRDA:56,4,0,5
BRDA:56,4,1,0
BRDA:88,5,0,0
BRDA:88,5,1,5
BRF:12
BRH:2
end_of_record
TN:
SF:src\pages\SignUp.jsx
FN:9,(anonymous_0)
FN:19,(anonymous_1)
FN:79,(anonymous_2)
FN:89,(anonymous_3)
FN:99,(anonymous_4)
FN:109,(anonymous_5)
FNF:6
FNH:1
FNDA:7,(anonymous_0)
FNDA:0,(anonymous_1)
FNDA:0,(anonymous_2)
FNDA:0,(anonymous_3)
FNDA:0,(anonymous_4)
FNDA:0,(anonymous_5)
DA:9,1
DA:10,7
DA:11,7
DA:12,7
DA:13,7
DA:14,7
DA:15,7
DA:16,7
DA:17,7
DA:19,7
DA:20,0
DA:21,0
DA:23,0
DA:24,0
DA:25,0
DA:28,0
DA:29,0
DA:30,0
DA:31,0
DA:34,0
DA:36,0
DA:37,0
DA:39,0
DA:40,0
DA:41,0
DA:43,0
DA:46,0
DA:47,0
DA:49,0
DA:53,7
DA:79,0
DA:89,0
DA:99,0
DA:109,0
LF:34
LH:11
BRDA:23,0,0,0
BRDA:23,0,1,0
BRDA:29,1,0,0
BRDA:29,1,1,0
BRDA:39,2,0,0
BRDA:39,2,1,0
BRDA:39,3,0,0
BRDA:39,3,1,0
BRDA:43,4,0,0
BRDA:43,4,1,0
BRDA:68,5,0,7
BRDA:68,5,1,0
BRDA:120,6,0,0
BRDA:120,6,1,7
BRF:14
BRH:2
end_of_record
TN:
SF:src\pages\Watchlist.jsx
FN:8,(anonymous_0)
FN:31,(anonymous_1)
FN:36,(anonymous_2)
FN:41,(anonymous_3)
FN:43,(anonymous_4)
FN:46,(anonymous_5)
FN:48,(anonymous_6)
FN:55,(anonymous_7)
FN:64,(anonymous_8)
FN:67,(anonymous_9)
FN:70,(anonymous_10)
FN:83,(anonymous_11)
FN:87,(anonymous_12)
FN:93,(anonymous_13)
FN:121,(anonymous_14)
FN:137,(anonymous_15)
FN:160,(anonymous_16)
FN:176,(anonymous_17)
FN:201,(anonymous_18)
FN:233,(anonymous_19)
FN:250,(anonymous_20)
FN:253,(anonymous_21)
FN:259,(anonymous_22)
FN:285,(anonymous_23)
FN:296,(anonymous_24)
FNF:25
FNH:5
FNDA:4,(anonymous_0)
FNDA:4,(anonymous_1)
FNDA:4,(anonymous_2)
FNDA:0,(anonymous_3)
FNDA:0,(anonymous_4)
FNDA:0,(anonymous_5)
FNDA:0,(anonymous_6)
FNDA:0,(anonymous_7)
FNDA:0,(anonymous_8)
FNDA:0,(anonymous_9)
FNDA:0,(anonymous_10)
FNDA:0,(anonymous_11)
FNDA:0,(anonymous_12)
FNDA:0,(anonymous_13)
FNDA:12,(anonymous_14)
FNDA:0,(anonymous_15)
FNDA:12,(anonymous_16)
FNDA:0,(anonymous_17)
FNDA:0,(anonymous_18)
FNDA:0,(anonymous_19)
FNDA:0,(anonymous_20)
FNDA:0,(anonymous_21)
FNDA:0,(anonymous_22)
FNDA:0,(anonymous_23)
FNDA:0,(anonymous_24)
DA:8,1
DA:9,4
DA:10,4
DA:11,4
DA:12,4
DA:13,4
DA:14,4
DA:17,4
DA:24,4
DA:31,4
DA:32,4
DA:36,4
DA:37,4
DA:40,4
DA:41,0
DA:42,0
DA:43,0
DA:45,4
DA:46,0
DA:47,0
DA:48,0
DA:53,4
DA:54,0
DA:55,0
DA:56,0
DA:62,4
DA:64,4
DA:65,4
DA:67,0
DA:68,0
DA:70,0
DA:71,0
DA:72,0
DA:73,0
DA:75,0
DA:77,0
DA:80,4
DA:83,4
DA:84,0
DA:87,4
DA:88,0
DA:89,0
DA:90,0
DA:93,4
DA:94,0
DA:95,0
DA:97,0
DA:98,0
DA:100,0
DA:104,4
DA:105,0
DA:108,4
DA:122,12
DA:137,0
DA:161,12
DA:176,0
DA:201,0
DA:233,0
DA:251,0
DA:252,0
DA:253,0
DA:255,0
DA:259,0
DA:285,0
DA:296,0
LF:65
LH:27
BRDA:40,0,0,0
BRDA:40,0,1,4
BRDA:42,1,0,0
BRDA:42,1,1,0
BRDA:43,2,0,0
BRDA:43,2,1,0
BRDA:45,3,0,0
BRDA:45,3,1,4
BRDA:47,4,0,0
BRDA:47,4,1,0
BRDA:48,5,0,0
BRDA:48,5,1,0
BRDA:53,6,0,0
BRDA:53,6,1,4
BRDA:56,7,0,0
BRDA:56,7,1,0
BRDA:62,8,0,4
BRDA:62,8,1,0
BRDA:62,8,2,0
BRDA:62,8,3,0
BRDA:64,9,0,0
BRDA:64,9,1,0
BRDA:64,10,0,0
BRDA:64,10,1,0
BRDA:67,11,0,0
BRDA:67,11,1,0
BRDA:67,12,0,0
BRDA:67,12,1,0
BRDA:71,13,0,0
BRDA:71,13,1,0
BRDA:72,14,0,0
BRDA:72,14,1,0
BRDA:97,15,0,0
BRDA:97,15,1,0
BRDA:104,16,0,0
BRDA:104,16,1,4
BRDA:127,17,0,4
BRDA:127,17,1,8
BRDA:133,18,0,4
BRDA:133,18,1,8
BRDA:143,19,0,12
BRDA:143,19,1,4
BRDA:166,20,0,4
BRDA:166,20,1,8
BRDA:172,21,0,4
BRDA:172,21,1,8
BRDA:182,22,0,12
BRDA:182,22,1,4
BRDA:219,23,0,4
BRDA:219,23,1,0
BRDA:225,24,0,0
BRDA:225,24,1,4
BRDA:228,25,0,0
BRDA:228,25,1,4
BRDA:251,26,0,0
BRDA:251,26,1,0
BRDA:252,27,0,0
BRDA:252,27,1,0
BRDA:252,27,2,0
BRDA:253,28,0,0
BRDA:253,28,1,0
BRDA:262,29,0,0
BRDA:262,29,1,0
BRDA:276,30,0,0
BRDA:276,30,1,0
BRDA:287,31,0,0
BRDA:287,31,1,0
BRDA:292,32,0,0
BRDA:292,32,1,0
BRDA:293,33,0,0
BRDA:293,33,1,0
BRDA:311,34,0,0
BRDA:311,34,1,0
BRF:73
BRH:20
end_of_record
TN:
SF:src\services\api.js
FN:6,(anonymous_0)
FN:15,(anonymous_1)
FN:25,(anonymous_2)
FN:32,(anonymous_3)
FN:38,(anonymous_4)
FN:45,(anonymous_5)
FN:54,(anonymous_6)
FN:63,(anonymous_7)
FN:69,(anonymous_8)
FN:75,(anonymous_9)
FN:82,(anonymous_10)
FN:88,(anonymous_11)
FN:93,(anonymous_12)
FN:99,(anonymous_13)
FN:108,(anonymous_14)
FN:114,(anonymous_15)
FN:121,(anonymous_16)
FN:127,(anonymous_17)
FN:138,(anonymous_18)
FN:154,(anonymous_19)
FN:161,(anonymous_20)
FN:167,(anonymous_21)
FN:170,(anonymous_22)
FN:179,(anonymous_23)
FN:185,(anonymous_24)
FN:191,(anonymous_25)
FN:197,(anonymous_26)
FN:204,(anonymous_27)
FN:210,(anonymous_28)
FN:217,(anonymous_29)
FN:223,(anonymous_30)
FN:228,(anonymous_31)
FN:234,(anonymous_32)
FN:241,(anonymous_33)
FN:247,(anonymous_34)
FN:252,(anonymous_35)
FNF:36
FNH:0
FNDA:0,(anonymous_0)
FNDA:0,(anonymous_1)
FNDA:0,(anonymous_2)
FNDA:0,(anonymous_3)
FNDA:0,(anonymous_4)
FNDA:0,(anonymous_5)
FNDA:0,(anonymous_6)
FNDA:0,(anonymous_7)
FNDA:0,(anonymous_8)
FNDA:0,(anonymous_9)
FNDA:0,(anonymous_10)
FNDA:0,(anonymous_11)
FNDA:0,(anonymous_12)
FNDA:0,(anonymous_13)
FNDA:0,(anonymous_14)
FNDA:0,(anonymous_15)
FNDA:0,(anonymous_16)
FNDA:0,(anonymous_17)
FNDA:0,(anonymous_18)
FNDA:0,(anonymous_19)
FNDA:0,(anonymous_20)
FNDA:0,(anonymous_21)
FNDA:0,(anonymous_22)
FNDA:0,(anonymous_23)
FNDA:0,(anonymous_24)
FNDA:0,(anonymous_25)
FNDA:0,(anonymous_26)
FNDA:0,(anonymous_27)
FNDA:0,(anonymous_28)
FNDA:0,(anonymous_29)
FNDA:0,(anonymous_30)
FNDA:0,(anonymous_31)
FNDA:0,(anonymous_32)
FNDA:0,(anonymous_33)
FNDA:0,(anonymous_34)
FNDA:0,(anonymous_35)
DA:2,0
DA:5,0
DA:7,0
DA:12,0
DA:16,0
DA:21,0
DA:22,0
DA:26,0
DA:31,0
DA:32,0
DA:33,0
DA:35,0
DA:39,0
DA:44,0
DA:45,0
DA:46,0
DA:48,0
DA:53,0
DA:55,0
DA:58,0
DA:59,0
DA:60,0
DA:64,0
DA:65,0
DA:66,0
DA:70,0
DA:71,0
DA:72,0
DA:76,0
DA:81,0
DA:82,0
DA:83,0
DA:85,0
DA:89,0
DA:92,0
DA:93,0
DA:94,0
DA:96,0
DA:100,0
DA:101,0
DA:102,0
DA:107,0
DA:109,0
DA:110,0
DA:111,0
DA:115,0
DA:120,0
DA:121,0
DA:122,0
DA:124,0
DA:128,0
DA:129,0
DA:130,0
DA:135,0
DA:137,0
DA:138,0
DA:139,0
DA:140,0
DA:142,0
DA:143,0
DA:145,0
DA:146,0
DA:147,0
DA:149,0
DA:150,0
DA:155,0
DA:160,0
DA:161,0
DA:162,0
DA:164,0
DA:168,0
DA:169,0
DA:170,0
DA:171,0
DA:173,0
DA:178,0
DA:180,0
DA:181,0
DA:182,0
DA:186,0
DA:187,0
DA:188,0
DA:192,0
DA:193,0
DA:194,0
DA:198,0
DA:203,0
DA:204,0
DA:205,0
DA:207,0
DA:211,0
DA:216,0
DA:217,0
DA:218,0
DA:220,0
DA:224,0
DA:227,0
DA:228,0
DA:229,0
DA:231,0
DA:235,0
DA:240,0
DA:241,0
DA:242,0
DA:244,0
DA:248,0
DA:251,0
DA:252,0
DA:253,0
DA:255,0
LF:110
LH:0
BRDA:2,0,0,0
BRDA:2,0,1,0
BRDA:31,1,0,0
BRDA:31,1,1,0
BRDA:33,2,0,0
BRDA:33,2,1,0
BRDA:44,3,0,0
BRDA:44,3,1,0
BRDA:46,4,0,0
BRDA:46,4,1,0
BRDA:54,5,0,0
BRDA:55,6,0,0
BRDA:55,6,1,0
BRDA:59,7,0,0
BRDA:59,7,1,0
BRDA:65,8,0,0
BRDA:65,8,1,0
BRDA:71,9,0,0
BRDA:71,9,1,0
BRDA:81,10,0,0
BRDA:81,10,1,0
BRDA:83,11,0,0
BRDA:83,11,1,0
BRDA:92,12,0,0
BRDA:92,12,1,0
BRDA:94,13,0,0
BRDA:94,13,1,0
BRDA:101,14,0,0
BRDA:101,14,1,0
BRDA:110,15,0,0
BRDA:110,15,1,0
BRDA:120,16,0,0
BRDA:120,16,1,0
BRDA:122,17,0,0
BRDA:122,17,1,0
BRDA:137,18,0,0
BRDA:137,18,1,0
BRDA:143,19,0,0
BRDA:143,19,1,0
BRDA:154,20,0,0
BRDA:160,21,0,0
BRDA:160,21,1,0
BRDA:162,22,0,0
BRDA:162,22,1,0
BRDA:169,23,0,0
BRDA:169,23,1,0
BRDA:171,24,0,0
BRDA:171,24,1,0
BRDA:181,25,0,0
BRDA:181,25,1,0
BRDA:187,26,0,0
BRDA:187,26,1,0
BRDA:193,27,0,0
BRDA:193,27,1,0
BRDA:203,28,0,0
BRDA:203,28,1,0
BRDA:205,29,0,0
BRDA:205,29,1,0
BRDA:216,30,0,0
BRDA:216,30,1,0
BRDA:218,31,0,0
BRDA:218,31,1,0
BRDA:227,32,0,0
BRDA:227,32,1,0
BRDA:229,33,0,0
BRDA:229,33,1,0
BRDA:240,34,0,0
BRDA:240,34,1,0
BRDA:242,35,0,0
BRDA:242,35,1,0
BRDA:251,36,0,0
BRDA:251,36,1,0
BRDA:253,37,0,0
BRDA:253,37,1,0
BRF:74
BRH:0
end_of_record
TN:
SF:src\utils\auth.js
FN:1,(anonymous_0)
FN:11,(anonymous_1)
FN:15,(anonymous_2)
FN:19,(anonymous_3)
FN:23,(anonymous_4)
FN:28,(anonymous_5)
FNF:6
FNH:0
FNDA:0,(anonymous_0)
FNDA:0,(anonymous_1)
FNDA:0,(anonymous_2)
FNDA:0,(anonymous_3)
FNDA:0,(anonymous_4)
FNDA:0,(anonymous_5)
DA:1,0
DA:2,0
DA:3,0
DA:4,0
DA:6,0
DA:7,0
DA:11,0
DA:12,0
DA:15,0
DA:16,0
DA:19,0
DA:20,0
DA:23,0
DA:24,0
DA:25,0
DA:28,0
DA:29,0
DA:30,0
LF:18
LH:0
BRDA:4,0,0,0
BRDA:4,0,1,0
BRDA:25,1,0,0
BRDA:25,1,1,0
BRDA:30,2,0,0
BRDA:30,2,1,0
BRDA:30,3,0,0
BRDA:30,3,1,0
BRF:8
BRH:0
end_of_record
TN:
SF:src\utils\helpers.js
FN:1,(anonymous_0)
FN:6,(anonymous_1)
FN:11,(anonymous_2)
FN:17,(anonymous_3)
FN:33,(anonymous_4)
FN:35,(anonymous_5)
FN:37,(anonymous_6)
FN:41,(anonymous_7)
FN:46,(anonymous_8)
FNF:9
FNH:0
FNDA:0,(anonymous_0)
FNDA:0,(anonymous_1)
FNDA:0,(anonymous_2)
FNDA:0,(anonymous_3)
FNDA:0,(anonymous_4)
FNDA:0,(anonymous_5)
FNDA:0,(anonymous_6)
FNDA:0,(anonymous_7)
FNDA:0,(anonymous_8)
DA:1,0
DA:2,0
DA:3,0
DA:6,0
DA:7,0
DA:8,0
DA:11,0
DA:12,0
DA:13,0
DA:14,0
DA:17,0
DA:18,0
DA:30,0
DA:33,0
DA:35,0
DA:36,0
DA:37,0
DA:41,0
DA:42,0
DA:43,0
DA:46,0
DA:47,0
DA:48,0
DA:51,0
DA:52,0
DA:55,0
DA:56,0
DA:60,0
DA:61,0
DA:64,0
LF:30
LH:0
BRDA:2,0,0,0
BRDA:2,0,1,0
BRDA:3,1,0,0
BRDA:3,1,1,0
BRDA:7,2,0,0
BRDA:7,2,1,0
BRDA:11,3,0,0
BRDA:12,4,0,0
BRDA:12,4,1,0
BRDA:13,5,0,0
BRDA:13,5,1,0
BRDA:30,6,0,0
BRDA:30,6,1,0
BRDA:33,7,0,0
BRDA:42,8,0,0
BRDA:42,8,1,0
BRDA:47,9,0,0
BRDA:47,9,1,0
BRDA:47,10,0,0
BRDA:47,10,1,0
BRDA:51,11,0,0
BRDA:51,11,1,0
BRDA:55,12,0,0
BRDA:55,12,1,0
BRDA:60,13,0,0
BRDA:60,13,1,0
BRF:26
BRH:0
end_of_record
